14-10-2025 09:20:27 | TRACE | Task: 001_InicializarVariables | Desc: Se inicializan las rutas del robot.
14-10-2025 09:20:27 | TRACE | Task: 001_InicializarVariables | Desc: Se leen los datos parametrizados en el archivo: D:/Laburo/VORTEX/PROYECTOS/01_RecupercionSoportes/Process/config/Config.xlsx y se inicializan las variables del proceso.
14-10-2025 09:20:28 | INFO | Task: 001_InicializarVariables | Desc: Resolución inicial: (1920, 1080)
14-10-2025 09:20:28 | TRACE | Task: 001_InicializarVariables | Desc: Se deja lista la plantilla del reporte.
14-10-2025 09:20:32 | TRACE | Task: 016_ObtenerInformacionArchivoBase | Desc: Se va a descargar el archivo base de la ruta //10.238.99.5/temporales/ROCKETBOT/Copia de Inusmo busqueda masiva - UT Ticenergi.xlsx
14-10-2025 09:20:55 | TRACE | Task: 016_ObtenerInformacionArchivoBase | Desc: Se va a descargar exitosamente el archivo base en D:/Laburo/VORTEX/PROYECTOS/01_RecupercionSoportes/Input/Inusmo busqueda masiva - UT Ticenergi.xlsx
14-10-2025 09:20:55 | TRACE | Task: 016_ObtenerInformacionArchivoBase | Desc: Comienza el proceso de extraccion de informacion del archivo base.
14-10-2025 09:21:08 | INFO | Task: DeaultTask | Desc: Archivo leido exitosamente: D:/Laburo/VORTEX/PROYECTOS/01_RecupercionSoportes/Input/Inusmo busqueda masiva - UT Ticenergi.xlsx
14-10-2025 09:21:08 | INFO | Task: DeaultTask | Desc: Dimensiones del DataFrame: (31048, 6)
14-10-2025 09:21:08 | INFO | Task: DeaultTask | Desc: Columnas extraidas: ['empresa', 'tipo_docto', 'nro_docto', 'detalle', 'documento_cruce', 'estado_procesamiento']
14-10-2025 09:21:08 | INFO | Task: DeaultTask | Desc: RESUMEN DE DATOS:
14-10-2025 09:21:08 | INFO | Task: DeaultTask | Desc:    Total de filas: 31,048
14-10-2025 09:21:08 | INFO | Task: DeaultTask | Desc:    Total de columnas: 6
14-10-2025 09:21:08 | INFO | Task: DeaultTask | Desc: VALORES NULOS POR COLUMNA:
14-10-2025 09:21:08 | INFO | Task: DeaultTask | Desc:    empresa: 0 (0.0%)
14-10-2025 09:21:08 | INFO | Task: DeaultTask | Desc:    tipo_docto: 0 (0.0%)
14-10-2025 09:21:08 | INFO | Task: DeaultTask | Desc:    nro_docto: 0 (0.0%)
14-10-2025 09:21:08 | INFO | Task: DeaultTask | Desc:    detalle: 0 (0.0%)
14-10-2025 09:21:08 | INFO | Task: DeaultTask | Desc:    documento_cruce: 0 (0.0%)
14-10-2025 09:21:08 | INFO | Task: DeaultTask | Desc:    estado_procesamiento: 0 (0.0%)
14-10-2025 09:21:08 | INFO | Task: DeaultTask | Desc: ESTADISTICAS POR COLUMNA:
14-10-2025 09:21:08 | INFO | Task: DeaultTask | Desc:    empresa: 2 valores unicos
14-10-2025 09:21:08 | INFO | Task: DeaultTask | Desc:    tipo_docto: 48 valores unicos
14-10-2025 09:21:08 | INFO | Task: DeaultTask | Desc:    nro_docto: 4,726 valores unicos
14-10-2025 09:21:08 | INFO | Task: DeaultTask | Desc:    detalle: 5,091 valores unicos
14-10-2025 09:21:08 | INFO | Task: DeaultTask | Desc:    documento_cruce: 469 valores unicos
14-10-2025 09:21:08 | INFO | Task: DeaultTask | Desc:    estado_procesamiento: 1 valores unicos
14-10-2025 09:21:08 | INFO | Task: DeaultTask | Desc: PRIMERAS 5 FILAS:
     empresa tipo_docto nro_docto                                detalle documento_cruce estado_procesamiento
0  Ticenergi         NQ        26               COMPROBANTE DE CAUSACION                            Pendiente
1  Ticenergi         NQ        27               COMPROBANTE DE CAUSACION                            Pendiente
2  Ticenergi         NI       129  ECANOLA TRASLADO AL COSTO NOMINA 2021                            Pendiente
3  Ticenergi         NQ        28               COMPROBANTE DE CAUSACION                            Pendiente
4  Ticenergi         LP        42               COMPROBANTE DE CAUSACION                            Pendiente
14-10-2025 09:21:08 | TRACE | Task: 016_ObtenerInformacionArchivoBase | Desc: Extracción exitosa.
