03-11-2025 10:00:25 | TRACE | Task: 001_InicializarVariables | Desc: Se inicializan las rutas del robot.
03-11-2025 10:00:25 | TRACE | Task: 001_InicializarVariables | Desc: Se leen los datos parametrizados en el archivo: C:/Users/administrator.ENERGIZANDO/Documents/01_RecuperacionSoportes/Process/config/Config.xlsx y se inicializan las variables del proceso.
03-11-2025 10:00:25 | TRACE | Task: 001_InicializarVariables | Desc: Se obtiene las credencial CredencialesWorkManager.
03-11-2025 10:00:25 | TRACE | Task: 001_InicializarVariables | Desc: Se obtiene las credencial CredencialesSiesa.
03-11-2025 10:00:25 | TRACE | Task: 001_InicializarVariables | Desc: Se obtiene las credencial O365.
03-11-2025 10:00:25 | TRACE | Task: 001_InicializarVariables | Desc: Se deja lista la plantilla del reporte.
03-11-2025 10:00:28 | TRACE | Task: 002_NotificacionCorreo | Desc: Conexi√≥n exitosa con el servidor de correos. Tipo de notificaci√≥n: INICIO
03-11-2025 10:00:28 | INFO | Task: 002_NotificacionCorreo | Desc: Asunto: [INICIO] | Inicio de ejecuci√≥n | Recupercion de Soportes | 03112025-100025 - Destinatarios: contabilidad.finanzas@energizan,julian.lopez@energizando.com,yhonatan.ospina@energizando.com
03-11-2025 10:00:30 | TRACE | Task: 002_NotificacionCorreo | Desc: Notificaci√≥n enviada.
03-11-2025 10:00:30 | TRACE | Task: 016_ObtenerInformacionArchivoBase | Desc: Se va a descargar el archivo base de la ruta //10.238.99.5/temporales/ROCKETBOT/Inusmo busqueda masiva - UT Ticenergi.xlsx
03-11-2025 10:00:31 | TRACE | Task: 016_ObtenerInformacionArchivoBase | Desc: Se va a descargar exitosamente el archivo base en C:/Users/administrator.ENERGIZANDO/Documents/01_RecuperacionSoportes/Input/Inusmo busqueda masiva - UT Ticenergi.xlsx
03-11-2025 10:00:31 | TRACE | Task: 016_ObtenerInformacionArchivoBase | Desc: Comienza el proceso de extraccion de informacion del archivo base.
03-11-2025 10:00:49 | INFO | Task: 016_ObtenerInformacionArchivoBase | Desc: Filtrado por documento_cruce: de 31,048 a 3,579 filas.
03-11-2025 10:00:49 | INFO | Task: 016_ObtenerInformacionArchivoBase | Desc: Archivo leido exitosamente: C:/Users/administrator.ENERGIZANDO/Documents/01_RecuperacionSoportes/Input/Inusmo busqueda masiva - UT Ticenergi.xlsx
03-11-2025 10:00:49 | INFO | Task: 016_ObtenerInformacionArchivoBase | Desc: Dimensiones del DataFrame: (3579, 7)
03-11-2025 10:00:49 | INFO | Task: 016_ObtenerInformacionArchivoBase | Desc: Columnas extraidas: ['empresa', 'tipo_docto', 'nro_docto', 'detalle', 'documento_cruce', 'fecha_procesamiento', 'estado_procesamiento']
03-11-2025 10:00:49 | INFO | Task: 016_ObtenerInformacionArchivoBase | Desc: RESUMEN DE DATOS:
03-11-2025 10:00:49 | INFO | Task: 016_ObtenerInformacionArchivoBase | Desc:    Total de filas: 3,579
03-11-2025 10:00:49 | INFO | Task: 016_ObtenerInformacionArchivoBase | Desc:    Total de columnas: 7
03-11-2025 10:00:49 | INFO | Task: 016_ObtenerInformacionArchivoBase | Desc: VALORES NULOS POR COLUMNA:
03-11-2025 10:00:49 | INFO | Task: 016_ObtenerInformacionArchivoBase | Desc:    empresa: 0 (0.0%)
03-11-2025 10:00:49 | INFO | Task: 016_ObtenerInformacionArchivoBase | Desc:    tipo_docto: 0 (0.0%)
03-11-2025 10:00:49 | INFO | Task: 016_ObtenerInformacionArchivoBase | Desc:    nro_docto: 0 (0.0%)
03-11-2025 10:00:49 | INFO | Task: 016_ObtenerInformacionArchivoBase | Desc:    detalle: 0 (0.0%)
03-11-2025 10:00:49 | INFO | Task: 016_ObtenerInformacionArchivoBase | Desc:    documento_cruce: 0 (0.0%)
03-11-2025 10:00:49 | INFO | Task: 016_ObtenerInformacionArchivoBase | Desc:    fecha_procesamiento: 0 (0.0%)
03-11-2025 10:00:49 | INFO | Task: 016_ObtenerInformacionArchivoBase | Desc:    estado_procesamiento: 0 (0.0%)
03-11-2025 10:00:49 | INFO | Task: 016_ObtenerInformacionArchivoBase | Desc: ESTADISTICAS POR COLUMNA:
03-11-2025 10:00:49 | INFO | Task: 016_ObtenerInformacionArchivoBase | Desc:    empresa: 1 valores unicos
03-11-2025 10:00:49 | INFO | Task: 016_ObtenerInformacionArchivoBase | Desc:    tipo_docto: 10 valores unicos
03-11-2025 10:00:49 | INFO | Task: 016_ObtenerInformacionArchivoBase | Desc:    nro_docto: 1,925 valores unicos
03-11-2025 10:00:49 | INFO | Task: 016_ObtenerInformacionArchivoBase | Desc:    detalle: 1,504 valores unicos
03-11-2025 10:00:49 | INFO | Task: 016_ObtenerInformacionArchivoBase | Desc:    documento_cruce: 468 valores unicos
03-11-2025 10:00:49 | INFO | Task: 016_ObtenerInformacionArchivoBase | Desc:    fecha_procesamiento: 1 valores unicos
03-11-2025 10:00:49 | INFO | Task: 016_ObtenerInformacionArchivoBase | Desc:    estado_procesamiento: 1 valores unicos
03-11-2025 10:00:49 | INFO | Task: 016_ObtenerInformacionArchivoBase | Desc: PRIMERAS 5 FILAS:
     empresa tipo_docto nro_docto                                   detalle documento_cruce fecha_procesamiento estado_procesamiento
0  Ticenergi         DS       265  ANAC CC110178 SERV PROF GESTOR PROMOCION          PE-163                                Pendiente
1  Ticenergi         DS       407  ANAC CC110178 SERV PROF GESTOR PROMOCION          PE-195                                Pendiente
2  Ticenergi         DS       266  ANAC CC110178 SERV PROF GESTOR PROMOCION          PE-163                                Pendiente
3  Ticenergi         DS       126  ANAC CC110178 SERV PROF GESTOR PROMOCION          PE-162                                Pendiente
4  Ticenergi         DS       333  ANAC CC110178 SERV PROF GESTOR PROMOCION          PE-203                                Pendiente
03-11-2025 10:00:49 | TRACE | Task: 016_ObtenerInformacionArchivoBase | Desc: Extracci√≥n exitosa.
03-11-2025 10:00:49 | TRACE | Task: 017_ObtenerInformacionAProcesar | Desc: Se van a obtener los datos a trabajar del archivo de seguimiento.
03-11-2025 10:00:50 | INFO | Task: 017_ObtenerInformacionAProcesar | Desc: Encabezados encontrados: ['Empresa', 'Tipo Docto', 'Nro Docto', 'Detalle', 'Documento Cruce', 'Nro de Proceso', 'Doc Alt', 'Estado Procesamiento', 'Fecha Procesamiento', 'Observaciones']
03-11-2025 10:00:50 | INFO | Task: 017_ObtenerInformacionAProcesar | Desc: Archivo le√≠do exitosamente: 2750 filas de datos
03-11-2025 10:00:50 | INFO | Task: 017_ObtenerInformacionAProcesar | Desc: Archivo existente cargado: 2750 filas
03-11-2025 10:00:50 | INFO | Task: 017_ObtenerInformacionAProcesar | Desc: Columnas: ['Empresa', 'Tipo Docto', 'Nro Docto', 'Detalle', 'Documento Cruce', 'Nro de Proceso', 'Doc Alt', 'Estado Procesamiento', 'Fecha Procesamiento', 'Observaciones']
03-11-2025 10:00:50 | INFO | Task: 017_ObtenerInformacionAProcesar | Desc: Datos de entrada: 3579 filas
03-11-2025 10:00:50 | INFO | Task: 017_ObtenerInformacionAProcesar | Desc: Filas nuevas a agregar: 0
03-11-2025 10:00:50 | INFO | Task: 017_ObtenerInformacionAProcesar | Desc: No hay filas nuevas por agregar.
03-11-2025 10:00:50 | INFO | Task: 017_ObtenerInformacionAProcesar | Desc: Archivo actualizado exitosamente: C:/Users/administrator.ENERGIZANDO/Documents/01_RecuperacionSoportes/Input/Archivo de Seguimiento.xlsx
03-11-2025 10:00:50 | INFO | Task: 017_ObtenerInformacionAProcesar | Desc: Total de filas en el archivo: 2750
03-11-2025 10:00:50 | INFO | Task: 017_ObtenerInformacionAProcesar | Desc: Eliminando duplicados basados en 'Tipo Docto', 'Nro Docto', 'Documento Cruce'...
03-11-2025 10:00:50 | INFO | Task: 017_ObtenerInformacionAProcesar | Desc: Indices columnas - Tipo Docto: 1, Nro Docto: 2, Documento Cruce: 4
03-11-2025 10:00:50 | INFO | Task: 017_ObtenerInformacionAProcesar | Desc: Total de filas duplicadas eliminadas: 0
03-11-2025 10:00:50 | INFO | Task: 017_ObtenerInformacionAProcesar | Desc: Total de filas sin duplicados: 2750
03-11-2025 10:00:50 | INFO | Task: 017_ObtenerInformacionAProcesar | Desc: Preparando datos finales para SetVar. Total de filas: 2750
03-11-2025 10:00:50 | INFO | Task: 017_ObtenerInformacionAProcesar | Desc: N√∫mero de registros preparados para SetVar: 2750
03-11-2025 10:00:50 | TRACE | Task: 017_ObtenerInformacionAProcesar | Desc: Extraccion exitosa.
03-11-2025 10:00:50 | TRACE | Task: 017_ObtenerInformacionAProcesar | Desc: Filtro pendientes.
03-11-2025 10:00:50 | INFO | Task: 017_ObtenerInformacionAProcesar | Desc: Total de registros leÌdos de gblItemsAProcesar: 2750
03-11-2025 10:00:50 | INFO | Task: 017_ObtenerInformacionAProcesar | Desc: Tamanio de lote a tomar: 200
03-11-2025 10:00:50 | INFO | Task: 017_ObtenerInformacionAProcesar | Desc: Total de registros con 'Pendiente' en estado_procesamiento: 200
03-11-2025 10:00:50 | INFO | Task: 017_ObtenerInformacionAProcesar | Desc: Registros despuÈs de eliminar duplicados por clave (Tipo Docto, Nro Docto, Documento Cruce): 200
03-11-2025 10:00:50 | INFO | Task: 017_ObtenerInformacionAProcesar | Desc: Variable 'gblItemsAProcesar' actualizada con registros pendientes y sin duplicados.
03-11-2025 10:00:50 | INFO | Task: 018_ProcesarRegistro | Desc: Comienza el procesamiento del registro: {'Empresa': 'Ticenergi', 'Tipo Docto': 'CA', 'Nro Docto': 453, 'Detalle': 'ANAC FACT30623429 SERV ENERGIA 30/04 A   21/05 LA UNION SOL LUISA', 'Documento Cruce': 'PE-201', 'Nro de Proceso': '12949', 'Doc Alt': None, 'Estado Procesamiento': 'Pendiente', 'Fecha Procesamiento': '03-11-2025 09:00:52', 'Observaciones': 'Ocurrio un error al abrir Workmanager. Revisar archivo de logs.'}
03-11-2025 10:00:50 | TRACE | Task: 018_ProcesarRegistro | Desc: Se procede a clasificar curso de accion a tomar.
03-11-2025 10:00:50 | TRACE | Task: 018_ProcesarRegistro | Desc: Flujo a trabajar: 1
03-11-2025 10:01:08 | ERROR | Task: 007_AbrirWorkManager | Desc: Ocurrio un error al abrir WorkManager. | Error: Message: timeout: Timed out receiving message from renderer: 2.771  (Session info: chrome=142.0.7444.60)Stacktrace:Symbols not available. Dumping unresolved backtrace:0x14d58c30x14d59040x12ee76d0x12decca0x12de9fd0x12dc86e0x12dd4370x12ea1be0x12fc0b50x1301c060x12ddab60x12fbe470x137f19d0x135c7660x132dac00x132ede40x17579740x1752bea0x14fe5b40x14edd280x14f4d8d0x14dded80x14de09c0x14c7d1a0x778f62c40x77a209690x77a20934
03-11-2025 10:01:08 | WARNING | Task: 019_ProcesarFlujo1 | Desc: Ocurrio un error al abrir Workmanager.
03-11-2025 10:01:08 | WARNING | Task: 018_ProcesarRegistro | Desc: Algo fallo al procesar el flujo: 1.
03-11-2025 10:01:08 | INFO | Task: 021_CerrarWorkmanager | Desc: Se intenta cerrar Workmanager con Close Browser.
03-11-2025 10:01:12 | INFO | Task: 021_CerrarWorkmanager | Desc: Se cierra WorkManager con √©xito.
03-11-2025 10:01:12 | INFO | Task: 020_ActualizarArchivoDeSeguimiento | Desc: Comienza la actualizacion del archivo de seguimiento.
03-11-2025 10:01:13 | INFO | Task: 020_ActualizarArchivoDeSeguimiento | Desc: Archivo cargado: 2750 filas de datos
03-11-2025 10:01:13 | INFO | Task: 020_ActualizarArchivoDeSeguimiento | Desc: Columnas disponibles: ['Empresa', 'Tipo Docto', 'Nro Docto', 'Detalle', 'Documento Cruce', 'Nro de Proceso', 'Doc Alt', 'Estado Procesamiento', 'Fecha Procesamiento', 'Observaciones']
03-11-2025 10:01:13 | INFO | Task: 020_ActualizarArchivoDeSeguimiento | Desc: Filas encontradas: [529]
03-11-2025 10:01:13 | INFO | Task: 020_ActualizarArchivoDeSeguimiento | Desc: Se encontraron 1 filas con la clave compuesta: CA_453_PE-201
03-11-2025 10:01:13 | INFO | Task: 020_ActualizarArchivoDeSeguimiento | Desc: Clave compuesta: Tipo Docto + Nro Docto + Documento Cruce
03-11-2025 10:01:13 | INFO | Task: 020_ActualizarArchivoDeSeguimiento | Desc: Indices de filas encontradas: [529]
03-11-2025 10:01:13 | INFO | Task: 020_ActualizarArchivoDeSeguimiento | Desc: Datos actuales de la fila 1 (indice 529):
03-11-2025 10:01:13 | INFO | Task: 020_ActualizarArchivoDeSeguimiento | Desc:   Empresa: Ticenergi
03-11-2025 10:01:13 | INFO | Task: 020_ActualizarArchivoDeSeguimiento | Desc:   Tipo Docto: CA
03-11-2025 10:01:13 | INFO | Task: 020_ActualizarArchivoDeSeguimiento | Desc:   Nro Docto: 453
03-11-2025 10:01:13 | INFO | Task: 020_ActualizarArchivoDeSeguimiento | Desc:   Detalle: ANAC FACT30623429 SERV ENERGIA 30/04 A   21/05 LA UNION SOL LUISA
03-11-2025 10:01:13 | INFO | Task: 020_ActualizarArchivoDeSeguimiento | Desc:   Documento Cruce: PE-201
03-11-2025 10:01:13 | INFO | Task: 020_ActualizarArchivoDeSeguimiento | Desc:   Nro de Proceso: 12949
03-11-2025 10:01:13 | INFO | Task: 020_ActualizarArchivoDeSeguimiento | Desc:   Doc Alt: None
03-11-2025 10:01:13 | INFO | Task: 020_ActualizarArchivoDeSeguimiento | Desc:   Estado Procesamiento: Pendiente
03-11-2025 10:01:13 | INFO | Task: 020_ActualizarArchivoDeSeguimiento | Desc:   Fecha Procesamiento: 03-11-2025 09:00:52
03-11-2025 10:01:13 | INFO | Task: 020_ActualizarArchivoDeSeguimiento | Desc:   Observaciones: Ocurrio un error al abrir Workmanager. Revisar archivo de logs.
03-11-2025 10:01:13 | INFO | Task: 020_ActualizarArchivoDeSeguimiento | Desc: Actualizando fila 529...
03-11-2025 10:01:13 | INFO | Task: 020_ActualizarArchivoDeSeguimiento | Desc:   Actualizado Empresa: Ticenergi
03-11-2025 10:01:13 | INFO | Task: 020_ActualizarArchivoDeSeguimiento | Desc:   Actualizado Tipo Docto: CA
03-11-2025 10:01:13 | INFO | Task: 020_ActualizarArchivoDeSeguimiento | Desc:   Actualizado Nro Docto: 453
03-11-2025 10:01:13 | INFO | Task: 020_ActualizarArchivoDeSeguimiento | Desc:   Actualizado Detalle: ANAC FACT30623429 SERV ENERGIA 30/04 A   21/05 LA UNION SOL LUISA
03-11-2025 10:01:13 | INFO | Task: 020_ActualizarArchivoDeSeguimiento | Desc:   Actualizado Documento Cruce: PE-201
03-11-2025 10:01:13 | INFO | Task: 020_ActualizarArchivoDeSeguimiento | Desc:   Actualizado Nro de Proceso: 12949
03-11-2025 10:01:13 | INFO | Task: 020_ActualizarArchivoDeSeguimiento | Desc:   Actualizado Doc Alt: None
03-11-2025 10:01:13 | INFO | Task: 020_ActualizarArchivoDeSeguimiento | Desc:   Actualizado Estado Procesamiento: Pendiente
03-11-2025 10:01:13 | INFO | Task: 020_ActualizarArchivoDeSeguimiento | Desc:   Actualizado Fecha Procesamiento: 03-11-2025 09:00:52
03-11-2025 10:01:13 | INFO | Task: 020_ActualizarArchivoDeSeguimiento | Desc:   Actualizado Observaciones: Ocurrio un error al abrir Workmanager. Revisar archivo de logs.
03-11-2025 10:01:13 | INFO | Task: 020_ActualizarArchivoDeSeguimiento | Desc: Fila 529 actualizada exitosamente
03-11-2025 10:01:14 | INFO | Task: 020_ActualizarArchivoDeSeguimiento | Desc: Archivo actualizado exitosamente: C:/Users/administrator.ENERGIZANDO/Documents/01_RecuperacionSoportes/Input/Archivo de Seguimiento.xlsx
03-11-2025 10:01:14 | INFO | Task: 020_ActualizarArchivoDeSeguimiento | Desc: Fecha de procesamiento: 03-11-2025 10:01:13
03-11-2025 10:01:14 | INFO | Task: 020_ActualizarArchivoDeSeguimiento | Desc: Total de filas actualizadas: 1
03-11-2025 10:01:14 | INFO | Task: 020_ActualizarArchivoDeSeguimiento | Desc: Total de filas en el archivo: 2751
03-11-2025 10:01:14 | INFO | Task: 020_ActualizarArchivoDeSeguimiento | Desc: Actualizacion completada exitosamente
03-11-2025 10:01:14 | INFO | Task: 020_ActualizarArchivoDeSeguimiento | Desc: Actualizaci√≥n de archivo de seguimiento exitosa.
03-11-2025 10:01:14 | INFO | Task: 018_ProcesarRegistro | Desc: Comienza el procesamiento del registro: {'Empresa': 'Ticenergi', 'Tipo Docto': 'CA', 'Nro Docto': 454, 'Detalle': 'ANAC FACT30623422 SERV ENERGIA 30/04 A   31/05 LEIVA SOL LUISA', 'Documento Cruce': 'PE-201', 'Nro de Proceso': '12949', 'Doc Alt': None, 'Estado Procesamiento': 'Pendiente', 'Fecha Procesamiento': '03-11-2025 09:01:04', 'Observaciones': 'Ocurrio un error al abrir Workmanager. Revisar archivo de logs.'}
03-11-2025 10:01:14 | TRACE | Task: 018_ProcesarRegistro | Desc: Se procede a clasificar curso de accion a tomar.
03-11-2025 10:01:14 | TRACE | Task: 018_ProcesarRegistro | Desc: Flujo a trabajar: 1
03-11-2025 10:01:20 | TRACE | Task: 007_AbrirWorkManager | Desc: Se abre el navegador.
03-11-2025 10:01:21 | TRACE | Task: 007_AbrirWorkManager | Desc: Se va a maximizar la pagina.
03-11-2025 10:01:21 | INFO | Task: 020_ActualizarArchivoDeSeguimiento | Desc: Buscando ventana con tÌtulo: Iniciar sesiÛn - Workmanager
03-11-2025 10:01:21 | INFO | Task: 020_ActualizarArchivoDeSeguimiento | Desc: Ventana encontrada: ''
03-11-2025 10:01:21 | INFO | Task: 020_ActualizarArchivoDeSeguimiento | Desc: Ventana encontrada: 'Restore pages?'
03-11-2025 10:01:21 | INFO | Task: 020_ActualizarArchivoDeSeguimiento | Desc: Ventana encontrada: 'Iniciar sesiÛn - WorkManager E.D.Æ - Google Chrome'
03-11-2025 10:01:21 | INFO | Task: 020_ActualizarArchivoDeSeguimiento | Desc: Ventana con el tÌtulo 'Iniciar sesiÛn - Workmanager' encontrada: 'Iniciar sesiÛn - WorkManager E.D.Æ - Google Chrome'
03-11-2025 10:01:21 | INFO | Task: 020_ActualizarArchivoDeSeguimiento | Desc: Ventana 'Iniciar sesiÛn - WorkManager E.D.Æ - Google Chrome' traÌda al frente y maximizada.
03-11-2025 10:01:21 | TRACE | Task: 007_AbrirWorkManager | Desc: El navegador se cargo correctamente.
03-11-2025 10:01:21 | TRACE | Task: 009_IniciarSesionWorkManager | Desc: Comienza el inicio de sesi√≥n de WorkManager.
03-11-2025 10:01:34 | ERROR | Task: 009_IniciarSesionWorkManager | Desc: Ocurri√≥ un error al iniciar sesi√≥n en WorkManager. | Error: The item is not available to be clicked
03-11-2025 10:01:34 | WARNING | Task: 019_ProcesarFlujo1 | Desc: Ocurrio un error al iniciar sesion Workmanager.
03-11-2025 10:01:34 | TRACE | Task: 002_NotificacionCorreo | Desc: Conexi√≥n exitosa con el servidor de correos. Tipo de notificaci√≥n: FALLO LOGIN WORKMANAGER
03-11-2025 10:01:34 | INFO | Task: 002_NotificacionCorreo | Desc: Asunto: [ERROR] | Fallo al realizar Login en workmanager | Recupercion de Soportes | 03112025-100025 - Destinatarios: contabilidad.finanzas@energizan,julian.lopez@energizando.com,yhonatan.ospina@energizando.com
03-11-2025 10:01:35 | TRACE | Task: 002_NotificacionCorreo | Desc: Notificaci√≥n enviada.
03-11-2025 10:01:35 | TRACE | Task: 002_NotificacionCorreo | Desc: Conexi√≥n exitosa con el servidor de correos. Tipo de notificaci√≥n: FIN
03-11-2025 10:01:35 | INFO | Task: 002_NotificacionCorreo | Desc: Asunto: [FIN] | Finaliza ejecuci√≥n | Recupercion de Soportes | 03112025-100025 - Destinatarios: contabilidad.finanzas@energizan,julian.lopez@energizando.com,yhonatan.ospina@energizando.com
03-11-2025 10:01:36 | TRACE | Task: 002_NotificacionCorreo | Desc: Notificaci√≥n enviada.
