04-11-2025 16:51:28 | TRACE | Task: 001_InicializarVariables | Desc: Se inicializan las rutas del robot.
04-11-2025 16:51:28 | TRACE | Task: 001_InicializarVariables | Desc: Se leen los datos parametrizados en el archivo: C:/Users/administrator.ENERGIZANDO/Documents/01_RecuperacionSoportes/Process/config/Config.xlsx y se inicializan las variables del proceso.
04-11-2025 16:51:28 | TRACE | Task: 001_InicializarVariables | Desc: Se obtiene las credencial CredencialesWorkManager.
04-11-2025 16:51:28 | TRACE | Task: 001_InicializarVariables | Desc: Se obtiene las credencial CredencialesSiesa.
04-11-2025 16:51:28 | TRACE | Task: 001_InicializarVariables | Desc: Se obtiene las credencial O365.
04-11-2025 16:51:28 | TRACE | Task: 001_InicializarVariables | Desc: Se deja lista la plantilla del reporte.
05-11-2025 10:26:13 | TRACE | Task: 016_ObtenerInformacionArchivoBase | Desc: Se va a descargar el archivo base de la ruta //10.238.99.5/temporales/ROCKETBOT/Inusmo busqueda masiva - UT Ticenergi.xlsx
05-11-2025 10:26:15 | TRACE | Task: 016_ObtenerInformacionArchivoBase | Desc: Se va a descargar exitosamente el archivo base en C:/Users/administrator.ENERGIZANDO/Documents/01_RecuperacionSoportes/Input/Inusmo busqueda masiva - UT Ticenergi.xlsx
05-11-2025 10:26:15 | TRACE | Task: 016_ObtenerInformacionArchivoBase | Desc: Comienza el proceso de extraccion de informacion del archivo base.
05-11-2025 10:26:33 | INFO | Task: 016_ObtenerInformacionArchivoBase | Desc: Filtrado por documento_cruce: de 31,048 a 3,579 filas.
05-11-2025 10:26:33 | INFO | Task: 016_ObtenerInformacionArchivoBase | Desc: Archivo leido exitosamente: C:/Users/administrator.ENERGIZANDO/Documents/01_RecuperacionSoportes/Input/Inusmo busqueda masiva - UT Ticenergi.xlsx
05-11-2025 10:26:33 | INFO | Task: 016_ObtenerInformacionArchivoBase | Desc: Dimensiones del DataFrame: (3579, 7)
05-11-2025 10:26:33 | INFO | Task: 016_ObtenerInformacionArchivoBase | Desc: Columnas extraidas: ['empresa', 'tipo_docto', 'nro_docto', 'detalle', 'documento_cruce', 'fecha_procesamiento', 'estado_procesamiento']
05-11-2025 10:26:33 | INFO | Task: 016_ObtenerInformacionArchivoBase | Desc: RESUMEN DE DATOS:
05-11-2025 10:26:33 | INFO | Task: 016_ObtenerInformacionArchivoBase | Desc:    Total de filas: 3,579
05-11-2025 10:26:33 | INFO | Task: 016_ObtenerInformacionArchivoBase | Desc:    Total de columnas: 7
05-11-2025 10:26:33 | INFO | Task: 016_ObtenerInformacionArchivoBase | Desc: VALORES NULOS POR COLUMNA:
05-11-2025 10:26:33 | INFO | Task: 016_ObtenerInformacionArchivoBase | Desc:    empresa: 0 (0.0%)
05-11-2025 10:26:33 | INFO | Task: 016_ObtenerInformacionArchivoBase | Desc:    tipo_docto: 0 (0.0%)
05-11-2025 10:26:33 | INFO | Task: 016_ObtenerInformacionArchivoBase | Desc:    nro_docto: 0 (0.0%)
05-11-2025 10:26:33 | INFO | Task: 016_ObtenerInformacionArchivoBase | Desc:    detalle: 0 (0.0%)
05-11-2025 10:26:33 | INFO | Task: 016_ObtenerInformacionArchivoBase | Desc:    documento_cruce: 0 (0.0%)
05-11-2025 10:26:33 | INFO | Task: 016_ObtenerInformacionArchivoBase | Desc:    fecha_procesamiento: 0 (0.0%)
05-11-2025 10:26:33 | INFO | Task: 016_ObtenerInformacionArchivoBase | Desc:    estado_procesamiento: 0 (0.0%)
05-11-2025 10:26:33 | INFO | Task: 016_ObtenerInformacionArchivoBase | Desc: ESTADISTICAS POR COLUMNA:
05-11-2025 10:26:33 | INFO | Task: 016_ObtenerInformacionArchivoBase | Desc:    empresa: 1 valores unicos
05-11-2025 10:26:33 | INFO | Task: 016_ObtenerInformacionArchivoBase | Desc:    tipo_docto: 10 valores unicos
05-11-2025 10:26:33 | INFO | Task: 016_ObtenerInformacionArchivoBase | Desc:    nro_docto: 1,925 valores unicos
05-11-2025 10:26:33 | INFO | Task: 016_ObtenerInformacionArchivoBase | Desc:    detalle: 1,504 valores unicos
05-11-2025 10:26:33 | INFO | Task: 016_ObtenerInformacionArchivoBase | Desc:    documento_cruce: 468 valores unicos
05-11-2025 10:26:33 | INFO | Task: 016_ObtenerInformacionArchivoBase | Desc:    fecha_procesamiento: 1 valores unicos
05-11-2025 10:26:33 | INFO | Task: 016_ObtenerInformacionArchivoBase | Desc:    estado_procesamiento: 1 valores unicos
05-11-2025 10:26:33 | INFO | Task: 016_ObtenerInformacionArchivoBase | Desc: PRIMERAS 5 FILAS:
     empresa tipo_docto nro_docto                                   detalle documento_cruce fecha_procesamiento estado_procesamiento
0  Ticenergi         DS       265  ANAC CC110178 SERV PROF GESTOR PROMOCION          PE-163                                Pendiente
1  Ticenergi         DS       407  ANAC CC110178 SERV PROF GESTOR PROMOCION          PE-195                                Pendiente
2  Ticenergi         DS       266  ANAC CC110178 SERV PROF GESTOR PROMOCION          PE-163                                Pendiente
3  Ticenergi         DS       126  ANAC CC110178 SERV PROF GESTOR PROMOCION          PE-162                                Pendiente
4  Ticenergi         DS       333  ANAC CC110178 SERV PROF GESTOR PROMOCION          PE-203                                Pendiente
05-11-2025 10:26:33 | TRACE | Task: 016_ObtenerInformacionArchivoBase | Desc: Extracci贸n exitosa.
05-11-2025 10:26:44 | TRACE | Task: 017_ObtenerInformacionAProcesar | Desc: Se van a obtener los datos a trabajar del archivo de seguimiento.
05-11-2025 10:26:45 | INFO | Task: 017_ObtenerInformacionAProcesar | Desc: Encabezados encontrados: ['Empresa', 'Tipo Docto', 'Nro Docto', 'Detalle', 'Documento Cruce', 'Nro de Proceso', 'Doc Alt', 'Estado Procesamiento', 'Fecha Procesamiento', 'Observaciones']
05-11-2025 10:26:45 | INFO | Task: 017_ObtenerInformacionAProcesar | Desc: Archivo le铆do exitosamente: 2750 filas de datos
05-11-2025 10:26:45 | INFO | Task: 017_ObtenerInformacionAProcesar | Desc: Archivo existente cargado: 2750 filas
05-11-2025 10:26:45 | INFO | Task: 017_ObtenerInformacionAProcesar | Desc: Columnas: ['Empresa', 'Tipo Docto', 'Nro Docto', 'Detalle', 'Documento Cruce', 'Nro de Proceso', 'Doc Alt', 'Estado Procesamiento', 'Fecha Procesamiento', 'Observaciones']
05-11-2025 10:26:45 | INFO | Task: 017_ObtenerInformacionAProcesar | Desc: Datos de entrada: 3579 filas
05-11-2025 10:26:45 | INFO | Task: 017_ObtenerInformacionAProcesar | Desc: Filas nuevas a agregar: 0
05-11-2025 10:26:45 | INFO | Task: 017_ObtenerInformacionAProcesar | Desc: No hay filas nuevas por agregar.
05-11-2025 10:26:45 | INFO | Task: 017_ObtenerInformacionAProcesar | Desc: Archivo actualizado exitosamente: C:/Users/administrator.ENERGIZANDO/Documents/01_RecuperacionSoportes/Input/Archivo de Seguimiento.xlsx
05-11-2025 10:26:45 | INFO | Task: 017_ObtenerInformacionAProcesar | Desc: Total de filas en el archivo: 2750
05-11-2025 10:26:45 | INFO | Task: 017_ObtenerInformacionAProcesar | Desc: Eliminando duplicados basados en 'Tipo Docto', 'Nro Docto', 'Documento Cruce'...
05-11-2025 10:26:45 | INFO | Task: 017_ObtenerInformacionAProcesar | Desc: Indices columnas - Tipo Docto: 1, Nro Docto: 2, Documento Cruce: 4
05-11-2025 10:26:45 | INFO | Task: 017_ObtenerInformacionAProcesar | Desc: Total de filas duplicadas eliminadas: 0
05-11-2025 10:26:45 | INFO | Task: 017_ObtenerInformacionAProcesar | Desc: Total de filas sin duplicados: 2750
05-11-2025 10:26:45 | INFO | Task: 017_ObtenerInformacionAProcesar | Desc: Preparando datos finales para SetVar. Total de filas: 2750
05-11-2025 10:26:45 | INFO | Task: 017_ObtenerInformacionAProcesar | Desc: N煤mero de registros preparados para SetVar: 2750
05-11-2025 10:26:45 | TRACE | Task: 017_ObtenerInformacionAProcesar | Desc: Extraccion exitosa.
05-11-2025 10:26:45 | TRACE | Task: 017_ObtenerInformacionAProcesar | Desc: Filtro pendientes.
05-11-2025 10:26:46 | INFO | Task: 017_ObtenerInformacionAProcesar | Desc: Total de registros ledos de gblItemsAProcesar: 2750
05-11-2025 10:26:46 | INFO | Task: 017_ObtenerInformacionAProcesar | Desc: Tamanio de lote a tomar: 200
05-11-2025 10:26:46 | INFO | Task: 017_ObtenerInformacionAProcesar | Desc: Total de registros con 'Pendiente' en estado_procesamiento: 200
05-11-2025 10:26:46 | INFO | Task: 017_ObtenerInformacionAProcesar | Desc: Registros despus de eliminar duplicados por clave (Tipo Docto, Nro Docto, Documento Cruce): 200
05-11-2025 10:26:46 | INFO | Task: 017_ObtenerInformacionAProcesar | Desc: Variable 'gblItemsAProcesar' actualizada con registros pendientes y sin duplicados.
05-11-2025 10:31:27 | TRACE | Task: 016_ObtenerInformacionArchivoBase | Desc: Se va a descargar el archivo base de la ruta //10.238.99.5/temporales/ROCKETBOT/Inusmo busqueda masiva - UT Ticenergi.xlsx
05-11-2025 10:31:28 | TRACE | Task: 016_ObtenerInformacionArchivoBase | Desc: Se va a descargar exitosamente el archivo base en C:/Users/administrator.ENERGIZANDO/Documents/01_RecuperacionSoportes/Input/Inusmo busqueda masiva - UT Ticenergi.xlsx
05-11-2025 10:31:28 | TRACE | Task: 016_ObtenerInformacionArchivoBase | Desc: Comienza el proceso de extraccion de informacion del archivo base.
05-11-2025 10:31:46 | ERROR | Task: 016_ObtenerInformacionArchivoBase | Desc: Ocurri贸 un error al obtener informaci贸n de archivo de insumo. | Error: name 'tipos_excluir' is not defined
05-11-2025 10:34:16 | TRACE | Task: 016_ObtenerInformacionArchivoBase | Desc: Se va a descargar el archivo base de la ruta //10.238.99.5/temporales/ROCKETBOT/Inusmo busqueda masiva - UT Ticenergi.xlsx
05-11-2025 10:34:17 | TRACE | Task: 016_ObtenerInformacionArchivoBase | Desc: Se va a descargar exitosamente el archivo base en C:/Users/administrator.ENERGIZANDO/Documents/01_RecuperacionSoportes/Input/Inusmo busqueda masiva - UT Ticenergi.xlsx
05-11-2025 10:34:17 | TRACE | Task: 016_ObtenerInformacionArchivoBase | Desc: Comienza el proceso de extraccion de informacion del archivo base.
05-11-2025 10:34:35 | INFO | Task: 016_ObtenerInformacionArchivoBase | Desc: Filtrado por documento_cruce y tipo_docto: de 31,048 a 3,578 filas.
05-11-2025 10:34:35 | INFO | Task: 016_ObtenerInformacionArchivoBase | Desc: Archivo leido exitosamente: C:/Users/administrator.ENERGIZANDO/Documents/01_RecuperacionSoportes/Input/Inusmo busqueda masiva - UT Ticenergi.xlsx
05-11-2025 10:34:35 | INFO | Task: 016_ObtenerInformacionArchivoBase | Desc: Dimensiones del DataFrame: (3578, 7)
05-11-2025 10:34:35 | INFO | Task: 016_ObtenerInformacionArchivoBase | Desc: Columnas extraidas: ['empresa', 'tipo_docto', 'nro_docto', 'detalle', 'documento_cruce', 'fecha_procesamiento', 'estado_procesamiento']
05-11-2025 10:34:35 | INFO | Task: 016_ObtenerInformacionArchivoBase | Desc: RESUMEN DE DATOS:
05-11-2025 10:34:35 | INFO | Task: 016_ObtenerInformacionArchivoBase | Desc:    Total de filas: 3,578
05-11-2025 10:34:35 | INFO | Task: 016_ObtenerInformacionArchivoBase | Desc:    Total de columnas: 7
05-11-2025 10:34:35 | INFO | Task: 016_ObtenerInformacionArchivoBase | Desc: VALORES NULOS POR COLUMNA:
05-11-2025 10:34:35 | INFO | Task: 016_ObtenerInformacionArchivoBase | Desc:    empresa: 0 (0.0%)
05-11-2025 10:34:35 | INFO | Task: 016_ObtenerInformacionArchivoBase | Desc:    tipo_docto: 0 (0.0%)
05-11-2025 10:34:35 | INFO | Task: 016_ObtenerInformacionArchivoBase | Desc:    nro_docto: 0 (0.0%)
05-11-2025 10:34:35 | INFO | Task: 016_ObtenerInformacionArchivoBase | Desc:    detalle: 0 (0.0%)
05-11-2025 10:34:35 | INFO | Task: 016_ObtenerInformacionArchivoBase | Desc:    documento_cruce: 0 (0.0%)
05-11-2025 10:34:35 | INFO | Task: 016_ObtenerInformacionArchivoBase | Desc:    fecha_procesamiento: 0 (0.0%)
05-11-2025 10:34:35 | INFO | Task: 016_ObtenerInformacionArchivoBase | Desc:    estado_procesamiento: 0 (0.0%)
05-11-2025 10:34:35 | INFO | Task: 016_ObtenerInformacionArchivoBase | Desc: ESTADISTICAS POR COLUMNA:
05-11-2025 10:34:35 | INFO | Task: 016_ObtenerInformacionArchivoBase | Desc:    empresa: 1 valores unicos
05-11-2025 10:34:35 | INFO | Task: 016_ObtenerInformacionArchivoBase | Desc:    tipo_docto: 9 valores unicos
05-11-2025 10:34:35 | INFO | Task: 016_ObtenerInformacionArchivoBase | Desc:    nro_docto: 1,925 valores unicos
05-11-2025 10:34:35 | INFO | Task: 016_ObtenerInformacionArchivoBase | Desc:    detalle: 1,503 valores unicos
05-11-2025 10:34:35 | INFO | Task: 016_ObtenerInformacionArchivoBase | Desc:    documento_cruce: 467 valores unicos
05-11-2025 10:34:35 | INFO | Task: 016_ObtenerInformacionArchivoBase | Desc:    fecha_procesamiento: 1 valores unicos
05-11-2025 10:34:35 | INFO | Task: 016_ObtenerInformacionArchivoBase | Desc:    estado_procesamiento: 1 valores unicos
05-11-2025 10:34:35 | INFO | Task: 016_ObtenerInformacionArchivoBase | Desc: PRIMERAS 5 FILAS:
     empresa tipo_docto nro_docto                                   detalle documento_cruce fecha_procesamiento estado_procesamiento
0  Ticenergi         DS       265  ANAC CC110178 SERV PROF GESTOR PROMOCION          PE-163                                Pendiente
1  Ticenergi         DS       407  ANAC CC110178 SERV PROF GESTOR PROMOCION          PE-195                                Pendiente
2  Ticenergi         DS       266  ANAC CC110178 SERV PROF GESTOR PROMOCION          PE-163                                Pendiente
3  Ticenergi         DS       126  ANAC CC110178 SERV PROF GESTOR PROMOCION          PE-162                                Pendiente
4  Ticenergi         DS       333  ANAC CC110178 SERV PROF GESTOR PROMOCION          PE-203                                Pendiente
05-11-2025 10:34:36 | TRACE | Task: 016_ObtenerInformacionArchivoBase | Desc: Extracci贸n exitosa.
05-11-2025 10:48:05 | TRACE | Task: 016_ObtenerInformacionArchivoBase | Desc: Se va a descargar el archivo base de la ruta //10.238.99.5/temporales/ROCKETBOT/Inusmo busqueda masiva - UT Ticenergi.xlsx
05-11-2025 10:48:06 | TRACE | Task: 016_ObtenerInformacionArchivoBase | Desc: Se va a descargar exitosamente el archivo base en C:/Users/administrator.ENERGIZANDO/Documents/01_RecuperacionSoportes/Input/Inusmo busqueda masiva - UT Ticenergi.xlsx
05-11-2025 10:48:06 | TRACE | Task: 016_ObtenerInformacionArchivoBase | Desc: Comienza el proceso de extraccion de informacion del archivo base.
05-11-2025 10:48:25 | INFO | Task: 016_ObtenerInformacionArchivoBase | Desc: Filtrado por documento_cruce y tipo_docto: de 31,048 a 3,578 filas.
05-11-2025 10:48:25 | INFO | Task: 016_ObtenerInformacionArchivoBase | Desc: Archivo leido exitosamente: C:/Users/administrator.ENERGIZANDO/Documents/01_RecuperacionSoportes/Input/Inusmo busqueda masiva - UT Ticenergi.xlsx
05-11-2025 10:48:25 | INFO | Task: 016_ObtenerInformacionArchivoBase | Desc: Dimensiones del DataFrame: (3578, 7)
05-11-2025 10:48:25 | INFO | Task: 016_ObtenerInformacionArchivoBase | Desc: Columnas extraidas: ['empresa', 'tipo_docto', 'nro_docto', 'detalle', 'documento_cruce', 'fecha_procesamiento', 'estado_procesamiento']
05-11-2025 10:48:25 | INFO | Task: 016_ObtenerInformacionArchivoBase | Desc: RESUMEN DE DATOS:
05-11-2025 10:48:25 | INFO | Task: 016_ObtenerInformacionArchivoBase | Desc:    Total de filas: 3,578
05-11-2025 10:48:25 | INFO | Task: 016_ObtenerInformacionArchivoBase | Desc:    Total de columnas: 7
05-11-2025 10:48:25 | INFO | Task: 016_ObtenerInformacionArchivoBase | Desc: VALORES NULOS POR COLUMNA:
05-11-2025 10:48:25 | INFO | Task: 016_ObtenerInformacionArchivoBase | Desc:    empresa: 0 (0.0%)
05-11-2025 10:48:25 | INFO | Task: 016_ObtenerInformacionArchivoBase | Desc:    tipo_docto: 0 (0.0%)
05-11-2025 10:48:25 | INFO | Task: 016_ObtenerInformacionArchivoBase | Desc:    nro_docto: 0 (0.0%)
05-11-2025 10:48:25 | INFO | Task: 016_ObtenerInformacionArchivoBase | Desc:    detalle: 0 (0.0%)
05-11-2025 10:48:25 | INFO | Task: 016_ObtenerInformacionArchivoBase | Desc:    documento_cruce: 0 (0.0%)
05-11-2025 10:48:25 | INFO | Task: 016_ObtenerInformacionArchivoBase | Desc:    fecha_procesamiento: 0 (0.0%)
05-11-2025 10:48:25 | INFO | Task: 016_ObtenerInformacionArchivoBase | Desc:    estado_procesamiento: 0 (0.0%)
05-11-2025 10:48:25 | INFO | Task: 016_ObtenerInformacionArchivoBase | Desc: ESTADISTICAS POR COLUMNA:
05-11-2025 10:48:25 | INFO | Task: 016_ObtenerInformacionArchivoBase | Desc:    empresa: 1 valores unicos
05-11-2025 10:48:25 | INFO | Task: 016_ObtenerInformacionArchivoBase | Desc:    tipo_docto: 9 valores unicos
05-11-2025 10:48:25 | INFO | Task: 016_ObtenerInformacionArchivoBase | Desc:    nro_docto: 1,925 valores unicos
05-11-2025 10:48:25 | INFO | Task: 016_ObtenerInformacionArchivoBase | Desc:    detalle: 1,503 valores unicos
05-11-2025 10:48:25 | INFO | Task: 016_ObtenerInformacionArchivoBase | Desc:    documento_cruce: 467 valores unicos
05-11-2025 10:48:25 | INFO | Task: 016_ObtenerInformacionArchivoBase | Desc:    fecha_procesamiento: 1 valores unicos
05-11-2025 10:48:25 | INFO | Task: 016_ObtenerInformacionArchivoBase | Desc:    estado_procesamiento: 1 valores unicos
05-11-2025 10:48:25 | INFO | Task: 016_ObtenerInformacionArchivoBase | Desc: PRIMERAS 5 FILAS:
     empresa tipo_docto nro_docto                                   detalle documento_cruce fecha_procesamiento estado_procesamiento
0  Ticenergi         DS       265  ANAC CC110178 SERV PROF GESTOR PROMOCION          PE-163                                Pendiente
1  Ticenergi         DS       407  ANAC CC110178 SERV PROF GESTOR PROMOCION          PE-195                                Pendiente
2  Ticenergi         DS       266  ANAC CC110178 SERV PROF GESTOR PROMOCION          PE-163                                Pendiente
3  Ticenergi         DS       126  ANAC CC110178 SERV PROF GESTOR PROMOCION          PE-162                                Pendiente
4  Ticenergi         DS       333  ANAC CC110178 SERV PROF GESTOR PROMOCION          PE-203                                Pendiente
05-11-2025 10:48:25 | TRACE | Task: 016_ObtenerInformacionArchivoBase | Desc: Extracci贸n exitosa.
05-11-2025 10:53:07 | TRACE | Task: 016_ObtenerInformacionArchivoBase | Desc: Se va a descargar el archivo base de la ruta //10.238.99.5/temporales/ROCKETBOT/Inusmo busqueda masiva - UT Ticenergi.xlsx
05-11-2025 10:53:08 | TRACE | Task: 016_ObtenerInformacionArchivoBase | Desc: Se va a descargar exitosamente el archivo base en C:/Users/administrator.ENERGIZANDO/Documents/01_RecuperacionSoportes/Input/Inusmo busqueda masiva - UT Ticenergi.xlsx
05-11-2025 10:53:08 | TRACE | Task: 016_ObtenerInformacionArchivoBase | Desc: Comienza el proceso de extraccion de informacion del archivo base.
05-11-2025 10:53:27 | INFO | Task: 016_ObtenerInformacionArchivoBase | Desc: Filtrado por documento_cruce y tipo_docto: de 31,048 a 9,901 filas.
05-11-2025 10:53:27 | INFO | Task: 016_ObtenerInformacionArchivoBase | Desc: Archivo leido exitosamente: C:/Users/administrator.ENERGIZANDO/Documents/01_RecuperacionSoportes/Input/Inusmo busqueda masiva - UT Ticenergi.xlsx
05-11-2025 10:53:27 | INFO | Task: 016_ObtenerInformacionArchivoBase | Desc: Dimensiones del DataFrame: (9901, 7)
05-11-2025 10:53:27 | INFO | Task: 016_ObtenerInformacionArchivoBase | Desc: Columnas extraidas: ['empresa', 'tipo_docto', 'nro_docto', 'detalle', 'documento_cruce', 'fecha_procesamiento', 'estado_procesamiento']
05-11-2025 10:53:27 | INFO | Task: 016_ObtenerInformacionArchivoBase | Desc: RESUMEN DE DATOS:
05-11-2025 10:53:27 | INFO | Task: 016_ObtenerInformacionArchivoBase | Desc:    Total de filas: 9,901
05-11-2025 10:53:27 | INFO | Task: 016_ObtenerInformacionArchivoBase | Desc:    Total de columnas: 7
05-11-2025 10:53:27 | INFO | Task: 016_ObtenerInformacionArchivoBase | Desc: VALORES NULOS POR COLUMNA:
05-11-2025 10:53:27 | INFO | Task: 016_ObtenerInformacionArchivoBase | Desc:    empresa: 0 (0.0%)
05-11-2025 10:53:27 | INFO | Task: 016_ObtenerInformacionArchivoBase | Desc:    tipo_docto: 0 (0.0%)
05-11-2025 10:53:27 | INFO | Task: 016_ObtenerInformacionArchivoBase | Desc:    nro_docto: 0 (0.0%)
05-11-2025 10:53:27 | INFO | Task: 016_ObtenerInformacionArchivoBase | Desc:    detalle: 0 (0.0%)
05-11-2025 10:53:27 | INFO | Task: 016_ObtenerInformacionArchivoBase | Desc:    documento_cruce: 0 (0.0%)
05-11-2025 10:53:27 | INFO | Task: 016_ObtenerInformacionArchivoBase | Desc:    fecha_procesamiento: 0 (0.0%)
05-11-2025 10:53:27 | INFO | Task: 016_ObtenerInformacionArchivoBase | Desc:    estado_procesamiento: 0 (0.0%)
05-11-2025 10:53:27 | INFO | Task: 016_ObtenerInformacionArchivoBase | Desc: ESTADISTICAS POR COLUMNA:
05-11-2025 10:53:27 | INFO | Task: 016_ObtenerInformacionArchivoBase | Desc:    empresa: 2 valores unicos
05-11-2025 10:53:27 | INFO | Task: 016_ObtenerInformacionArchivoBase | Desc:    tipo_docto: 16 valores unicos
05-11-2025 10:53:27 | INFO | Task: 016_ObtenerInformacionArchivoBase | Desc:    nro_docto: 3,428 valores unicos
05-11-2025 10:53:27 | INFO | Task: 016_ObtenerInformacionArchivoBase | Desc:    detalle: 4,428 valores unicos
05-11-2025 10:53:27 | INFO | Task: 016_ObtenerInformacionArchivoBase | Desc:    documento_cruce: 468 valores unicos
05-11-2025 10:53:27 | INFO | Task: 016_ObtenerInformacionArchivoBase | Desc:    fecha_procesamiento: 1 valores unicos
05-11-2025 10:53:27 | INFO | Task: 016_ObtenerInformacionArchivoBase | Desc:    estado_procesamiento: 1 valores unicos
05-11-2025 10:53:27 | INFO | Task: 016_ObtenerInformacionArchivoBase | Desc: PRIMERAS 5 FILAS:
     empresa tipo_docto nro_docto                                  detalle documento_cruce fecha_procesamiento estado_procesamiento
0  Ticenergi         NI       129    ECANOLA TRASLADO AL COSTO NOMINA 2021                                                Pendiente
1  Ticenergi         NI       138                          ECANOLA AJUSTES                                                Pendiente
2  Ticenergi         NI       189  LRESTREP/MAYOR VALOR AJUSTADO EN NI 138                                                Pendiente
3  Ticenergi         NI       129    ECANOLA TRASLADO AL COSTO NOMINA 2021                                                Pendiente
4  Ticenergi         NI       138    ECANOLA TRASLADO AL GASTO NOMINA 2021                                                Pendiente
05-11-2025 10:53:27 | TRACE | Task: 016_ObtenerInformacionArchivoBase | Desc: Extracci贸n exitosa.
