2025-10-17 11:44:17.265191 - rocketbot - INFO - request: 006_NavegacionMenuSiesa : line 1.1 - rpalogic : for  id: 6da8cac0-6bd0-6d8d-0dae-338fb628f711 -  - {"iterable":"{006_GblDiccionarioNavegacionSiesa}","count":0}
2025-10-17 11:44:17.267188 - Rocketbot - ERROR - EXCEPTION IN (<string> Rocketbot, L_111 ""): KeyError: 0
2025-10-17 11:44:38.784515 - rocketbot - INFO - request: 006_NavegacionMenuSiesa : line 1.1 - rpalogic : for  id: 6da8cac0-6bd0-6d8d-0dae-338fb628f711 -  - {"iterable":"{006_GblDiccionarioNavegacionSiesa}","count":0}
2025-10-17 11:44:38.785561 - Rocketbot - ERROR - EXCEPTION IN (<string> Rocketbot, L_111 ""): KeyError: 0
2025-10-17 11:45:11.363354 - rocketbot - INFO - request: 006_NavegacionMenuSiesa : line 1.1 - rpalogic : for  id: 6da8cac0-6bd0-6d8d-0dae-338fb628f711 -  - {"iterable":"{006_GblDiccionarioNavegacionSiesa}","count":0}
2025-10-17 11:45:11.364351 - Rocketbot - ERROR - EXCEPTION IN (<string> Rocketbot, L_111 ""): KeyError: 0
2025-10-17 11:46:12.406877 - rocketbot - INFO - request: 006_NavegacionMenuSiesa : line 1.1 - rpalogic : for  id: 6da8cac0-6bd0-6d8d-0dae-338fb628f711 -  - {"iterable":"","count":0}
2025-10-17 11:46:12.407877 - Rocketbot - ERROR - EXCEPTION IN (<string> Rocketbot, L_107 ""): SyntaxError: invalid syntax (<string>, line 0)
2025-10-17 11:46:28.211289 - rocketbot - INFO - request: 006_NavegacionMenuSiesa : line 1.1 - rpalogic : for  id: 6da8cac0-6bd0-6d8d-0dae-338fb628f711 -  - {"iterable":"{006_LocItemACtual}","count":0}
2025-10-17 11:46:28.212285 - Rocketbot - ERROR - EXCEPTION IN (<string> Rocketbot, L_107 ""): SyntaxError: invalid syntax (<string>, line 0)
2025-10-17 11:48:08.823626 - rocketbot - INFO - request: 006_NavegacionMenuSiesa : line 1.1 - rpalogic : for  id: 6da8cac0-6bd0-6d8d-0dae-338fb628f711 -  - {"iterable":"{006_GblDiccionarioNavegacionSiesa}","count":0}
2025-10-17 11:48:08.824627 - Rocketbot - ERROR - EXCEPTION IN (<string> Rocketbot, L_111 ""): KeyError: 0
2025-10-17 11:51:23.479628 - rocketbot - INFO - request: 006_NavegacionMenuSiesa : line 1.1 - rpalogic : for  id: 6da8cac0-6bd0-6d8d-0dae-338fb628f711 -  - {"iterable":"{006_GblDiccionarioNavegacionSiesa}.items()","count":0}
2025-10-17 11:51:23.480628 - Rocketbot - ERROR - EXCEPTION IN (<string> Rocketbot, L_111 ""): TypeError: 'dict_items' object is not subscriptable
2025-10-17 11:54:08.678197 - rocketbot - INFO - request: 006_NavegacionMenuSiesa : line 1.1 - rpasystem : setVar  id: 73d89389-19bb-d2b4-8e6e-cd7e72c7b97f -  - list({006_GblDiccionarioNavegacionSiesa}.items())
2025-10-17 11:55:54.791196 - rocketbot - INFO - request: 006_NavegacionMenuSiesa : line 1.2 - rpalogic : for  id: 6da8cac0-6bd0-6d8d-0dae-338fb628f711 -  - {"iterable":"{diccionario}","count":0}
2025-10-17 11:55:54.792196 - rocketbot - INFO - For count: 1
2025-10-17 11:55:55.163101 - rocketbot - INFO - request: 006_NavegacionMenuSiesa : line 1.2.1 - rpadesktop : alert  id: 58762b79-bbd4-e79b-75e6-fa00dc32bd99 -  - {006_LocItemACtual}
2025-10-17 11:55:56.224083 - rocketbot - INFO - request: 006_NavegacionMenuSiesa : line 1.2 - rpalogic : for  id: 6da8cac0-6bd0-6d8d-0dae-338fb628f711 -  - {"iterable":"{diccionario}","count":1}
2025-10-17 11:55:56.225083 - rocketbot - INFO - For count: 2
2025-10-17 11:55:56.541175 - rocketbot - INFO - request: 006_NavegacionMenuSiesa : line 1.2.1 - rpadesktop : alert  id: 58762b79-bbd4-e79b-75e6-fa00dc32bd99 -  - {006_LocItemACtual}
2025-10-17 11:55:56.935260 - rocketbot - INFO - request: 006_NavegacionMenuSiesa : line 1.2 - rpalogic : for  id: 6da8cac0-6bd0-6d8d-0dae-338fb628f711 -  - {"iterable":"{diccionario}","count":2}
2025-10-17 11:55:56.936805 - rocketbot - INFO - For count: 3
2025-10-17 11:55:57.248825 - rocketbot - INFO - request: 006_NavegacionMenuSiesa : line 1.2.1 - rpadesktop : alert  id: 58762b79-bbd4-e79b-75e6-fa00dc32bd99 -  - {006_LocItemACtual}
2025-10-17 11:55:57.616378 - rocketbot - INFO - request: 006_NavegacionMenuSiesa : line 1.2 - rpalogic : for  id: 6da8cac0-6bd0-6d8d-0dae-338fb628f711 -  - {"iterable":"{diccionario}","count":3}
2025-10-17 11:55:57.616378 - rocketbot - INFO - For count: 4
2025-10-17 11:55:57.927705 - rocketbot - INFO - request: 006_NavegacionMenuSiesa : line 1.2.1 - rpadesktop : alert  id: 58762b79-bbd4-e79b-75e6-fa00dc32bd99 -  - {006_LocItemACtual}
2025-10-17 11:55:58.246101 - rocketbot - INFO - request: 006_NavegacionMenuSiesa : line 1.2 - rpalogic : for  id: 6da8cac0-6bd0-6d8d-0dae-338fb628f711 -  - {"iterable":"{diccionario}","count":4}
2025-10-17 11:55:58.247831 - rocketbot - INFO - For count: 5
2025-10-17 11:55:58.556439 - rocketbot - INFO - request: 006_NavegacionMenuSiesa : line 1.2.1 - rpadesktop : alert  id: 58762b79-bbd4-e79b-75e6-fa00dc32bd99 -  - {006_LocItemACtual}
2025-10-17 11:55:58.937591 - rocketbot - INFO - request: 006_NavegacionMenuSiesa : line 1.2 - rpalogic : for  id: 6da8cac0-6bd0-6d8d-0dae-338fb628f711 -  - {"iterable":"{diccionario}","count":5}
2025-10-17 11:55:58.938609 - rocketbot - INFO - For count: 5
2025-10-17 11:58:30.214596 - rocketbot - INFO - request: 006_NavegacionMenuSiesa : line 1.2 - rpascripts : execscriptpython  id: 5803bb43-c912-27fc-731e-d849a814d484 -  - diccionarion = '{006_GblDiccionarioNavegacionSiesa}'\n\n\n# Convertir a lista de listas (no de tuplas)\nlista_listas = [[clave, valor] for clave, valor in diccionario.items()]\n\n# Guardar para usar en Rocketbot\nSetVar("Diccionario", lista_listas)\n\nprint(lista_listas)\n
2025-10-17 11:58:30.215601 - script - ERROR - EXCEPTION IN (<string> script, L_144 ""): SyntaxError: unterminated string literal (detected at line 1) (<string>, line 1)
2025-10-17 11:58:39.061435 - rocketbot - INFO - request: 006_NavegacionMenuSiesa : line 1.2 - rpascripts : execscriptpython  id: 5803bb43-c912-27fc-731e-d849a814d484 -  - diccionarion = {006_GblDiccionarioNavegacionSiesa}\n\n\n# Convertir a lista de listas (no de tuplas)\nlista_listas = [[clave, valor] for clave, valor in diccionario.items()]\n\n# Guardar para usar en Rocketbot\nSetVar("Diccionario", lista_listas)\n\nprint(lista_listas)\n
2025-10-17 11:58:39.062426 - script - ERROR - EXCEPTION IN (<string> script, L_144 ""): NameError: name 'diccionario' is not defined
2025-10-17 11:58:54.846326 - rocketbot - INFO - request: 006_NavegacionMenuSiesa : line 1.2 - rpascripts : execscriptpython  id: 5803bb43-c912-27fc-731e-d849a814d484 -  - diccionarion = {006_GblDiccionarioNavegacionSiesa}\n\n\n# Convertir a lista de listas (no de tuplas)\nlista_listas = [[clave, valor] for clave, valor in diccionario.items()]\n\n# Guardar para usar en Rocketbot\nSetVar("diccionario", lista_listas)\n\nprint(lista_listas)\n
2025-10-17 11:58:54.847327 - script - ERROR - EXCEPTION IN (<string> script, L_144 ""): NameError: name 'diccionario' is not defined
2025-10-17 11:59:21.598579 - rocketbot - INFO - request: 006_NavegacionMenuSiesa : line 1.2 - rpascripts : execscriptpython  id: 5803bb43-c912-27fc-731e-d849a814d484 -  - diccionarion = '{006_GblDiccionarioNavegacionSiesa}'\n\n\n# Convertir a lista de listas (no de tuplas)\nlista_listas = [[clave, valor] for clave, valor in diccionario.items()]\n\n# Guardar para usar en Rocketbot\nSetVar("diccionario", lista_listas)\n\nprint(lista_listas)\n
2025-10-17 11:59:21.599579 - script - ERROR - EXCEPTION IN (<string> script, L_144 ""): SyntaxError: unterminated string literal (detected at line 1) (<string>, line 1)
2025-10-17 12:00:12.823447 - rocketbot - INFO - request: 006_NavegacionMenuSiesa : line 1.2 - rpascripts : execscriptpython  id: 5803bb43-c912-27fc-731e-d849a814d484 -  - diccionarion = GetVar('006_GblDiccionarioNavegacionSiesa')\n\n\n# Convertir a lista de listas (no de tuplas)\nlista_listas = [[clave, valor] for clave, valor in diccionario.items()]\n\n# Guardar para usar en Rocketbot\nSetVar("diccionario", lista_listas)\n\nprint(lista_listas)\n
2025-10-17 12:00:12.824446 - script - ERROR - EXCEPTION IN (<string> script, L_144 ""): NameError: name 'diccionario' is not defined
2025-10-17 12:00:59.218581 - rocketbot - INFO - request: 006_NavegacionMenuSiesa : line 1.2 - rpascripts : execscriptpython  id: 5803bb43-c912-27fc-731e-d849a814d484 -  - diccionario = '{006_GblDiccionarioNavegacionSiesa}'\n\n\n# Convertir a lista de listas (no de tuplas)\nlista_listas = [[clave, valor] for clave, valor in diccionario.items()]\n\n# Guardar para usar en Rocketbot\nSetVar("diccionario", lista_listas)\n\nprint(lista_listas)\n
2025-10-17 12:00:59.219579 - script - ERROR - EXCEPTION IN (<string> script, L_144 ""): SyntaxError: unterminated string literal (detected at line 1) (<string>, line 1)
2025-10-17 12:01:07.819338 - rocketbot - INFO - request: 006_NavegacionMenuSiesa : line 1.2 - rpascripts : execscriptpython  id: 5803bb43-c912-27fc-731e-d849a814d484 -  - diccionario = {006_GblDiccionarioNavegacionSiesa}\n\n\n# Convertir a lista de listas (no de tuplas)\nlista_listas = [[clave, valor] for clave, valor in diccionario.items()]\n\n# Guardar para usar en Rocketbot\nSetVar("diccionario", lista_listas)\n\nprint(lista_listas)\n
2025-10-17 12:01:34.449050 - rocketbot - INFO - request: 006_NavegacionMenuSiesa : line 1.3 - rpalogic : for  id: 6da8cac0-6bd0-6d8d-0dae-338fb628f711 -  - {"iterable":"{diccionario}","count":0}
2025-10-17 12:01:34.450053 - rocketbot - INFO - For count: 1
2025-10-17 12:01:34.781702 - rocketbot - INFO - request: 006_NavegacionMenuSiesa : line 1.3.1 - rpadesktop : alert  id: 58762b79-bbd4-e79b-75e6-fa00dc32bd99 -  - {006_LocItemACtual}
2025-10-17 12:01:37.390547 - rocketbot - INFO - request: 006_NavegacionMenuSiesa : line 1.3 - rpalogic : for  id: 6da8cac0-6bd0-6d8d-0dae-338fb628f711 -  - {"iterable":"{diccionario}","count":1}
2025-10-17 12:01:37.392460 - rocketbot - INFO - For count: 2
2025-10-17 12:01:37.770873 - rocketbot - INFO - request: 006_NavegacionMenuSiesa : line 1.3.1 - rpadesktop : alert  id: 58762b79-bbd4-e79b-75e6-fa00dc32bd99 -  - {006_LocItemACtual}
2025-10-17 12:01:38.465254 - rocketbot - INFO - request: 006_NavegacionMenuSiesa : line 1.3 - rpalogic : for  id: 6da8cac0-6bd0-6d8d-0dae-338fb628f711 -  - {"iterable":"{diccionario}","count":2}
2025-10-17 12:01:38.466257 - rocketbot - INFO - For count: 3
2025-10-17 12:01:38.776698 - rocketbot - INFO - request: 006_NavegacionMenuSiesa : line 1.3.1 - rpadesktop : alert  id: 58762b79-bbd4-e79b-75e6-fa00dc32bd99 -  - {006_LocItemACtual}
2025-10-17 12:01:39.154912 - rocketbot - INFO - request: 006_NavegacionMenuSiesa : line 1.3 - rpalogic : for  id: 6da8cac0-6bd0-6d8d-0dae-338fb628f711 -  - {"iterable":"{diccionario}","count":3}
2025-10-17 12:01:39.157437 - rocketbot - INFO - For count: 4
2025-10-17 12:01:39.475823 - rocketbot - INFO - request: 006_NavegacionMenuSiesa : line 1.3.1 - rpadesktop : alert  id: 58762b79-bbd4-e79b-75e6-fa00dc32bd99 -  - {006_LocItemACtual}
2025-10-17 12:01:39.846694 - rocketbot - INFO - request: 006_NavegacionMenuSiesa : line 1.3 - rpalogic : for  id: 6da8cac0-6bd0-6d8d-0dae-338fb628f711 -  - {"iterable":"{diccionario}","count":4}
2025-10-17 12:01:39.847692 - rocketbot - INFO - For count: 5
2025-10-17 12:01:40.155603 - rocketbot - INFO - request: 006_NavegacionMenuSiesa : line 1.3.1 - rpadesktop : alert  id: 58762b79-bbd4-e79b-75e6-fa00dc32bd99 -  - {006_LocItemACtual}
2025-10-17 12:01:40.421755 - rocketbot - INFO - request: 006_NavegacionMenuSiesa : line 1.3 - rpalogic : for  id: 6da8cac0-6bd0-6d8d-0dae-338fb628f711 -  - {"iterable":"{diccionario}","count":5}
2025-10-17 12:01:40.421755 - rocketbot - INFO - For count: 5
2025-10-17 12:03:03.156801 - rocketbot - INFO - request: 006_NavegacionMenuSiesa : line 1.3 - rpalogic : for  id: 6da8cac0-6bd0-6d8d-0dae-338fb628f711 -  - {"iterable":"{diccionario}","count":0}
2025-10-17 12:03:03.157804 - rocketbot - INFO - For count: 1
2025-10-17 12:03:03.409400 - rocketbot - INFO - request: 006_NavegacionMenuSiesa : line 1.3.1 - rpasystem : setVar  id: 170498e8-1298-8bee-fd74-c6b1295c088c -  - {006_LocItemACtual}[0]
2025-10-17 12:03:03.481771 - rocketbot - INFO - request: 006_NavegacionMenuSiesa : line 1.3.2 - rpasystem : setVar  id: 259036b6-b221-30ef-db01-113ca88bc04f -  - {006_LocItemACtual}[1]
2025-10-17 12:03:03.719780 - rocketbot - INFO - request: 006_NavegacionMenuSiesa : line 1.3.3 - rpadesktop : alert  id: 58762b79-bbd4-e79b-75e6-fa00dc32bd99 -  - {006_LocLetraNavegacion}  {006_LocOpciopNavegacion}
2025-10-17 12:03:04.777490 - rocketbot - INFO - request: 006_NavegacionMenuSiesa : line 1.3 - rpalogic : for  id: 6da8cac0-6bd0-6d8d-0dae-338fb628f711 -  - {"iterable":"{diccionario}","count":1}
2025-10-17 12:03:04.778489 - rocketbot - INFO - For count: 2
2025-10-17 12:03:05.111998 - rocketbot - INFO - request: 006_NavegacionMenuSiesa : line 1.3.1 - rpasystem : setVar  id: 170498e8-1298-8bee-fd74-c6b1295c088c -  - {006_LocItemACtual}[0]
2025-10-17 12:03:05.365175 - rocketbot - INFO - request: 006_NavegacionMenuSiesa : line 1.3.2 - rpasystem : setVar  id: 259036b6-b221-30ef-db01-113ca88bc04f -  - {006_LocItemACtual}[1]
2025-10-17 12:03:05.435579 - rocketbot - INFO - request: 006_NavegacionMenuSiesa : line 1.3.3 - rpadesktop : alert  id: 58762b79-bbd4-e79b-75e6-fa00dc32bd99 -  - {006_LocLetraNavegacion}  {006_LocOpciopNavegacion}
2025-10-17 12:03:06.383159 - rocketbot - INFO - request: 006_NavegacionMenuSiesa : line 1.3 - rpalogic : for  id: 6da8cac0-6bd0-6d8d-0dae-338fb628f711 -  - {"iterable":"{diccionario}","count":2}
2025-10-17 12:03:06.384161 - rocketbot - INFO - For count: 3
2025-10-17 12:03:06.699871 - rocketbot - INFO - request: 006_NavegacionMenuSiesa : line 1.3.1 - rpasystem : setVar  id: 170498e8-1298-8bee-fd74-c6b1295c088c -  - {006_LocItemACtual}[0]
2025-10-17 12:03:06.950569 - rocketbot - INFO - request: 006_NavegacionMenuSiesa : line 1.3.2 - rpasystem : setVar  id: 259036b6-b221-30ef-db01-113ca88bc04f -  - {006_LocItemACtual}[1]
2025-10-17 12:03:07.018423 - rocketbot - INFO - request: 006_NavegacionMenuSiesa : line 1.3.3 - rpadesktop : alert  id: 58762b79-bbd4-e79b-75e6-fa00dc32bd99 -  - {006_LocLetraNavegacion}  {006_LocOpciopNavegacion}
2025-10-17 12:03:08.030377 - rocketbot - INFO - request: 006_NavegacionMenuSiesa : line 1.3 - rpalogic : for  id: 6da8cac0-6bd0-6d8d-0dae-338fb628f711 -  - {"iterable":"{diccionario}","count":3}
2025-10-17 12:03:08.030377 - rocketbot - INFO - For count: 4
2025-10-17 12:03:08.348409 - rocketbot - INFO - request: 006_NavegacionMenuSiesa : line 1.3.1 - rpasystem : setVar  id: 170498e8-1298-8bee-fd74-c6b1295c088c -  - {006_LocItemACtual}[0]
2025-10-17 12:03:08.600789 - rocketbot - INFO - request: 006_NavegacionMenuSiesa : line 1.3.2 - rpasystem : setVar  id: 259036b6-b221-30ef-db01-113ca88bc04f -  - {006_LocItemACtual}[1]
2025-10-17 12:03:08.659687 - rocketbot - INFO - request: 006_NavegacionMenuSiesa : line 1.3.3 - rpadesktop : alert  id: 58762b79-bbd4-e79b-75e6-fa00dc32bd99 -  - {006_LocLetraNavegacion}  {006_LocOpciopNavegacion}
2025-10-17 12:03:09.384481 - rocketbot - INFO - request: 006_NavegacionMenuSiesa : line 1.3 - rpalogic : for  id: 6da8cac0-6bd0-6d8d-0dae-338fb628f711 -  - {"iterable":"{diccionario}","count":4}
2025-10-17 12:03:09.386649 - rocketbot - INFO - For count: 5
2025-10-17 12:03:09.705459 - rocketbot - INFO - request: 006_NavegacionMenuSiesa : line 1.3.1 - rpasystem : setVar  id: 170498e8-1298-8bee-fd74-c6b1295c088c -  - {006_LocItemACtual}[0]
2025-10-17 12:03:09.956422 - rocketbot - INFO - request: 006_NavegacionMenuSiesa : line 1.3.2 - rpasystem : setVar  id: 259036b6-b221-30ef-db01-113ca88bc04f -  - {006_LocItemACtual}[1]
2025-10-17 12:03:10.016629 - rocketbot - INFO - request: 006_NavegacionMenuSiesa : line 1.3.3 - rpadesktop : alert  id: 58762b79-bbd4-e79b-75e6-fa00dc32bd99 -  - {006_LocLetraNavegacion}  {006_LocOpciopNavegacion}
2025-10-17 12:03:10.807193 - rocketbot - INFO - request: 006_NavegacionMenuSiesa : line 1.3 - rpalogic : for  id: 6da8cac0-6bd0-6d8d-0dae-338fb628f711 -  - {"iterable":"{diccionario}","count":5}
2025-10-17 12:03:10.808190 - rocketbot - INFO - For count: 5
2025-10-17 12:03:43.110181 - rocketbot - INFO - request: 006_NavegacionMenuSiesa : line 1.3 - rpalogic : for  id: 6da8cac0-6bd0-6d8d-0dae-338fb628f711 -  - {"iterable":"{diccionario}","count":0}
2025-10-17 12:03:43.111184 - rocketbot - INFO - For count: 1
2025-10-17 12:03:43.511098 - rocketbot - INFO - request: 006_NavegacionMenuSiesa : line 1.3.1 - rpasystem : setVar  id: 170498e8-1298-8bee-fd74-c6b1295c088c -  - {006_LocItemACtual}[0]
2025-10-17 12:03:43.812036 - rocketbot - INFO - request: 006_NavegacionMenuSiesa : line 1.3.2 - rpasystem : setVar  id: 259036b6-b221-30ef-db01-113ca88bc04f -  - {006_LocItemACtual}[1]
2025-10-17 12:03:43.909884 - rocketbot - INFO - request: 006_NavegacionMenuSiesa : line 1.3.3 - rpadesktop : alert  id: 58762b79-bbd4-e79b-75e6-fa00dc32bd99 -  - {006_LocLetraNavegacion}  {006_LocOpcioNavegacion}
2025-10-17 12:03:45.031594 - rocketbot - INFO - request: 006_NavegacionMenuSiesa : line 1.3 - rpalogic : for  id: 6da8cac0-6bd0-6d8d-0dae-338fb628f711 -  - {"iterable":"{diccionario}","count":1}
2025-10-17 12:03:45.031594 - rocketbot - INFO - For count: 2
2025-10-17 12:03:45.358736 - rocketbot - INFO - request: 006_NavegacionMenuSiesa : line 1.3.1 - rpasystem : setVar  id: 170498e8-1298-8bee-fd74-c6b1295c088c -  - {006_LocItemACtual}[0]
2025-10-17 12:03:45.609307 - rocketbot - INFO - request: 006_NavegacionMenuSiesa : line 1.3.2 - rpasystem : setVar  id: 259036b6-b221-30ef-db01-113ca88bc04f -  - {006_LocItemACtual}[1]
2025-10-17 12:03:45.668342 - rocketbot - INFO - request: 006_NavegacionMenuSiesa : line 1.3.3 - rpadesktop : alert  id: 58762b79-bbd4-e79b-75e6-fa00dc32bd99 -  - {006_LocLetraNavegacion}  {006_LocOpcioNavegacion}
2025-10-17 12:03:46.545947 - rocketbot - INFO - request: 006_NavegacionMenuSiesa : line 1.3 - rpalogic : for  id: 6da8cac0-6bd0-6d8d-0dae-338fb628f711 -  - {"iterable":"{diccionario}","count":2}
2025-10-17 12:03:46.545947 - rocketbot - INFO - For count: 3
2025-10-17 12:03:46.876655 - rocketbot - INFO - request: 006_NavegacionMenuSiesa : line 1.3.1 - rpasystem : setVar  id: 170498e8-1298-8bee-fd74-c6b1295c088c -  - {006_LocItemACtual}[0]
2025-10-17 12:03:47.125944 - rocketbot - INFO - request: 006_NavegacionMenuSiesa : line 1.3.2 - rpasystem : setVar  id: 259036b6-b221-30ef-db01-113ca88bc04f -  - {006_LocItemACtual}[1]
2025-10-17 12:03:47.186385 - rocketbot - INFO - request: 006_NavegacionMenuSiesa : line 1.3.3 - rpadesktop : alert  id: 58762b79-bbd4-e79b-75e6-fa00dc32bd99 -  - {006_LocLetraNavegacion}  {006_LocOpcioNavegacion}
2025-10-17 12:03:47.608549 - rocketbot - INFO - request: 006_NavegacionMenuSiesa : line 1.3 - rpalogic : for  id: 6da8cac0-6bd0-6d8d-0dae-338fb628f711 -  - {"iterable":"{diccionario}","count":3}
2025-10-17 12:03:47.690200 - rocketbot - INFO - For count: 4
2025-10-17 12:03:47.999354 - rocketbot - INFO - request: 006_NavegacionMenuSiesa : line 1.3.1 - rpasystem : setVar  id: 170498e8-1298-8bee-fd74-c6b1295c088c -  - {006_LocItemACtual}[0]
2025-10-17 12:03:48.249426 - rocketbot - INFO - request: 006_NavegacionMenuSiesa : line 1.3.2 - rpasystem : setVar  id: 259036b6-b221-30ef-db01-113ca88bc04f -  - {006_LocItemACtual}[1]
2025-10-17 12:03:48.307892 - rocketbot - INFO - request: 006_NavegacionMenuSiesa : line 1.3.3 - rpadesktop : alert  id: 58762b79-bbd4-e79b-75e6-fa00dc32bd99 -  - {006_LocLetraNavegacion}  {006_LocOpcioNavegacion}
2025-10-17 12:03:49.128144 - rocketbot - INFO - request: 006_NavegacionMenuSiesa : line 1.3 - rpalogic : for  id: 6da8cac0-6bd0-6d8d-0dae-338fb628f711 -  - {"iterable":"{diccionario}","count":4}
2025-10-17 12:03:49.129150 - rocketbot - INFO - For count: 5
2025-10-17 12:03:49.443354 - rocketbot - INFO - request: 006_NavegacionMenuSiesa : line 1.3.1 - rpasystem : setVar  id: 170498e8-1298-8bee-fd74-c6b1295c088c -  - {006_LocItemACtual}[0]
2025-10-17 12:03:49.693693 - rocketbot - INFO - request: 006_NavegacionMenuSiesa : line 1.3.2 - rpasystem : setVar  id: 259036b6-b221-30ef-db01-113ca88bc04f -  - {006_LocItemACtual}[1]
2025-10-17 12:03:49.752084 - rocketbot - INFO - request: 006_NavegacionMenuSiesa : line 1.3.3 - rpadesktop : alert  id: 58762b79-bbd4-e79b-75e6-fa00dc32bd99 -  - {006_LocLetraNavegacion}  {006_LocOpcioNavegacion}
2025-10-17 12:03:50.972636 - rocketbot - INFO - request: 006_NavegacionMenuSiesa : line 1.3 - rpalogic : for  id: 6da8cac0-6bd0-6d8d-0dae-338fb628f711 -  - {"iterable":"{diccionario}","count":5}
2025-10-17 12:03:50.972636 - rocketbot - INFO - For count: 5
2025-10-17 12:16:34.379976 - rocketbot - INFO - request: 006_NavegacionMenuSiesa : line 1 - rpalogic : trycatch  id: d3008b59-47f2-b737-9f57-6651d000b2f0 -  - 
2025-10-17 12:16:34.459441 - rocketbot - INFO - request: 006_NavegacionMenuSiesa : line 1.1 - rpasystem : wait  id: 45462b1a-962d-5d6e-e184-b04ea64b960d -  - 3
2025-10-17 12:16:37.460140 - rocketbot - INFO - request: 006_NavegacionMenuSiesa : line 1.2 - rpascripts : execscriptpython  id: 5803bb43-c912-27fc-731e-d849a814d484 -  - diccionario = {006_GblDiccionarioNavegacionSiesa}\n\n\n# Convertir a lista de listas (no de tuplas)\nlista_listas = [[clave, valor] for clave, valor in diccionario.items()]\n\n# Guardar para usar en Rocketbot\nSetVar("diccionario", lista_listas)\n\nprint(lista_listas)\n
2025-10-17 12:16:37.934062 - rocketbot - INFO - request: 006_NavegacionMenuSiesa : line 1.3 - rpalogic : for  id: 6da8cac0-6bd0-6d8d-0dae-338fb628f711 -  - {"iterable":"{diccionario}","count":0}
2025-10-17 12:16:37.934062 - rocketbot - INFO - For count: 1
2025-10-17 12:16:38.184033 - rocketbot - INFO - request: 006_NavegacionMenuSiesa : line 1.3.1 - rpasystem : setVar  id: 170498e8-1298-8bee-fd74-c6b1295c088c -  - {006_LocItemACtual}[0]
2025-10-17 12:16:38.246526 - rocketbot - INFO - request: 006_NavegacionMenuSiesa : line 1.3.2 - rpasystem : setVar  id: 259036b6-b221-30ef-db01-113ca88bc04f -  - {006_LocItemACtual}[1]
2025-10-17 12:16:38.496508 - rocketbot - INFO - request: 006_NavegacionMenuSiesa : line 1.3.3 - rpadesktop : send_keys  id: 04147493-5a16-accd-4977-335743b0b66a -  - {"text":"{006_LocLetraNavegacion}"}
2025-10-17 12:16:38.652738 - rocketbot - INFO - request: 006_NavegacionMenuSiesa : line 1.3.4 - rpascripts : module  id: d80279e8-b706-f040-8ccd-b6211110a164 -  - {"module_name":"sendToLogs","module":"sendText","path":"{gblRutaLogs}","infoType":"trace","text":"Navega en la opcion {006_LocOpcioNavegacion} con la letra de referencia {006_LocLetraNavegacion}"}
2025-10-17 12:16:38.871467 - rocketbot - INFO - request: 006_NavegacionMenuSiesa : line 1.3.5 - rpasystem : wait  id: 374ded0c-f517-dd68-89d2-3db3e94e6ceb -  - 2
2025-10-17 12:16:40.871277 - rocketbot - INFO - request: 006_NavegacionMenuSiesa : line 1.3 - rpalogic : for  id: 6da8cac0-6bd0-6d8d-0dae-338fb628f711 -  - {"iterable":"{diccionario}","count":1}
2025-10-17 12:16:40.871277 - rocketbot - INFO - For count: 2
2025-10-17 12:16:41.388996 - rocketbot - INFO - request: 006_NavegacionMenuSiesa : line 1.3.1 - rpasystem : setVar  id: 170498e8-1298-8bee-fd74-c6b1295c088c -  - {006_LocItemACtual}[0]
2025-10-17 12:16:41.654596 - rocketbot - INFO - request: 006_NavegacionMenuSiesa : line 1.3.2 - rpasystem : setVar  id: 259036b6-b221-30ef-db01-113ca88bc04f -  - {006_LocItemACtual}[1]
2025-10-17 12:16:41.701468 - rocketbot - INFO - request: 006_NavegacionMenuSiesa : line 1.3.3 - rpadesktop : send_keys  id: 04147493-5a16-accd-4977-335743b0b66a -  - {"text":"{006_LocLetraNavegacion}"}
2025-10-17 12:16:41.967071 - rocketbot - INFO - request: 006_NavegacionMenuSiesa : line 1.3.4 - rpascripts : module  id: d80279e8-b706-f040-8ccd-b6211110a164 -  - {"module_name":"sendToLogs","module":"sendText","path":"{gblRutaLogs}","infoType":"trace","text":"Navega en la opcion {006_LocOpcioNavegacion} con la letra de referencia {006_LocLetraNavegacion}"}
2025-10-17 12:16:42.154555 - rocketbot - INFO - request: 006_NavegacionMenuSiesa : line 1.3.5 - rpasystem : wait  id: 374ded0c-f517-dd68-89d2-3db3e94e6ceb -  - 2
2025-10-17 12:16:44.185607 - rocketbot - INFO - request: 006_NavegacionMenuSiesa : line 1.3 - rpalogic : for  id: 6da8cac0-6bd0-6d8d-0dae-338fb628f711 -  - {"iterable":"{diccionario}","count":2}
2025-10-17 12:16:44.185607 - rocketbot - INFO - For count: 3
2025-10-17 12:16:44.732432 - rocketbot - INFO - request: 006_NavegacionMenuSiesa : line 1.3.1 - rpasystem : setVar  id: 170498e8-1298-8bee-fd74-c6b1295c088c -  - {006_LocItemACtual}[0]
2025-10-17 12:16:44.982417 - rocketbot - INFO - request: 006_NavegacionMenuSiesa : line 1.3.2 - rpasystem : setVar  id: 259036b6-b221-30ef-db01-113ca88bc04f -  - {006_LocItemACtual}[1]
2025-10-17 12:16:45.091774 - rocketbot - INFO - request: 006_NavegacionMenuSiesa : line 1.3.3 - rpadesktop : send_keys  id: 04147493-5a16-accd-4977-335743b0b66a -  - {"text":"{006_LocLetraNavegacion}"}
2025-10-17 12:16:45.373002 - rocketbot - INFO - request: 006_NavegacionMenuSiesa : line 1.3.4 - rpascripts : module  id: d80279e8-b706-f040-8ccd-b6211110a164 -  - {"module_name":"sendToLogs","module":"sendText","path":"{gblRutaLogs}","infoType":"trace","text":"Navega en la opcion {006_LocOpcioNavegacion} con la letra de referencia {006_LocLetraNavegacion}"}
2025-10-17 12:16:45.654224 - rocketbot - INFO - request: 006_NavegacionMenuSiesa : line 1.3.5 - rpasystem : wait  id: 374ded0c-f517-dd68-89d2-3db3e94e6ceb -  - 2
2025-10-17 12:16:47.659063 - rocketbot - INFO - request: 006_NavegacionMenuSiesa : line 1.3 - rpalogic : for  id: 6da8cac0-6bd0-6d8d-0dae-338fb628f711 -  - {"iterable":"{diccionario}","count":3}
2025-10-17 12:16:47.659063 - rocketbot - INFO - For count: 4
2025-10-17 12:16:48.159018 - rocketbot - INFO - request: 006_NavegacionMenuSiesa : line 1.3.1 - rpasystem : setVar  id: 170498e8-1298-8bee-fd74-c6b1295c088c -  - {006_LocItemACtual}[0]
2025-10-17 12:16:48.424621 - rocketbot - INFO - request: 006_NavegacionMenuSiesa : line 1.3.2 - rpasystem : setVar  id: 259036b6-b221-30ef-db01-113ca88bc04f -  - {006_LocItemACtual}[1]
2025-10-17 12:16:48.471492 - rocketbot - INFO - request: 006_NavegacionMenuSiesa : line 1.3.3 - rpadesktop : send_keys  id: 04147493-5a16-accd-4977-335743b0b66a -  - {"text":"{006_LocLetraNavegacion}"}
2025-10-17 12:16:48.737092 - rocketbot - INFO - request: 006_NavegacionMenuSiesa : line 1.3.4 - rpascripts : module  id: d80279e8-b706-f040-8ccd-b6211110a164 -  - {"module_name":"sendToLogs","module":"sendText","path":"{gblRutaLogs}","infoType":"trace","text":"Navega en la opcion {006_LocOpcioNavegacion} con la letra de referencia {006_LocLetraNavegacion}"}
2025-10-17 12:16:48.908957 - rocketbot - INFO - request: 006_NavegacionMenuSiesa : line 1.3.5 - rpasystem : wait  id: 374ded0c-f517-dd68-89d2-3db3e94e6ceb -  - 2
2025-10-17 12:16:50.924399 - rocketbot - INFO - request: 006_NavegacionMenuSiesa : line 1.3 - rpalogic : for  id: 6da8cac0-6bd0-6d8d-0dae-338fb628f711 -  - {"iterable":"{diccionario}","count":4}
2025-10-17 12:16:50.924399 - rocketbot - INFO - For count: 5
2025-10-17 12:16:51.408735 - rocketbot - INFO - request: 006_NavegacionMenuSiesa : line 1.3.1 - rpasystem : setVar  id: 170498e8-1298-8bee-fd74-c6b1295c088c -  - {006_LocItemACtual}[0]
2025-10-17 12:16:51.674334 - rocketbot - INFO - request: 006_NavegacionMenuSiesa : line 1.3.2 - rpasystem : setVar  id: 259036b6-b221-30ef-db01-113ca88bc04f -  - {006_LocItemACtual}[1]
2025-10-17 12:16:51.736825 - rocketbot - INFO - request: 006_NavegacionMenuSiesa : line 1.3.3 - rpadesktop : send_keys  id: 04147493-5a16-accd-4977-335743b0b66a -  - {"text":"{006_LocLetraNavegacion}"}
2025-10-17 12:16:52.377397 - rocketbot - INFO - request: 006_NavegacionMenuSiesa : line 1.3.4 - rpascripts : module  id: d80279e8-b706-f040-8ccd-b6211110a164 -  - {"module_name":"sendToLogs","module":"sendText","path":"{gblRutaLogs}","infoType":"trace","text":"Navega en la opcion {006_LocOpcioNavegacion} con la letra de referencia {006_LocLetraNavegacion}"}
2025-10-17 12:16:52.643000 - rocketbot - INFO - request: 006_NavegacionMenuSiesa : line 1.3.5 - rpasystem : wait  id: 374ded0c-f517-dd68-89d2-3db3e94e6ceb -  - 2
2025-10-17 12:16:54.642835 - rocketbot - INFO - request: 006_NavegacionMenuSiesa : line 1.3 - rpalogic : for  id: 6da8cac0-6bd0-6d8d-0dae-338fb628f711 -  - {"iterable":"{diccionario}","count":5}
2025-10-17 12:16:54.642835 - rocketbot - INFO - For count: 5
2025-10-17 12:18:27.087104 - rocketbot - INFO - request: 006_NavegacionMenuSiesa : line 1 - rpalogic : trycatch  id: d3008b59-47f2-b737-9f57-6651d000b2f0 -  - 
2025-10-17 12:18:27.158420 - rocketbot - INFO - request: 006_NavegacionMenuSiesa : line 1.1 - rpasystem : wait  id: 45462b1a-962d-5d6e-e184-b04ea64b960d -  - 3
2025-10-17 12:18:30.168621 - rocketbot - INFO - request: 006_NavegacionMenuSiesa : line 1.2 - rpascripts : execscriptpython  id: 5803bb43-c912-27fc-731e-d849a814d484 -  - diccionario = {006_GblDiccionarioNavegacionSiesa}\n\n\n# Convertir a lista de listas (no de tuplas)\nlista_listas = [[clave, valor] for clave, valor in diccionario.items()]\n\n# Guardar para usar en Rocketbot\nSetVar("diccionario", lista_listas)\n\nprint(lista_listas)\n
2025-10-17 12:18:30.652982 - rocketbot - INFO - request: 006_NavegacionMenuSiesa : line 1.3 - rpalogic : for  id: 6da8cac0-6bd0-6d8d-0dae-338fb628f711 -  - {"iterable":"{diccionario}","count":0}
2025-10-17 12:18:30.668608 - rocketbot - INFO - For count: 1
2025-10-17 12:18:30.918602 - rocketbot - INFO - request: 006_NavegacionMenuSiesa : line 1.3.1 - rpasystem : setVar  id: 170498e8-1298-8bee-fd74-c6b1295c088c -  - {006_LocItemACtual}[0]
2025-10-17 12:18:30.981110 - rocketbot - INFO - request: 006_NavegacionMenuSiesa : line 1.3.2 - rpasystem : setVar  id: 259036b6-b221-30ef-db01-113ca88bc04f -  - {006_LocItemACtual}[1]
2025-10-17 12:18:31.231104 - rocketbot - INFO - request: 006_NavegacionMenuSiesa : line 1.3.3 - rpadesktop : send_keys  id: 04147493-5a16-accd-4977-335743b0b66a -  - {"text":"{006_LocLetraNavegacion}"}
2025-10-17 12:18:31.402971 - rocketbot - INFO - request: 006_NavegacionMenuSiesa : line 1.3.4 - rpascripts : module  id: d80279e8-b706-f040-8ccd-b6211110a164 -  - {"module_name":"sendToLogs","module":"sendText","path":"{gblRutaLogs}","infoType":"trace","text":"Navega en la opcion {006_LocOpcioNavegacion} con la letra de referencia {006_LocLetraNavegacion}"}
2025-10-17 12:18:31.684223 - rocketbot - INFO - request: 006_NavegacionMenuSiesa : line 1.3.5 - rpasystem : wait  id: 374ded0c-f517-dd68-89d2-3db3e94e6ceb -  - 2
2025-10-17 12:18:33.685055 - rocketbot - INFO - request: 006_NavegacionMenuSiesa : line 1.3.6 - rpadesktop : alert  id: 58762b79-bbd4-e79b-75e6-fa00dc32bd99 -  - {006_LocLetraNavegacion}  {006_LocOpcioNavegacion}
2025-10-17 12:18:35.810026 - rocketbot - INFO - request: 006_NavegacionMenuSiesa : line 1.3 - rpalogic : for  id: 6da8cac0-6bd0-6d8d-0dae-338fb628f711 -  - {"iterable":"{diccionario}","count":1}
2025-10-17 12:18:35.810026 - rocketbot - INFO - For count: 2
2025-10-17 12:18:36.075653 - rocketbot - INFO - request: 006_NavegacionMenuSiesa : line 1.3.1 - rpasystem : setVar  id: 170498e8-1298-8bee-fd74-c6b1295c088c -  - {006_LocItemACtual}[0]
2025-10-17 12:18:36.122523 - rocketbot - INFO - request: 006_NavegacionMenuSiesa : line 1.3.2 - rpasystem : setVar  id: 259036b6-b221-30ef-db01-113ca88bc04f -  - {006_LocItemACtual}[1]
2025-10-17 12:18:36.388151 - rocketbot - INFO - request: 006_NavegacionMenuSiesa : line 1.3.3 - rpadesktop : send_keys  id: 04147493-5a16-accd-4977-335743b0b66a -  - {"text":"{006_LocLetraNavegacion}"}
2025-10-17 12:18:36.575642 - rocketbot - INFO - request: 006_NavegacionMenuSiesa : line 1.3.4 - rpascripts : module  id: d80279e8-b706-f040-8ccd-b6211110a164 -  - {"module_name":"sendToLogs","module":"sendText","path":"{gblRutaLogs}","infoType":"trace","text":"Navega en la opcion {006_LocOpcioNavegacion} con la letra de referencia {006_LocLetraNavegacion}"}
2025-10-17 12:18:36.763140 - rocketbot - INFO - request: 006_NavegacionMenuSiesa : line 1.3.5 - rpasystem : wait  id: 374ded0c-f517-dd68-89d2-3db3e94e6ceb -  - 2
2025-10-17 12:18:38.773546 - rocketbot - INFO - request: 006_NavegacionMenuSiesa : line 1.3.6 - rpadesktop : alert  id: 58762b79-bbd4-e79b-75e6-fa00dc32bd99 -  - {006_LocLetraNavegacion}  {006_LocOpcioNavegacion}
2025-10-17 12:18:41.497356 - rocketbot - INFO - request: 006_NavegacionMenuSiesa : line 1.3 - rpalogic : for  id: 6da8cac0-6bd0-6d8d-0dae-338fb628f711 -  - {"iterable":"{diccionario}","count":2}
2025-10-17 12:18:41.497356 - rocketbot - INFO - For count: 3
2025-10-17 12:18:41.762982 - rocketbot - INFO - request: 006_NavegacionMenuSiesa : line 1.3.1 - rpasystem : setVar  id: 170498e8-1298-8bee-fd74-c6b1295c088c -  - {006_LocItemACtual}[0]
2025-10-17 12:18:41.809856 - rocketbot - INFO - request: 006_NavegacionMenuSiesa : line 1.3.2 - rpasystem : setVar  id: 259036b6-b221-30ef-db01-113ca88bc04f -  - {006_LocItemACtual}[1]
2025-10-17 12:18:42.075478 - rocketbot - INFO - request: 006_NavegacionMenuSiesa : line 1.3.3 - rpadesktop : send_keys  id: 04147493-5a16-accd-4977-335743b0b66a -  - {"text":"{006_LocLetraNavegacion}"}
2025-10-17 12:18:42.262975 - rocketbot - INFO - request: 006_NavegacionMenuSiesa : line 1.3.4 - rpascripts : module  id: d80279e8-b706-f040-8ccd-b6211110a164 -  - {"module_name":"sendToLogs","module":"sendText","path":"{gblRutaLogs}","infoType":"trace","text":"Navega en la opcion {006_LocOpcioNavegacion} con la letra de referencia {006_LocLetraNavegacion}"}
2025-10-17 12:18:44.466081 - rocketbot - INFO - request: 006_NavegacionMenuSiesa : line 1.3.6 - rpadesktop : alert  id: 58762b79-bbd4-e79b-75e6-fa00dc32bd99 -  - {006_LocLetraNavegacion}  {006_LocOpcioNavegacion}
2025-10-17 12:18:51.757693 - rocketbot - INFO - request: 006_NavegacionMenuSiesa : line 1.3 - rpalogic : for  id: 6da8cac0-6bd0-6d8d-0dae-338fb628f711 -  - {"iterable":"{diccionario}","count":3}
2025-10-17 12:18:51.757693 - rocketbot - INFO - For count: 4
2025-10-17 12:18:52.007687 - rocketbot - INFO - request: 006_NavegacionMenuSiesa : line 1.3.1 - rpasystem : setVar  id: 170498e8-1298-8bee-fd74-c6b1295c088c -  - {006_LocItemACtual}[0]
2025-10-17 12:18:52.101434 - rocketbot - INFO - request: 006_NavegacionMenuSiesa : line 1.3.2 - rpasystem : setVar  id: 259036b6-b221-30ef-db01-113ca88bc04f -  - {006_LocItemACtual}[1]
2025-10-17 12:18:52.726432 - rocketbot - INFO - request: 006_NavegacionMenuSiesa : line 1.3.3 - rpadesktop : send_keys  id: 04147493-5a16-accd-4977-335743b0b66a -  - {"text":"{006_LocLetraNavegacion}"}
2025-10-17 12:18:52.992057 - rocketbot - INFO - request: 006_NavegacionMenuSiesa : line 1.3.4 - rpascripts : module  id: d80279e8-b706-f040-8ccd-b6211110a164 -  - {"module_name":"sendToLogs","module":"sendText","path":"{gblRutaLogs}","infoType":"trace","text":"Navega en la opcion {006_LocOpcioNavegacion} con la letra de referencia {006_LocLetraNavegacion}"}
2025-10-17 12:18:53.101430 - rocketbot - INFO - request: 006_NavegacionMenuSiesa : line 1.3.5 - rpasystem : wait  id: 374ded0c-f517-dd68-89d2-3db3e94e6ceb -  - 2
2025-10-17 12:18:55.101418 - rocketbot - INFO - request: 006_NavegacionMenuSiesa : line 1.3.6 - rpadesktop : alert  id: 58762b79-bbd4-e79b-75e6-fa00dc32bd99 -  - {006_LocLetraNavegacion}  {006_LocOpcioNavegacion}
2025-10-17 12:18:57.447972 - rocketbot - INFO - request: 006_NavegacionMenuSiesa : line 1.3 - rpalogic : for  id: 6da8cac0-6bd0-6d8d-0dae-338fb628f711 -  - {"iterable":"{diccionario}","count":4}
2025-10-17 12:18:57.447972 - rocketbot - INFO - For count: 5
2025-10-17 12:18:57.697970 - rocketbot - INFO - request: 006_NavegacionMenuSiesa : line 1.3.1 - rpasystem : setVar  id: 170498e8-1298-8bee-fd74-c6b1295c088c -  - {006_LocItemACtual}[0]
2025-10-17 12:18:57.760465 - rocketbot - INFO - request: 006_NavegacionMenuSiesa : line 1.3.2 - rpasystem : setVar  id: 259036b6-b221-30ef-db01-113ca88bc04f -  - {006_LocItemACtual}[1]
2025-10-17 12:18:58.010470 - rocketbot - INFO - request: 006_NavegacionMenuSiesa : line 1.3.3 - rpadesktop : send_keys  id: 04147493-5a16-accd-4977-335743b0b66a -  - {"text":"{006_LocLetraNavegacion}"}
2025-10-17 12:18:58.197967 - rocketbot - INFO - request: 006_NavegacionMenuSiesa : line 1.3.4 - rpascripts : module  id: d80279e8-b706-f040-8ccd-b6211110a164 -  - {"module_name":"sendToLogs","module":"sendText","path":"{gblRutaLogs}","infoType":"trace","text":"Navega en la opcion {006_LocOpcioNavegacion} con la letra de referencia {006_LocLetraNavegacion}"}
2025-10-17 12:18:58.385468 - rocketbot - INFO - request: 006_NavegacionMenuSiesa : line 1.3.5 - rpasystem : wait  id: 374ded0c-f517-dd68-89d2-3db3e94e6ceb -  - 2
2025-10-17 12:19:00.401087 - rocketbot - INFO - request: 006_NavegacionMenuSiesa : line 1.3.6 - rpadesktop : alert  id: 58762b79-bbd4-e79b-75e6-fa00dc32bd99 -  - {006_LocLetraNavegacion}  {006_LocOpcioNavegacion}
2025-10-17 12:19:04.901089 - rocketbot - INFO - request: 006_NavegacionMenuSiesa : line 1.3 - rpalogic : for  id: 6da8cac0-6bd0-6d8d-0dae-338fb628f711 -  - {"iterable":"{diccionario}","count":5}
2025-10-17 12:19:04.901089 - rocketbot - INFO - For count: 5
2025-10-17 12:19:30.713554 - rocketbot - INFO - request: 006_NavegacionMenuSiesa : line 1 - rpalogic : trycatch  id: d3008b59-47f2-b737-9f57-6651d000b2f0 -  - 
2025-10-17 12:19:30.965496 - rocketbot - INFO - request: 006_NavegacionMenuSiesa : line 1.1 - rpasystem : wait  id: 45462b1a-962d-5d6e-e184-b04ea64b960d -  - 3
2025-10-17 12:19:33.977488 - rocketbot - INFO - request: 006_NavegacionMenuSiesa : line 1.2 - rpascripts : execscriptpython  id: 5803bb43-c912-27fc-731e-d849a814d484 -  - diccionario = {006_GblDiccionarioNavegacionSiesa}\n\n\n# Convertir a lista de listas (no de tuplas)\nlista_listas = [[clave, valor] for clave, valor in diccionario.items()]\n\n# Guardar para usar en Rocketbot\nSetVar("diccionario", lista_listas)\n\nprint(lista_listas)\n
2025-10-17 12:19:34.446249 - rocketbot - INFO - request: 006_NavegacionMenuSiesa : line 1.3 - rpalogic : for  id: 6da8cac0-6bd0-6d8d-0dae-338fb628f711 -  - {"iterable":"{diccionario}","count":0}
2025-10-17 12:19:34.446249 - rocketbot - INFO - For count: 1
2025-10-17 12:19:34.711873 - rocketbot - INFO - request: 006_NavegacionMenuSiesa : line 1.3.1 - rpasystem : setVar  id: 170498e8-1298-8bee-fd74-c6b1295c088c -  - {006_LocItemACtual}[0]
2025-10-17 12:19:34.758754 - rocketbot - INFO - request: 006_NavegacionMenuSiesa : line 1.3.2 - rpasystem : setVar  id: 259036b6-b221-30ef-db01-113ca88bc04f -  - {006_LocItemACtual}[1]
2025-10-17 12:19:35.211881 - rocketbot - INFO - request: 006_NavegacionMenuSiesa : line 1.3.4 - rpascripts : module  id: d80279e8-b706-f040-8ccd-b6211110a164 -  - {"module_name":"sendToLogs","module":"sendText","path":"{gblRutaLogs}","infoType":"trace","text":"Navega en la opcion {006_LocOpcioNavegacion} con la letra de referencia {006_LocLetraNavegacion}"}
2025-10-17 12:19:35.399383 - rocketbot - INFO - request: 006_NavegacionMenuSiesa : line 1.3.5 - rpasystem : wait  id: 374ded0c-f517-dd68-89d2-3db3e94e6ceb -  - 2
2025-10-17 12:19:37.415034 - rocketbot - INFO - request: 006_NavegacionMenuSiesa : line 1.3.6 - rpadesktop : alert  id: 58762b79-bbd4-e79b-75e6-fa00dc32bd99 -  - {006_LocLetraNavegacion}  {006_LocOpcioNavegacion}
2025-10-17 12:19:43.870395 - rocketbot - INFO - request: 006_NavegacionMenuSiesa : line 1.3 - rpalogic : for  id: 6da8cac0-6bd0-6d8d-0dae-338fb628f711 -  - {"iterable":"{diccionario}","count":1}
2025-10-17 12:19:43.870395 - rocketbot - INFO - For count: 2
2025-10-17 12:19:44.136026 - rocketbot - INFO - request: 006_NavegacionMenuSiesa : line 1.3.1 - rpasystem : setVar  id: 170498e8-1298-8bee-fd74-c6b1295c088c -  - {006_LocItemACtual}[0]
2025-10-17 12:19:44.182910 - rocketbot - INFO - request: 006_NavegacionMenuSiesa : line 1.3.2 - rpasystem : setVar  id: 259036b6-b221-30ef-db01-113ca88bc04f -  - {006_LocItemACtual}[1]
2025-10-17 12:19:44.448537 - rocketbot - INFO - request: 006_NavegacionMenuSiesa : line 1.3.3 - rpadesktop : send_keys  id: 04147493-5a16-accd-4977-335743b0b66a -  - {"text":"{006_LocLetraNavegacion}"}
2025-10-17 12:19:44.620410 - rocketbot - INFO - request: 006_NavegacionMenuSiesa : line 1.3.4 - rpascripts : module  id: d80279e8-b706-f040-8ccd-b6211110a164 -  - {"module_name":"sendToLogs","module":"sendText","path":"{gblRutaLogs}","infoType":"trace","text":"Navega en la opcion {006_LocOpcioNavegacion} con la letra de referencia {006_LocLetraNavegacion}"}
2025-10-17 12:19:44.823545 - rocketbot - INFO - request: 006_NavegacionMenuSiesa : line 1.3.5 - rpasystem : wait  id: 374ded0c-f517-dd68-89d2-3db3e94e6ceb -  - 2
2025-10-17 12:19:46.834006 - rocketbot - INFO - request: 006_NavegacionMenuSiesa : line 1.3.6 - rpadesktop : alert  id: 58762b79-bbd4-e79b-75e6-fa00dc32bd99 -  - {006_LocLetraNavegacion}  {006_LocOpcioNavegacion}
2025-10-17 12:19:48.334037 - rocketbot - INFO - request: 006_NavegacionMenuSiesa : line 1.3 - rpalogic : for  id: 6da8cac0-6bd0-6d8d-0dae-338fb628f711 -  - {"iterable":"{diccionario}","count":2}
2025-10-17 12:19:48.334037 - rocketbot - INFO - For count: 3
2025-10-17 12:19:48.599670 - rocketbot - INFO - request: 006_NavegacionMenuSiesa : line 1.3.1 - rpasystem : setVar  id: 170498e8-1298-8bee-fd74-c6b1295c088c -  - {006_LocItemACtual}[0]
2025-10-17 12:19:48.646542 - rocketbot - INFO - request: 006_NavegacionMenuSiesa : line 1.3.2 - rpasystem : setVar  id: 259036b6-b221-30ef-db01-113ca88bc04f -  - {006_LocItemACtual}[1]
2025-10-17 12:19:48.912171 - rocketbot - INFO - request: 006_NavegacionMenuSiesa : line 1.3.3 - rpadesktop : send_keys  id: 04147493-5a16-accd-4977-335743b0b66a -  - {"text":"{006_LocLetraNavegacion}"}
2025-10-17 12:19:49.099676 - rocketbot - INFO - request: 006_NavegacionMenuSiesa : line 1.3.4 - rpascripts : module  id: d80279e8-b706-f040-8ccd-b6211110a164 -  - {"module_name":"sendToLogs","module":"sendText","path":"{gblRutaLogs}","infoType":"trace","text":"Navega en la opcion {006_LocOpcioNavegacion} con la letra de referencia {006_LocLetraNavegacion}"}
2025-10-17 12:19:49.287181 - rocketbot - INFO - request: 006_NavegacionMenuSiesa : line 1.3.5 - rpasystem : wait  id: 374ded0c-f517-dd68-89d2-3db3e94e6ceb -  - 2
2025-10-17 12:19:51.291291 - rocketbot - INFO - request: 006_NavegacionMenuSiesa : line 1.3.6 - rpadesktop : alert  id: 58762b79-bbd4-e79b-75e6-fa00dc32bd99 -  - {006_LocLetraNavegacion}  {006_LocOpcioNavegacion}
2025-10-17 12:19:53.723492 - rocketbot - INFO - request: 006_NavegacionMenuSiesa : line 1.3 - rpalogic : for  id: 6da8cac0-6bd0-6d8d-0dae-338fb628f711 -  - {"iterable":"{diccionario}","count":3}
2025-10-17 12:19:53.723492 - rocketbot - INFO - For count: 4
2025-10-17 12:19:53.989127 - rocketbot - INFO - request: 006_NavegacionMenuSiesa : line 1.3.1 - rpasystem : setVar  id: 170498e8-1298-8bee-fd74-c6b1295c088c -  - {006_LocItemACtual}[0]
2025-10-17 12:19:54.051631 - rocketbot - INFO - request: 006_NavegacionMenuSiesa : line 1.3.2 - rpasystem : setVar  id: 259036b6-b221-30ef-db01-113ca88bc04f -  - {006_LocItemACtual}[1]
2025-10-17 12:19:54.692262 - rocketbot - INFO - request: 006_NavegacionMenuSiesa : line 1.3.3 - rpadesktop : send_keys  id: 04147493-5a16-accd-4977-335743b0b66a -  - {"text":"{006_LocLetraNavegacion}"}
2025-10-17 12:19:54.957894 - rocketbot - INFO - request: 006_NavegacionMenuSiesa : line 1.3.4 - rpascripts : module  id: d80279e8-b706-f040-8ccd-b6211110a164 -  - {"module_name":"sendToLogs","module":"sendText","path":"{gblRutaLogs}","infoType":"trace","text":"Navega en la opcion {006_LocOpcioNavegacion} con la letra de referencia {006_LocLetraNavegacion}"}
2025-10-17 12:19:55.067272 - rocketbot - INFO - request: 006_NavegacionMenuSiesa : line 1.3.5 - rpasystem : wait  id: 374ded0c-f517-dd68-89d2-3db3e94e6ceb -  - 2
2025-10-17 12:19:57.067324 - rocketbot - INFO - request: 006_NavegacionMenuSiesa : line 1.3.6 - rpadesktop : alert  id: 58762b79-bbd4-e79b-75e6-fa00dc32bd99 -  - {006_LocLetraNavegacion}  {006_LocOpcioNavegacion}
2025-10-17 12:20:00.830216 - rocketbot - INFO - request: 006_NavegacionMenuSiesa : line 1.3 - rpalogic : for  id: 6da8cac0-6bd0-6d8d-0dae-338fb628f711 -  - {"iterable":"{diccionario}","count":4}
2025-10-17 12:20:00.830216 - rocketbot - INFO - For count: 5
2025-10-17 12:20:01.080223 - rocketbot - INFO - request: 006_NavegacionMenuSiesa : line 1.3.1 - rpasystem : setVar  id: 170498e8-1298-8bee-fd74-c6b1295c088c -  - {006_LocItemACtual}[0]
2025-10-17 12:20:01.142725 - rocketbot - INFO - request: 006_NavegacionMenuSiesa : line 1.3.2 - rpasystem : setVar  id: 259036b6-b221-30ef-db01-113ca88bc04f -  - {006_LocItemACtual}[1]
2025-10-17 12:20:01.392731 - rocketbot - INFO - request: 006_NavegacionMenuSiesa : line 1.3.3 - rpadesktop : send_keys  id: 04147493-5a16-accd-4977-335743b0b66a -  - {"text":"{006_LocLetraNavegacion}"}
2025-10-17 12:20:01.580237 - rocketbot - INFO - request: 006_NavegacionMenuSiesa : line 1.3.4 - rpascripts : module  id: d80279e8-b706-f040-8ccd-b6211110a164 -  - {"module_name":"sendToLogs","module":"sendText","path":"{gblRutaLogs}","infoType":"trace","text":"Navega en la opcion {006_LocOpcioNavegacion} con la letra de referencia {006_LocLetraNavegacion}"}
2025-10-17 12:20:01.767743 - rocketbot - INFO - request: 006_NavegacionMenuSiesa : line 1.3.5 - rpasystem : wait  id: 374ded0c-f517-dd68-89d2-3db3e94e6ceb -  - 2
2025-10-17 12:20:03.769642 - rocketbot - INFO - request: 006_NavegacionMenuSiesa : line 1.3.6 - rpadesktop : alert  id: 58762b79-bbd4-e79b-75e6-fa00dc32bd99 -  - {006_LocLetraNavegacion}  {006_LocOpcioNavegacion}
2025-10-17 12:20:07.082230 - rocketbot - INFO - request: 006_NavegacionMenuSiesa : line 1.3 - rpalogic : for  id: 6da8cac0-6bd0-6d8d-0dae-338fb628f711 -  - {"iterable":"{diccionario}","count":5}
2025-10-17 12:20:07.082230 - rocketbot - INFO - For count: 5
2025-10-17 12:20:57.560923 - rocketbot - INFO - request: 006_NavegacionMenuSiesa : line 1 - rpalogic : trycatch  id: d3008b59-47f2-b737-9f57-6651d000b2f0 -  - 
2025-10-17 12:20:57.810857 - rocketbot - INFO - request: 006_NavegacionMenuSiesa : line 1.1 - rpasystem : wait  id: 45462b1a-962d-5d6e-e184-b04ea64b960d -  - 3
2025-10-17 12:21:00.832920 - rocketbot - INFO - request: 006_NavegacionMenuSiesa : line 1.2 - rpascripts : execscriptpython  id: 5803bb43-c912-27fc-731e-d849a814d484 -  - diccionario = {006_GblDiccionarioNavegacionSiesa}\n\n\n# Convertir a lista de listas (no de tuplas)\nlista_listas = [[clave, valor] for clave, valor in diccionario.items()]\n\n# Guardar para usar en Rocketbot\nSetVar("diccionario", lista_listas)\n\nprint(lista_listas)\n
2025-10-17 12:21:01.301693 - rocketbot - INFO - request: 006_NavegacionMenuSiesa : line 1.3 - rpalogic : for  id: 6da8cac0-6bd0-6d8d-0dae-338fb628f711 -  - {"iterable":"{diccionario}","count":0}
2025-10-17 12:21:01.301693 - rocketbot - INFO - For count: 1
2025-10-17 12:21:01.567329 - rocketbot - INFO - request: 006_NavegacionMenuSiesa : line 1.3.1 - rpasystem : setVar  id: 170498e8-1298-8bee-fd74-c6b1295c088c -  - {006_LocItemACtual}[0]
2025-10-17 12:21:01.629833 - rocketbot - INFO - request: 006_NavegacionMenuSiesa : line 1.3.2 - rpasystem : setVar  id: 259036b6-b221-30ef-db01-113ca88bc04f -  - {006_LocItemACtual}[1]
2025-10-17 12:21:02.286116 - rocketbot - INFO - request: 006_NavegacionMenuSiesa : line 1.3.3 - rpadesktop : send_keys  id: 04147493-5a16-accd-4977-335743b0b66a -  - {"text":"{006_LocLetraNavegacion}"}
2025-10-17 12:21:02.551750 - rocketbot - INFO - request: 006_NavegacionMenuSiesa : line 1.3.4 - rpascripts : module  id: d80279e8-b706-f040-8ccd-b6211110a164 -  - {"module_name":"sendToLogs","module":"sendText","path":"{gblRutaLogs}","infoType":"trace","text":"Navega en la opcion {006_LocOpcioNavegacion} con la letra de referencia {006_LocLetraNavegacion}"}
2025-10-17 12:21:02.661127 - rocketbot - INFO - request: 006_NavegacionMenuSiesa : line 1.3.5 - rpasystem : wait  id: 374ded0c-f517-dd68-89d2-3db3e94e6ceb -  - 1
2025-10-17 12:21:03.661452 - rocketbot - INFO - request: 006_NavegacionMenuSiesa : line 1.3 - rpalogic : for  id: 6da8cac0-6bd0-6d8d-0dae-338fb628f711 -  - {"iterable":"{diccionario}","count":1}
2025-10-17 12:21:03.661452 - rocketbot - INFO - For count: 2
2025-10-17 12:21:04.177101 - rocketbot - INFO - request: 006_NavegacionMenuSiesa : line 1.3.1 - rpasystem : setVar  id: 170498e8-1298-8bee-fd74-c6b1295c088c -  - {006_LocItemACtual}[0]
2025-10-17 12:21:04.442737 - rocketbot - INFO - request: 006_NavegacionMenuSiesa : line 1.3.2 - rpasystem : setVar  id: 259036b6-b221-30ef-db01-113ca88bc04f -  - {006_LocItemACtual}[1]
2025-10-17 12:21:04.489613 - rocketbot - INFO - request: 006_NavegacionMenuSiesa : line 1.3.3 - rpadesktop : send_keys  id: 04147493-5a16-accd-4977-335743b0b66a -  - {"text":"{006_LocLetraNavegacion}"}
2025-10-17 12:21:04.755251 - rocketbot - INFO - request: 006_NavegacionMenuSiesa : line 1.3.4 - rpascripts : module  id: d80279e8-b706-f040-8ccd-b6211110a164 -  - {"module_name":"sendToLogs","module":"sendText","path":"{gblRutaLogs}","infoType":"trace","text":"Navega en la opcion {006_LocOpcioNavegacion} con la letra de referencia {006_LocLetraNavegacion}"}
2025-10-17 12:21:04.927142 - rocketbot - INFO - request: 006_NavegacionMenuSiesa : line 1.3.5 - rpasystem : wait  id: 374ded0c-f517-dd68-89d2-3db3e94e6ceb -  - 1
2025-10-17 12:21:05.942805 - rocketbot - INFO - request: 006_NavegacionMenuSiesa : line 1.3 - rpalogic : for  id: 6da8cac0-6bd0-6d8d-0dae-338fb628f711 -  - {"iterable":"{diccionario}","count":2}
2025-10-17 12:21:05.958431 - rocketbot - INFO - For count: 3
2025-10-17 12:21:06.427201 - rocketbot - INFO - request: 006_NavegacionMenuSiesa : line 1.3.1 - rpasystem : setVar  id: 170498e8-1298-8bee-fd74-c6b1295c088c -  - {006_LocItemACtual}[0]
2025-10-17 12:21:06.692845 - rocketbot - INFO - request: 006_NavegacionMenuSiesa : line 1.3.2 - rpasystem : setVar  id: 259036b6-b221-30ef-db01-113ca88bc04f -  - {006_LocItemACtual}[1]
2025-10-17 12:21:06.770968 - rocketbot - INFO - request: 006_NavegacionMenuSiesa : line 1.3.3 - rpadesktop : send_keys  id: 04147493-5a16-accd-4977-335743b0b66a -  - {"text":"{006_LocLetraNavegacion}"}
2025-10-17 12:21:07.614762 - rocketbot - INFO - request: 006_NavegacionMenuSiesa : line 1.3.5 - rpasystem : wait  id: 374ded0c-f517-dd68-89d2-3db3e94e6ceb -  - 1
2025-10-17 12:21:08.630432 - rocketbot - INFO - request: 006_NavegacionMenuSiesa : line 1.3 - rpalogic : for  id: 6da8cac0-6bd0-6d8d-0dae-338fb628f711 -  - {"iterable":"{diccionario}","count":3}
2025-10-17 12:21:08.630432 - rocketbot - INFO - For count: 4
2025-10-17 12:21:09.130457 - rocketbot - INFO - request: 006_NavegacionMenuSiesa : line 1.3.1 - rpasystem : setVar  id: 170498e8-1298-8bee-fd74-c6b1295c088c -  - {006_LocItemACtual}[0]
2025-10-17 12:21:09.396096 - rocketbot - INFO - request: 006_NavegacionMenuSiesa : line 1.3.2 - rpasystem : setVar  id: 259036b6-b221-30ef-db01-113ca88bc04f -  - {006_LocItemACtual}[1]
2025-10-17 12:21:09.442974 - rocketbot - INFO - request: 006_NavegacionMenuSiesa : line 1.3.3 - rpadesktop : send_keys  id: 04147493-5a16-accd-4977-335743b0b66a -  - {"text":"{006_LocLetraNavegacion}"}
2025-10-17 12:21:09.708612 - rocketbot - INFO - request: 006_NavegacionMenuSiesa : line 1.3.4 - rpascripts : module  id: d80279e8-b706-f040-8ccd-b6211110a164 -  - {"module_name":"sendToLogs","module":"sendText","path":"{gblRutaLogs}","infoType":"trace","text":"Navega en la opcion {006_LocOpcioNavegacion} con la letra de referencia {006_LocLetraNavegacion}"}
2025-10-17 12:21:09.880500 - rocketbot - INFO - request: 006_NavegacionMenuSiesa : line 1.3.5 - rpasystem : wait  id: 374ded0c-f517-dd68-89d2-3db3e94e6ceb -  - 1
2025-10-17 12:21:10.896175 - rocketbot - INFO - request: 006_NavegacionMenuSiesa : line 1.3 - rpalogic : for  id: 6da8cac0-6bd0-6d8d-0dae-338fb628f711 -  - {"iterable":"{diccionario}","count":4}
2025-10-17 12:21:10.896175 - rocketbot - INFO - For count: 5
2025-10-17 12:21:11.380575 - rocketbot - INFO - request: 006_NavegacionMenuSiesa : line 1.3.1 - rpasystem : setVar  id: 170498e8-1298-8bee-fd74-c6b1295c088c -  - {006_LocItemACtual}[0]
2025-10-17 12:21:11.646214 - rocketbot - INFO - request: 006_NavegacionMenuSiesa : line 1.3.2 - rpasystem : setVar  id: 259036b6-b221-30ef-db01-113ca88bc04f -  - {006_LocItemACtual}[1]
2025-10-17 12:21:11.724343 - rocketbot - INFO - request: 006_NavegacionMenuSiesa : line 1.3.3 - rpadesktop : send_keys  id: 04147493-5a16-accd-4977-335743b0b66a -  - {"text":"{006_LocLetraNavegacion}"}
2025-10-17 12:21:12.318121 - rocketbot - INFO - request: 006_NavegacionMenuSiesa : line 1.3.4 - rpascripts : module  id: d80279e8-b706-f040-8ccd-b6211110a164 -  - {"module_name":"sendToLogs","module":"sendText","path":"{gblRutaLogs}","infoType":"trace","text":"Navega en la opcion {006_LocOpcioNavegacion} con la letra de referencia {006_LocLetraNavegacion}"}
2025-10-17 12:21:12.583762 - rocketbot - INFO - request: 006_NavegacionMenuSiesa : line 1.3.5 - rpasystem : wait  id: 374ded0c-f517-dd68-89d2-3db3e94e6ceb -  - 1
2025-10-17 12:21:13.585591 - rocketbot - INFO - request: 006_NavegacionMenuSiesa : line 1.3 - rpalogic : for  id: 6da8cac0-6bd0-6d8d-0dae-338fb628f711 -  - {"iterable":"{diccionario}","count":5}
2025-10-17 12:21:13.585591 - rocketbot - INFO - For count: 5
2025-10-17 12:27:47.572088 - rocketbot - INFO - request: 006_NavegacionMenuSiesa : line 1.2 - rpascripts : execscriptpython  id: 5803bb43-c912-27fc-731e-d849a814d484 -  - diccionario = {006_GblDiccionarioNavegacionSiesa}\n\n\n# Convertir a lista de listas (no de tuplas)\nlista_listas = [[clave, valor] for clave, valor in diccionario.items()]\n\n# Guardar para usar en Rocketbot\nSetVar("diccionario", lista_listas)\n\nprint(lista_listas)\n
