2025-11-05 11:22:30.987950 - rocketbot - INFO - request: 025_ProcesarFlujo2 : line 1 - rpalogic : trycatch  id: fbd940bf-555a-9d67-e0e9-188ccb3f1a67 -  - 
2025-11-05 11:22:30.987950 - rocketbot - INFO - request: 025_ProcesarFlujo2 : line 1.1 - rpasystem : setVar  id: 52020385-5c3f-6da3-0ed1-eb91a1db97c8 -  - False
2025-11-05 11:22:30.987950 - rocketbot - INFO - request: scripts : execRocketBotDB : line 1.2 - - 003_AbrirSiesa8.5
2025-11-05 11:22:31.003569 - rocketbot - INFO - request: 003_AbrirSiesa8.5 : line 1 - rpalogic : trycatch  id: 791cf817-563a-4f8a-a892-2f5c13f8a36e -  - 
2025-11-05 11:22:31.019194 - rocketbot - INFO - request: 003_AbrirSiesa8.5 : line 1.1 - rpasystem : setVar  id: 5e12baab-e255-ea0d-9a48-fd92d4649a9b -  - False
2025-11-05 11:22:31.019194 - rocketbot - INFO - request: 003_AbrirSiesa8.5 : line 1.2 - rpascripts : module  id: b83d9f90-44c6-67a9-64cc-6513db8480af -  - {"module_name":"Vortex-Utils","module":"sendText","path":"{gblRutaLogs}","infoType":"info","text":"Se va a iniciar el aplicativo de Siesa 8.5."}
2025-11-05 11:22:31.019194 - rocketbot - INFO - request: 003_AbrirSiesa8.5 : line 1.3 - rpascripts : execscriptpython  id: 2ff61e90-2c0d-9eb4-1c00-11eba88d6842 -  - import pyautogui\nfrom time import sleep\n\nfrom VortexLibrary import logger \nlogger.log_path = "{gblRutaLogs}"\nlogger.task_name = tmp_global_obj["profile"]["name"]\n\nlogger.info("Esperando 1 segundo antes de ejecutar pyautogui.hotkey('win', 'd').")\nsleep(1)  # (Opcional) Te da 1 seg antes de ejecutar\nlogger.info("Enviando hotkey 'win' + 'd' para mostrar el escritorio.")\npyautogui.hotkey('win', 'd')
2025-11-05 11:22:32.132034 - rocketbot - INFO - request: 003_AbrirSiesa8.5 : line 1.4 - rpascripts : execscriptpython  id: 11b41548-f3b0-c1b8-7b10-217e8309faa1 -  - global logger\n\nfrom VortexLibrary import logger \nlogger.log_path = "{gblRutaLogs}"\nlogger.task_name = tmp_global_obj["profile"]["name"]\n\nruta = GetVar('loc003RutaEjecutable')\n\ndef ejecutar_exe(ruta_exe):\n    import os\n    import subprocess\n\n    # Verifica si el ejecutable existe en la ruta obtenida\n    if not os.path.exists(ruta_exe):\n        msg = f"El archivo no existe en la ruta: {ruta_exe}"\n        print(msg)\n        logger.warning(msg)\n        return\n    \n    try:\n        # Ejecutamos el ejecutable .exe de siesa 8.5\n        logger.info(f"Intentando ejecutar: {ruta_exe}")\n        subprocess.Popen(ruta_exe, shell=True)\n        msg_success = f"Ejecutando: {ruta_exe}"\n        print(msg_success)\n        logger.info(msg_success)\n    except Exception as e:\n        msg_error = f"Error al ejecutar el archivo: {e}"\n        print(msg_error)\n        logger.warning(msg_error)\n        raise e\n\n\n# Ejecutamos la función creada\nejecutar_exe(ruta)\n
2025-11-05 11:22:32.194539 - rocketbot - INFO - request: 003_AbrirSiesa8.5 : line 1.5 - rpasystem : wait  id: f9c8b549-af85-eb6c-42c6-ba1b161756a9 -  - 3
2025-11-05 11:22:35.210241 - rocketbot - INFO - request: 003_AbrirSiesa8.5 : line 1.6 - rpascripts : execscriptpython  id: d35d18bc-2a8d-b8ca-d532-30462da9739e -  - nameVentana = GetVar('loc003NombreVetana')\n\ndef enfocar_ventana(nombre):\n    import pygetwindow as gw\n    from time import sleep\n\n    from VortexLibrary import logger \n    logger.log_path = "{gblRutaLogs}"\n    logger.task_name = tmp_global_obj["profile"]["name"]\n\n    logger.info(f"Buscando ventanas abiertas para encontrar coincidencia con el nombre: '{nombre}'")\n    ventanas = gw.getAllTitles()\n    logger.info(f"Títulos de ventanas encontradas: {ventanas}")\n\n    coincidencias = [v for v in ventanas if nombre.lower() in v.lower() and v.strip() != ""]\n\n    if not coincidencias:\n        msg = f"No se encontró ninguna ventana con el nombre que contenga: '{nombre}'"\n        print(msg)\n        logger.warning(msg)\n        return\n\n    ventana = gw.getWindowsWithTitle(coincidencias[0])[0]\n    logger.info(f"Ventana encontrada con coincidencia: '{ventana.title}'. Intentando enfocar.")\n\n    ventana.activate()\n    sleep(0.5)\n\n    msg_success = f"Ventana enfocada: {ventana.title}"\n    logger.info(msg_success)\n    print(msg_success)\n\n\nenfocar_ventana(nameVentana)
2025-11-05 11:22:35.710255 - rocketbot - INFO - request: 003_AbrirSiesa8.5 : line 1.7 - rpasystem : wait  id: 58c12eaa-3eec-4dca-f7f1-eed5886bc3c5 -  - 3
2025-11-05 11:22:38.724178 - rocketbot - INFO - request: 003_AbrirSiesa8.5 : line 1.8 - rpascripts : execscriptpython  id: 6c8a0ef1-3a77-8e60-a1f7-0d3a56c2950a -  - nameVentana = GetVar('loc003NombreVetana')\n\ndef maximizar_ventana(nombre):\n    import pygetwindow as gw\n    from time import sleep\n\n    from VortexLibrary import logger \n    logger.log_path = "{gblRutaLogs}"\n    logger.task_name = tmp_global_obj["profile"]["name"]\n\n    logger.info(f"Buscando ventanas abiertas para encontrar coincidencia con el nombre: '{nombre}'")\n    ventanas = gw.getAllTitles()\n    logger.info(f"Títulos de ventanas encontradas: {ventanas}")\n\n    coincidencias = [v for v in ventanas if nombre.lower() in v.lower() and v.strip() != ""]\n\n    if not coincidencias:\n        msg = f"No se encontró ninguna ventana con el nombre que contenga: '{nombre}'"\n        print(msg)\n        logger.warning(msg)\n        return\n\n    ventana = gw.getWindowsWithTitle(coincidencias[0])[0]\n    logger.info(f"Ventana encontrada con coincidencia: '{ventana.title}'. Intentando maximizar y enfocar.")\n\n    ventana.activate()\n    sleep(0.3)  # pequeña pausa para asegurar el enfoque\n    ventana.maximize()\n\n    msg_success = f"Ventana maximizada: {ventana.title}"\n    logger.info(msg_success)\n    print(msg_success)\n\nmaximizar_ventana(nameVentana)\n
2025-11-05 11:22:39.067932 - rocketbot - INFO - request: 003_AbrirSiesa8.5 : line 1.9 - rpasystem : wait  id: 2f34a246-8596-d1f7-ecb3-5f07f4cd35c8 -  - 3
2025-11-05 11:22:42.068015 - rocketbot - INFO - request: scripts : execRocketBotDB : line 1.10 - - 004_ObtenerInformacionDePantallaSiesa8.5
2025-11-05 11:22:42.083644 - rocketbot - INFO - request: 004_ObtenerInformacionDePantallaSiesa8.5 : line 1 - rpalogic : trycatch  id: fa7c7061-0859-fcb6-9723-125ee17cc020 -  - 
2025-11-05 11:22:42.083644 - rocketbot - INFO - request: 004_ObtenerInformacionDePantallaSiesa8.5 : line 1.1 - rpasystem : setVar  id: a0717771-b651-c0cf-891f-3edb9bd05bbe -  - False
2025-11-05 11:22:42.083644 - rocketbot - INFO - request: 004_ObtenerInformacionDePantallaSiesa8.5 : line 1.2 - rpascripts : module  id: 1423ff36-a9f9-bfc7-a676-1688d9bd5ea4 -  - {"module_name":"Vortex-Utils","module":"sendText","path":"{gblRutaLogs}","infoType":"info","text":"Se va a extraer el texto de la pantalla de Siesa8.5."}
2025-11-05 11:22:42.083644 - rocketbot - INFO - request: 004_ObtenerInformacionDePantallaSiesa8.5 : line 1.3 - rpasystem : wait  id: f7cbe75d-c290-455d-ef71-5aed7486c17e -  - 1
2025-11-05 11:22:43.099288 - rocketbot - INFO - request: 004_ObtenerInformacionDePantallaSiesa8.5 : line 1.4 - rpadesktop : send_keys  id: 17f67f4b-e9fc-4d46-0818-18407aa74b2a -  - {"text":"%{SPACE}"}
2025-11-05 11:22:43.286793 - rocketbot - INFO - request: 004_ObtenerInformacionDePantallaSiesa8.5 : line 1.5 - rpascripts : module  id: 006abc75-e673-6c2d-31c3-24bd51157cf8 -  - {"module_name":"Vortex-Utils","module":"sendText","path":"{gblRutaLogs}","infoType":"trace","text":"Se abre menu contextual."}
2025-11-05 11:22:43.286793 - rocketbot - INFO - request: 004_ObtenerInformacionDePantallaSiesa8.5 : line 1.6 - rpasystem : wait  id: 30428fbb-ffa5-73dc-0be2-2608b4c0cc24 -  - 1
2025-11-05 11:22:44.286825 - rocketbot - INFO - request: 004_ObtenerInformacionDePantallaSiesa8.5 : line 1.7 - rpadesktop : send_keys  id: 251f900c-e1d9-ea83-dff5-c2baf916fe7f -  - {"text":"o"}
2025-11-05 11:22:44.349325 - rocketbot - INFO - request: 004_ObtenerInformacionDePantallaSiesa8.5 : line 1.8 - rpascripts : module  id: a40c5f60-941b-be13-5d67-86a2ebeb3c04 -  - {"module_name":"Vortex-Utils","module":"sendText","path":"{gblRutaLogs}","infoType":"trace","text":"Copiar al portapapeles."}
2025-11-05 11:22:44.349325 - rocketbot - INFO - request: 004_ObtenerInformacionDePantallaSiesa8.5 : line 1.9 - rpasystem : wait  id: dd7d7ecd-aaeb-fd97-889a-79d99f19bd89 -  - 1
2025-11-05 11:22:45.350486 - rocketbot - INFO - request: 004_ObtenerInformacionDePantallaSiesa8.5 : line 1.10 - rpascripts : module  id: 48a1d356-892b-85e1-72ac-998173bbea84 -  - {"module_name":"clipboard","module":"getClipboard","var_":"gblInfoPantalla"}
2025-11-05 11:22:45.553622 - rocketbot - INFO - request: 004_ObtenerInformacionDePantallaSiesa8.5 : line 1.11 - rpasystem : setVar  id: f2ff01d2-d37a-8119-ca89-51981835da8c -  - True
2025-11-05 11:22:45.553622 - rocketbot - INFO - request: 003_AbrirSiesa8.5 : line 1.11 - rpalogic : evaluateIf  id: 077d1075-b12c-9965-d8a7-3cf88dbd0dd0 -  - not {gblBandProceso}
2025-11-05 11:22:45.553622 - rocketbot - INFO - request: 003_AbrirSiesa8.5 : line 1.12 - rpascripts : execscriptpython  id: b112488f-1d45-bb16-d707-bf2f8f67df37 -  - def es_pantalla_login(texto):\n    """\n    Valida si el texto recibido corresponde a la pantalla de login de SIESA.\n\n    Criterios:\n      - Debe estar la frase "Codigo de Usuario".\n      - Debe estar "SIESA" (puede estar en varias posiciones).\n      - Debe haber líneas de encabezado típicas como "autoriza el uso de esta copia"\n    """\n    from VortexLibrary import logger\n\n    logger.log_path = "{gblRutaLogs}"\n    logger.task_name = tmp_global_obj["profile"]["name"]\n\n    if not isinstance(texto, str):\n        logger.warning("El valor recibido para analizar pantalla de login no es string.")\n        return False\n\n    logger.info("Validando pantalla de login SIESA...")\n    patrones_requeridos = [\n        "codigo de usuario",  # campo loginz\n        "codigo de seguridad",  # campo password\n        "siesa",  # nombre producto\n        "autoriza el uso de esta copia",  # leyenda de legalidad\n        "serial:",  # info de copia\n    ]\n    texto_min = texto.lower()\n\n    for patron in patrones_requeridos:\n        if patron not in texto_min:\n            logger.info(f"No se encontró el patrón requerido en pantalla: '{patron}'")\n            return False\n        else:\n            logger.info(f"Patrón encontrado: '{patron}'")\n\n    logger.info("Pantalla de login SIESA detectada exitosamente.")\n    return True\n\n\n# Ejemplo de uso:\nrespuesta_terminal = """{gblInfoPantalla}"""\n\nresultado = es_pantalla_login(respuesta_terminal)\n\nif resultado:\n    logger.info("Detectada pantalla de login de SIESA.")\n    SetVar('loc003PantallaLogin', 'True')\nelse:\n    logger.info("No se detecta pantalla de login.")\n    SetVar('loc003PantallaLogin', 'False')
2025-11-05 11:22:45.553622 - rocketbot - INFO - request: 003_AbrirSiesa8.5 : line 1.13 - rpalogic : evaluateIf  id: 426dceae-93ce-a7c3-be05-ddf332727196 -  - not {loc003PantallaLogin}
2025-11-05 11:22:45.569243 - rocketbot - INFO - request: 003_AbrirSiesa8.5 : line 1.14 - rpascripts : module  id: 5af6ff3a-f147-325a-e567-0e1fda9863ad -  - {"module_name":"Vortex-Utils","module":"sendText","path":"{gblRutaLogs}","infoType":"info","text":"Se abrio el aplicativo correctamente."}
2025-11-05 11:22:45.584876 - rocketbot - INFO - request: 003_AbrirSiesa8.5 : line 1.15 - rpasystem : setVar  id: 8031df2f-282f-390b-bb25-292b6447ed93 -  - True
2025-11-05 11:22:45.600496 - rocketbot - INFO - request: 025_ProcesarFlujo2 : line 1.3 - rpalogic : evaluateIf  id: a847fa7d-da16-e9ae-e843-ff9dff9d2d18 -  - not {gblBandProceso}
2025-11-05 11:22:45.600496 - rocketbot - INFO - request: scripts : execRocketBotDB : line 1.4 - - 005_LoginSiesa8.5
2025-11-05 11:22:45.616129 - rocketbot - INFO - request: 005_LoginSiesa8.5 : line 1 - rpalogic : trycatch  id: aec30957-3197-93af-7223-14ea505f6991 -  - 
2025-11-05 11:22:45.616129 - rocketbot - INFO - request: 005_LoginSiesa8.5 : line 1.1 - rpasystem : wait  id: 59fef937-baf8-54ee-afdd-cc2fc5d8f4a3 -  - 2
2025-11-05 11:22:47.631801 - rocketbot - INFO - request: 005_LoginSiesa8.5 : line 1.2 - rpasystem : setVar  id: 9b74d0a6-8ac8-3c9e-d1ba-7c96a728f2ea -  - False
2025-11-05 11:22:47.631801 - rocketbot - INFO - request: 005_LoginSiesa8.5 : line 1.3 - rpascripts : execscriptpython  id: 2c82a0f9-c7d6-a9f6-7b16-4ddb970e01ad -  - nameVentana = GetVar('loc005NombreVetana')\n\ndef enfocar_ventana(nombre):\n    import pygetwindow as gw\n    from time import sleep\n\n    from VortexLibrary import logger \n    logger.log_path = "{gblRutaLogs}"\n    logger.task_name = tmp_global_obj["profile"]["name"]\n\n    logger.info(f"Buscando ventanas abiertas para encontrar coincidencia con el nombre: '{nombre}'")\n    ventanas = gw.getAllTitles()\n    logger.info(f"Títulos de ventanas encontradas: {ventanas}")\n\n    coincidencias = [v for v in ventanas if nombre.lower() in v.lower() and v.strip() != ""]\n\n    if not coincidencias:\n        msg = f"No se encontró ninguna ventana con el nombre que contenga: '{nombre}'"\n        print(msg)\n        logger.warning(msg)\n        return\n\n    ventana = gw.getWindowsWithTitle(coincidencias[0])[0]\n    logger.info(f"Ventana encontrada con coincidencia: '{ventana.title}'. Intentando enfocar.")\n\n    ventana.activate()\n    sleep(0.5)\n\n    msg_success = f"Ventana enfocada: {ventana.title}"\n    logger.info(msg_success)\n    print(msg_success)\n\n\nenfocar_ventana(nameVentana)
2025-11-05 11:22:48.147435 - rocketbot - INFO - request: 005_LoginSiesa8.5 : line 1.4 - rpadesktop : send_keys  id: ed77a988-0f58-7dfb-c20f-70d6baefbfd9 -  - {"text":"{gblUsuarioSiesa}"}
2025-11-05 11:22:48.147435 - Rocketbot - ERROR - EXCEPTION IN (<string> Rocketbot, L_249 ""): RuntimeError: Unknown code: gblUsuarioSiesa
2025-11-05 11:22:48.350566 - rocketbot - INFO - request: 005_LoginSiesa8.5 : line 1.1 - rpascripts : module  id: 5f0030c8-99f3-4eda-1a2a-a4cf72e13355 -  - {"module_name":"Vortex-Utils","module":"sendText","path":"{gblRutaLogs}","infoType":"error","text":"Ocurrio un error al iniciar el aplicativo de SIesa 8.5."}
2025-11-05 11:22:48.366192 - rocketbot - INFO - request: 025_ProcesarFlujo2 : line 1.5 - rpalogic : evaluateIf  id: aa6d3189-3fcc-88a2-9692-ed354c14a6c0 -  - not {gblBandProceso}
2025-11-05 11:22:48.366192 - rocketbot - INFO - request: 025_ProcesarFlujo2 : line 1.5.1 - rpascripts : module  id: 37386f4b-86c6-a996-abb3-17ae6c5ff317 -  - {"module_name":"sendToLogs","module":"sendText","path":"{gblRutaLogs}","infoType":"warning","text":"No se logro realizar correctamente el inicio de sesion en el aplicativo Siesa 8.5"}
2025-11-05 11:22:48.397442 - rocketbot - INFO - request: scripts : line 1.5.2 - rpascripts : stop - id: 3dd47275-3da8-cccc-8c56-dfc93a025417- - 
2025-11-05 11:22:48.397442 - rocketbot - INFO - request: 018_ProcesarRegistro : line 1.8.2 - rpalogic : evaluateIf  id: f1209a06-27c8-8878-48f3-4b8d110a9c2c -  - not {gblBandProceso}
2025-11-05 11:22:48.397442 - rocketbot - INFO - request: 018_ProcesarRegistro : line 1.8.2.1 - rpascripts : module  id: e9510ed8-ad56-913c-6285-bdca5aed5756 -  - {"module_name":"Vortex-Utils","module":"sendText","path":"{gblRutaLogs}","infoType":"warning","text":"Algo fallo al realizar la busqueda por numero de proceso."}
2025-11-05 11:22:48.413067 - rocketbot - INFO - request: scripts : execRocketBotDB : line 1.8.2.2 - - 021_CerrarWorkmanager
2025-11-05 11:22:48.428701 - rocketbot - INFO - request: 021_CerrarWorkmanager : line 1 - rpalogic : trycatch  id: 4686e547-bd52-6dd5-8b73-bde33058db29 -  - 
2025-11-05 11:22:48.428701 - rocketbot - INFO - request: 021_CerrarWorkmanager : line 1.1 - rpasystem : setVar  id: d072c8e0-3d68-6560-d2a9-e376f7640c15 -  - False
2025-11-05 11:22:48.428701 - rocketbot - INFO - request: 021_CerrarWorkmanager : line 1.2 - rpascripts : module  id: aebb285f-bada-e33d-0030-30a1c2e637ee -  - {"module_name":"System++","module":"cleanVars","vars":"loc021NavegadorAbierto"}
2025-11-05 11:22:48.428701 - rocketbot - INFO - request: 021_CerrarWorkmanager : line 1.3 - rpascripts : module  id: 27ca5f6b-b4d5-2f0e-11d4-f36255676401 -  - {"module_name":"Vortex-Utils","module":"sendText","path":"{gblRutaLogs}","infoType":"info","text":"Se intenta cerrar Workmanager con Close Browser."}
2025-11-05 11:22:48.428701 - rocketbot - INFO - request: 021_CerrarWorkmanager : line 1.4 - rpaweb : killdriver  id: ac96e4b0-8cf0-7476-f043-89404bf2efaf -  - 
2025-11-05 11:22:48.444320 - rpaweb - ERROR - EXCEPTION IN (<string> rpaweb, L_176 ""): Exception: Webbrowser default not load
2025-11-05 11:22:48.631823 - rocketbot - INFO - request: 021_CerrarWorkmanager : line 1.1 - rpascripts : module  id: c84a5516-2214-068d-a176-669a083163f7 -  - {"module_name":"Vortex-Utils","module":"sendText","path":"{gblRutaLogs}","infoType":"error","text":"Ocurrió un error al cerrar Workmanager."}
2025-11-05 11:22:48.678699 - rocketbot - INFO - request: scripts : line 1.8.2.3 - rpascripts : stop - id: d8245ba0-a8a7-5d22-fea6-d21c7ea7884d- - 
2025-11-05 11:22:48.694328 - rocketbot - INFO - request: scripts : execRocketBotDB : line 8.1.3 - - 020_ActualizarArchivoDeSeguimiento
2025-11-05 11:22:48.709953 - rocketbot - INFO - request: 020_ActualizarArchivoDeSeguimiento : line 1 - rpalogic : trycatch  id: 5e5f2e68-5eb4-e159-78a1-f2cd7b7d2e65 -  - 
2025-11-05 11:22:48.709953 - rocketbot - INFO - request: 020_ActualizarArchivoDeSeguimiento : line 1.1 - rpasystem : setVar  id: eef211a6-7519-a87d-8265-1fc55d6a4955 -  - False
2025-11-05 11:22:48.709953 - rocketbot - INFO - request: 020_ActualizarArchivoDeSeguimiento : line 1.2 - rpascripts : module  id: d0e81fc6-575f-7011-38e9-41640639161e -  - {"module_name":"Vortex-Utils","module":"sendText","path":"{gblRutaLogs}","infoType":"info","text":"Comienza la actualizacion del archivo de seguimiento."}
2025-11-05 11:22:48.709953 - rocketbot - INFO - request: 020_ActualizarArchivoDeSeguimiento : line 1.3 - rpascripts : execpython  id: 9f2bed1c-3659-4f97-2bb4-3b6851ebbcff -  - {gblRutaScripts}/ActualizarArchivoDeSeguimiento.py
2025-11-05 11:22:50.647510 - rocketbot - INFO - request: 020_ActualizarArchivoDeSeguimiento : line 1.4 - rpascripts : module  id: ac6a83fb-0cbc-482c-d919-b0c62d5f6d6c -  - {"module_name":"Vortex-Utils","module":"sendText","path":"{gblRutaLogs}","infoType":"info","text":"Actualización de archivo de seguimiento exitosa."}
2025-11-05 11:22:50.663135 - rocketbot - INFO - request: 020_ActualizarArchivoDeSeguimiento : line 1.5 - rpasystem : setVar  id: ecacfeb1-724b-51dd-e64b-b15d909ffde5 -  - True
2025-11-05 11:22:50.663135 - rocketbot - INFO - request: 000_MasterProceso : line 8.1.4 - rpalogic : evaluateIf  id: a3ff1aaf-71dd-b05d-d86f-f08973ff99cb -  - not {gblBandProceso}
2025-11-05 11:22:50.678753 - rocketbot - INFO - request: 000_MasterProceso : line 8.1 - rpalogic : for  id: a6582a5a-9fe1-495b-9e5a-59ad81601287 -  - {"iterable":"{gblItemsAProcesar}","count":0}
2025-11-05 11:22:50.678753 - rocketbot - INFO - For count: 2
2025-11-05 11:22:50.678753 - rocketbot - INFO - request: scripts : execRocketBotDB : line 8.1.1 - - 018_ProcesarRegistro
2025-11-05 11:22:50.694381 - rocketbot - INFO - request: 018_ProcesarRegistro : line 1 - rpalogic : trycatch  id: 4c2e4868-c950-6199-a507-6bca1e960e73 -  - 
2025-11-05 11:22:50.694381 - rocketbot - INFO - request: 018_ProcesarRegistro : line 1.1 - rpasystem : setVar  id: e9315313-62f9-5127-b5c2-cd2752a36d5f -  - False
2025-11-05 11:22:50.694381 - rocketbot - INFO - request: 018_ProcesarRegistro : line 1.2 - rpascripts : module  id: 78279ff1-7bfe-c873-44aa-1432de02a918 -  - {"module_name":"System++","module":"cleanVars","vars":"loc018FlujoAProcesar"}
2025-11-05 11:22:50.694381 - rocketbot - INFO - request: 018_ProcesarRegistro : line 1.3 - rpascripts : module  id: bf21b7ed-d3f9-e6c7-ef84-98743ba65986 -  - {"module_name":"Vortex-Utils","module":"sendText","path":"{gblRutaLogs}","infoType":"info","text":"Comienza el procesamiento del registro: {gblItemActual}"}
2025-11-05 11:22:50.710004 - rocketbot - INFO - request: 018_ProcesarRegistro : line 1.4 - rpascripts : module  id: 1d58a1a4-02ce-b105-bf2d-995e2e30c36a -  - {"module_name":"Vortex-Utils","module":"sendText","path":"{gblRutaLogs}","infoType":"trace","text":"Se procede a clasificar curso de accion a tomar."}
2025-11-05 11:22:50.725627 - rocketbot - INFO - request: 018_ProcesarRegistro : line 1.5 - rpascripts : execscriptpython  id: c0dca269-bd13-7494-84d6-0d4dec680be2 -  - if {gblItemActual}['Documento Cruce'] != '':\n  SetVar("loc018FlujoAProcesar",1)\n  \nSetVar("gblNroDoc",{gblItemActual}["Nro Docto"])\nSetVar("gblTipoDoc",{gblItemActual}["Tipo Docto"])
2025-11-05 11:22:50.725627 - rocketbot - INFO - request: 018_ProcesarRegistro : line 1.6 - rpascripts : module  id: 49a582ed-1999-b65d-3868-0ddd9c3087fb -  - {"module_name":"Vortex-Utils","module":"sendText","path":"{gblRutaLogs}","infoType":"trace","text":"Flujo a trabajar: {loc018FlujoAProcesar}"}
2025-11-05 11:22:50.741261 - rocketbot - INFO - request: 018_ProcesarRegistro : line 1.7 - rpalogic : evaluateIf  id: 537e6f13-402e-b86b-8e8d-af808ed0f748 -  - {gblItemActual}["Estado Procesamiento"] == "Pendiente" and {gblItemActual}["Documento Cruce"] != "" 
2025-11-05 11:22:50.741261 - rocketbot - INFO - request: 018_ProcesarRegistro : line 1.8 - rpalogic : evaluateIf  id: e279c809-9d32-0a6a-d972-834b6c92fb81 -  - {gblItemActual}["Estado Procesamiento"] == "Buscado por Documento Cruce" or ({gblItemActual}["Estado Procesamiento"] == "Pendiente" and {gblItemActual}["Documento Cruce"] == "" )
2025-11-05 11:22:50.741261 - rocketbot - INFO - request: scripts : execRocketBotDB : line 1.8.1 - - 025_ProcesarFlujo2
2025-11-05 11:22:50.756886 - rocketbot - INFO - request: 025_ProcesarFlujo2 : line 1 - rpalogic : trycatch  id: fbd940bf-555a-9d67-e0e9-188ccb3f1a67 -  - 
2025-11-05 11:22:50.756886 - rocketbot - INFO - request: 025_ProcesarFlujo2 : line 1.1 - rpasystem : setVar  id: 52020385-5c3f-6da3-0ed1-eb91a1db97c8 -  - False
2025-11-05 11:22:50.756886 - rocketbot - INFO - request: scripts : execRocketBotDB : line 1.2 - - 003_AbrirSiesa8.5
2025-11-05 11:22:50.772504 - rocketbot - INFO - request: 003_AbrirSiesa8.5 : line 1 - rpalogic : trycatch  id: 791cf817-563a-4f8a-a892-2f5c13f8a36e -  - 
2025-11-05 11:22:50.772504 - rocketbot - INFO - request: 003_AbrirSiesa8.5 : line 1.1 - rpasystem : setVar  id: 5e12baab-e255-ea0d-9a48-fd92d4649a9b -  - False
2025-11-05 11:22:50.772504 - rocketbot - INFO - request: 003_AbrirSiesa8.5 : line 1.2 - rpascripts : module  id: b83d9f90-44c6-67a9-64cc-6513db8480af -  - {"module_name":"Vortex-Utils","module":"sendText","path":"{gblRutaLogs}","infoType":"info","text":"Se va a iniciar el aplicativo de Siesa 8.5."}
2025-11-05 11:22:50.772504 - rocketbot - INFO - request: 003_AbrirSiesa8.5 : line 1.3 - rpascripts : execscriptpython  id: 2ff61e90-2c0d-9eb4-1c00-11eba88d6842 -  - import pyautogui\nfrom time import sleep\n\nfrom VortexLibrary import logger \nlogger.log_path = "{gblRutaLogs}"\nlogger.task_name = tmp_global_obj["profile"]["name"]\n\nlogger.info("Esperando 1 segundo antes de ejecutar pyautogui.hotkey('win', 'd').")\nsleep(1)  # (Opcional) Te da 1 seg antes de ejecutar\nlogger.info("Enviando hotkey 'win' + 'd' para mostrar el escritorio.")\npyautogui.hotkey('win', 'd')
2025-11-05 11:22:51.913159 - rocketbot - INFO - request: 003_AbrirSiesa8.5 : line 1.4 - rpascripts : execscriptpython  id: 11b41548-f3b0-c1b8-7b10-217e8309faa1 -  - global logger\n\nfrom VortexLibrary import logger \nlogger.log_path = "{gblRutaLogs}"\nlogger.task_name = tmp_global_obj["profile"]["name"]\n\nruta = GetVar('loc003RutaEjecutable')\n\ndef ejecutar_exe(ruta_exe):\n    import os\n    import subprocess\n\n    # Verifica si el ejecutable existe en la ruta obtenida\n    if not os.path.exists(ruta_exe):\n        msg = f"El archivo no existe en la ruta: {ruta_exe}"\n        print(msg)\n        logger.warning(msg)\n        return\n    \n    try:\n        # Ejecutamos el ejecutable .exe de siesa 8.5\n        logger.info(f"Intentando ejecutar: {ruta_exe}")\n        subprocess.Popen(ruta_exe, shell=True)\n        msg_success = f"Ejecutando: {ruta_exe}"\n        print(msg_success)\n        logger.info(msg_success)\n    except Exception as e:\n        msg_error = f"Error al ejecutar el archivo: {e}"\n        print(msg_error)\n        logger.warning(msg_error)\n        raise e\n\n\n# Ejecutamos la función creada\nejecutar_exe(ruta)\n
2025-11-05 11:22:51.913159 - rocketbot - INFO - request: 003_AbrirSiesa8.5 : line 1.5 - rpasystem : wait  id: f9c8b549-af85-eb6c-42c6-ba1b161756a9 -  - 3
2025-11-05 11:22:54.913239 - rocketbot - INFO - request: 003_AbrirSiesa8.5 : line 1.6 - rpascripts : execscriptpython  id: d35d18bc-2a8d-b8ca-d532-30462da9739e -  - nameVentana = GetVar('loc003NombreVetana')\n\ndef enfocar_ventana(nombre):\n    import pygetwindow as gw\n    from time import sleep\n\n    from VortexLibrary import logger \n    logger.log_path = "{gblRutaLogs}"\n    logger.task_name = tmp_global_obj["profile"]["name"]\n\n    logger.info(f"Buscando ventanas abiertas para encontrar coincidencia con el nombre: '{nombre}'")\n    ventanas = gw.getAllTitles()\n    logger.info(f"Títulos de ventanas encontradas: {ventanas}")\n\n    coincidencias = [v for v in ventanas if nombre.lower() in v.lower() and v.strip() != ""]\n\n    if not coincidencias:\n        msg = f"No se encontró ninguna ventana con el nombre que contenga: '{nombre}'"\n        print(msg)\n        logger.warning(msg)\n        return\n\n    ventana = gw.getWindowsWithTitle(coincidencias[0])[0]\n    logger.info(f"Ventana encontrada con coincidencia: '{ventana.title}'. Intentando enfocar.")\n\n    ventana.activate()\n    sleep(0.5)\n\n    msg_success = f"Ventana enfocada: {ventana.title}"\n    logger.info(msg_success)\n    print(msg_success)\n\n\nenfocar_ventana(nameVentana)
2025-11-05 11:22:55.413252 - rocketbot - INFO - request: 003_AbrirSiesa8.5 : line 1.7 - rpasystem : wait  id: 58c12eaa-3eec-4dca-f7f1-eed5886bc3c5 -  - 3
2025-11-05 11:22:58.413331 - rocketbot - INFO - request: 003_AbrirSiesa8.5 : line 1.8 - rpascripts : execscriptpython  id: 6c8a0ef1-3a77-8e60-a1f7-0d3a56c2950a -  - nameVentana = GetVar('loc003NombreVetana')\n\ndef maximizar_ventana(nombre):\n    import pygetwindow as gw\n    from time import sleep\n\n    from VortexLibrary import logger \n    logger.log_path = "{gblRutaLogs}"\n    logger.task_name = tmp_global_obj["profile"]["name"]\n\n    logger.info(f"Buscando ventanas abiertas para encontrar coincidencia con el nombre: '{nombre}'")\n    ventanas = gw.getAllTitles()\n    logger.info(f"Títulos de ventanas encontradas: {ventanas}")\n\n    coincidencias = [v for v in ventanas if nombre.lower() in v.lower() and v.strip() != ""]\n\n    if not coincidencias:\n        msg = f"No se encontró ninguna ventana con el nombre que contenga: '{nombre}'"\n        print(msg)\n        logger.warning(msg)\n        return\n\n    ventana = gw.getWindowsWithTitle(coincidencias[0])[0]\n    logger.info(f"Ventana encontrada con coincidencia: '{ventana.title}'. Intentando maximizar y enfocar.")\n\n    ventana.activate()\n    sleep(0.3)  # pequeña pausa para asegurar el enfoque\n    ventana.maximize()\n\n    msg_success = f"Ventana maximizada: {ventana.title}"\n    logger.info(msg_success)\n    print(msg_success)\n\nmaximizar_ventana(nameVentana)\n
2025-11-05 11:22:58.725839 - rocketbot - INFO - request: 003_AbrirSiesa8.5 : line 1.9 - rpasystem : wait  id: 2f34a246-8596-d1f7-ecb3-5f07f4cd35c8 -  - 3
2025-11-05 11:23:01.729984 - rocketbot - INFO - request: scripts : execRocketBotDB : line 1.10 - - 004_ObtenerInformacionDePantallaSiesa8.5
2025-11-05 11:23:01.745611 - rocketbot - INFO - request: 004_ObtenerInformacionDePantallaSiesa8.5 : line 1 - rpalogic : trycatch  id: fa7c7061-0859-fcb6-9723-125ee17cc020 -  - 
2025-11-05 11:23:01.745611 - rocketbot - INFO - request: 004_ObtenerInformacionDePantallaSiesa8.5 : line 1.1 - rpasystem : setVar  id: a0717771-b651-c0cf-891f-3edb9bd05bbe -  - False
2025-11-05 11:23:01.745611 - rocketbot - INFO - request: 004_ObtenerInformacionDePantallaSiesa8.5 : line 1.2 - rpascripts : module  id: 1423ff36-a9f9-bfc7-a676-1688d9bd5ea4 -  - {"module_name":"Vortex-Utils","module":"sendText","path":"{gblRutaLogs}","infoType":"info","text":"Se va a extraer el texto de la pantalla de Siesa8.5."}
2025-11-05 11:23:01.745611 - rocketbot - INFO - request: 004_ObtenerInformacionDePantallaSiesa8.5 : line 1.3 - rpasystem : wait  id: f7cbe75d-c290-455d-ef71-5aed7486c17e -  - 1
2025-11-05 11:23:02.761261 - rocketbot - INFO - request: 004_ObtenerInformacionDePantallaSiesa8.5 : line 1.4 - rpadesktop : send_keys  id: 17f67f4b-e9fc-4d46-0818-18407aa74b2a -  - {"text":"%{SPACE}"}
2025-11-05 11:23:02.948767 - rocketbot - INFO - request: 004_ObtenerInformacionDePantallaSiesa8.5 : line 1.5 - rpascripts : module  id: 006abc75-e673-6c2d-31c3-24bd51157cf8 -  - {"module_name":"Vortex-Utils","module":"sendText","path":"{gblRutaLogs}","infoType":"trace","text":"Se abre menu contextual."}
2025-11-05 11:23:02.948767 - rocketbot - INFO - request: 004_ObtenerInformacionDePantallaSiesa8.5 : line 1.6 - rpasystem : wait  id: 30428fbb-ffa5-73dc-0be2-2608b4c0cc24 -  - 1
2025-11-05 11:23:03.964417 - rocketbot - INFO - request: 004_ObtenerInformacionDePantallaSiesa8.5 : line 1.7 - rpadesktop : send_keys  id: 251f900c-e1d9-ea83-dff5-c2baf916fe7f -  - {"text":"o"}
2025-11-05 11:23:04.026919 - rocketbot - INFO - request: 004_ObtenerInformacionDePantallaSiesa8.5 : line 1.8 - rpascripts : module  id: a40c5f60-941b-be13-5d67-86a2ebeb3c04 -  - {"module_name":"Vortex-Utils","module":"sendText","path":"{gblRutaLogs}","infoType":"trace","text":"Copiar al portapapeles."}
2025-11-05 11:23:04.026919 - rocketbot - INFO - request: 004_ObtenerInformacionDePantallaSiesa8.5 : line 1.9 - rpasystem : wait  id: dd7d7ecd-aaeb-fd97-889a-79d99f19bd89 -  - 1
2025-11-05 11:23:05.026946 - rocketbot - INFO - request: 004_ObtenerInformacionDePantallaSiesa8.5 : line 1.10 - rpascripts : module  id: 48a1d356-892b-85e1-72ac-998173bbea84 -  - {"module_name":"clipboard","module":"getClipboard","var_":"gblInfoPantalla"}
2025-11-05 11:23:05.105079 - rocketbot - INFO - request: 004_ObtenerInformacionDePantallaSiesa8.5 : line 1.11 - rpasystem : setVar  id: f2ff01d2-d37a-8119-ca89-51981835da8c -  - True
2025-11-05 11:23:05.167576 - rocketbot - INFO - request: 003_AbrirSiesa8.5 : line 1.11 - rpalogic : evaluateIf  id: 077d1075-b12c-9965-d8a7-3cf88dbd0dd0 -  - not {gblBandProceso}
2025-11-05 11:23:05.167576 - rocketbot - INFO - request: 003_AbrirSiesa8.5 : line 1.12 - rpascripts : execscriptpython  id: b112488f-1d45-bb16-d707-bf2f8f67df37 -  - def es_pantalla_login(texto):\n    """\n    Valida si el texto recibido corresponde a la pantalla de login de SIESA.\n\n    Criterios:\n      - Debe estar la frase "Codigo de Usuario".\n      - Debe estar "SIESA" (puede estar en varias posiciones).\n      - Debe haber líneas de encabezado típicas como "autoriza el uso de esta copia"\n    """\n    from VortexLibrary import logger\n\n    logger.log_path = "{gblRutaLogs}"\n    logger.task_name = tmp_global_obj["profile"]["name"]\n\n    if not isinstance(texto, str):\n        logger.warning("El valor recibido para analizar pantalla de login no es string.")\n        return False\n\n    logger.info("Validando pantalla de login SIESA...")\n    patrones_requeridos = [\n        "codigo de usuario",  # campo loginz\n        "codigo de seguridad",  # campo password\n        "siesa",  # nombre producto\n        "autoriza el uso de esta copia",  # leyenda de legalidad\n        "serial:",  # info de copia\n    ]\n    texto_min = texto.lower()\n\n    for patron in patrones_requeridos:\n        if patron not in texto_min:\n            logger.info(f"No se encontró el patrón requerido en pantalla: '{patron}'")\n            return False\n        else:\n            logger.info(f"Patrón encontrado: '{patron}'")\n\n    logger.info("Pantalla de login SIESA detectada exitosamente.")\n    return True\n\n\n# Ejemplo de uso:\nrespuesta_terminal = """{gblInfoPantalla}"""\n\nresultado = es_pantalla_login(respuesta_terminal)\n\nif resultado:\n    logger.info("Detectada pantalla de login de SIESA.")\n    SetVar('loc003PantallaLogin', 'True')\nelse:\n    logger.info("No se detecta pantalla de login.")\n    SetVar('loc003PantallaLogin', 'False')
2025-11-05 11:23:05.167576 - rocketbot - INFO - request: 003_AbrirSiesa8.5 : line 1.13 - rpalogic : evaluateIf  id: 426dceae-93ce-a7c3-be05-ddf332727196 -  - not {loc003PantallaLogin}
2025-11-05 11:23:05.167576 - rocketbot - INFO - request: 003_AbrirSiesa8.5 : line 1.14 - rpascripts : module  id: 5af6ff3a-f147-325a-e567-0e1fda9863ad -  - {"module_name":"Vortex-Utils","module":"sendText","path":"{gblRutaLogs}","infoType":"info","text":"Se abrio el aplicativo correctamente."}
2025-11-05 11:23:05.198832 - rocketbot - INFO - request: 003_AbrirSiesa8.5 : line 1.15 - rpasystem : setVar  id: 8031df2f-282f-390b-bb25-292b6447ed93 -  - True
2025-11-05 11:23:05.198832 - rocketbot - INFO - request: 025_ProcesarFlujo2 : line 1.3 - rpalogic : evaluateIf  id: a847fa7d-da16-e9ae-e843-ff9dff9d2d18 -  - not {gblBandProceso}
2025-11-05 11:23:05.214454 - rocketbot - INFO - request: scripts : execRocketBotDB : line 1.4 - - 005_LoginSiesa8.5
2025-11-05 11:23:05.230079 - rocketbot - INFO - request: 005_LoginSiesa8.5 : line 1 - rpalogic : trycatch  id: aec30957-3197-93af-7223-14ea505f6991 -  - 
2025-11-05 11:23:05.230079 - rocketbot - INFO - request: 005_LoginSiesa8.5 : line 1.1 - rpasystem : wait  id: 59fef937-baf8-54ee-afdd-cc2fc5d8f4a3 -  - 2
2025-11-05 11:23:07.230410 - rocketbot - INFO - request: 005_LoginSiesa8.5 : line 1.2 - rpasystem : setVar  id: 9b74d0a6-8ac8-3c9e-d1ba-7c96a728f2ea -  - False
2025-11-05 11:23:07.230410 - rocketbot - INFO - request: 005_LoginSiesa8.5 : line 1.3 - rpascripts : execscriptpython  id: 2c82a0f9-c7d6-a9f6-7b16-4ddb970e01ad -  - nameVentana = GetVar('loc005NombreVetana')\n\ndef enfocar_ventana(nombre):\n    import pygetwindow as gw\n    from time import sleep\n\n    from VortexLibrary import logger \n    logger.log_path = "{gblRutaLogs}"\n    logger.task_name = tmp_global_obj["profile"]["name"]\n\n    logger.info(f"Buscando ventanas abiertas para encontrar coincidencia con el nombre: '{nombre}'")\n    ventanas = gw.getAllTitles()\n    logger.info(f"Títulos de ventanas encontradas: {ventanas}")\n\n    coincidencias = [v for v in ventanas if nombre.lower() in v.lower() and v.strip() != ""]\n\n    if not coincidencias:\n        msg = f"No se encontró ninguna ventana con el nombre que contenga: '{nombre}'"\n        print(msg)\n        logger.warning(msg)\n        return\n\n    ventana = gw.getWindowsWithTitle(coincidencias[0])[0]\n    logger.info(f"Ventana encontrada con coincidencia: '{ventana.title}'. Intentando enfocar.")\n\n    ventana.activate()\n    sleep(0.5)\n\n    msg_success = f"Ventana enfocada: {ventana.title}"\n    logger.info(msg_success)\n    print(msg_success)\n\n\nenfocar_ventana(nameVentana)
2025-11-05 11:23:07.730424 - rocketbot - INFO - request: 005_LoginSiesa8.5 : line 1.4 - rpadesktop : send_keys  id: ed77a988-0f58-7dfb-c20f-70d6baefbfd9 -  - {"text":"{gblUsuarioSiesa}"}
2025-11-05 11:23:07.730424 - Rocketbot - ERROR - EXCEPTION IN (<string> Rocketbot, L_249 ""): RuntimeError: Unknown code: gblUsuarioSiesa
2025-11-05 11:23:07.968574 - rocketbot - INFO - request: 005_LoginSiesa8.5 : line 1.1 - rpascripts : module  id: 5f0030c8-99f3-4eda-1a2a-a4cf72e13355 -  - {"module_name":"Vortex-Utils","module":"sendText","path":"{gblRutaLogs}","infoType":"error","text":"Ocurrio un error al iniciar el aplicativo de SIesa 8.5."}
2025-11-05 11:23:07.984201 - rocketbot - INFO - request: 025_ProcesarFlujo2 : line 1.5 - rpalogic : evaluateIf  id: aa6d3189-3fcc-88a2-9692-ed354c14a6c0 -  - not {gblBandProceso}
2025-11-05 11:23:07.984201 - rocketbot - INFO - request: 025_ProcesarFlujo2 : line 1.5.1 - rpascripts : module  id: 37386f4b-86c6-a996-abb3-17ae6c5ff317 -  - {"module_name":"sendToLogs","module":"sendText","path":"{gblRutaLogs}","infoType":"warning","text":"No se logro realizar correctamente el inicio de sesion en el aplicativo Siesa 8.5"}
2025-11-05 11:23:07.999824 - rocketbot - INFO - request: scripts : line 1.5.2 - rpascripts : stop - id: 3dd47275-3da8-cccc-8c56-dfc93a025417- - 
2025-11-05 11:23:07.999824 - rocketbot - INFO - request: 018_ProcesarRegistro : line 1.8.2 - rpalogic : evaluateIf  id: f1209a06-27c8-8878-48f3-4b8d110a9c2c -  - not {gblBandProceso}
2025-11-05 11:23:07.999824 - rocketbot - INFO - request: 018_ProcesarRegistro : line 1.8.2.1 - rpascripts : module  id: e9510ed8-ad56-913c-6285-bdca5aed5756 -  - {"module_name":"Vortex-Utils","module":"sendText","path":"{gblRutaLogs}","infoType":"warning","text":"Algo fallo al realizar la busqueda por numero de proceso."}
2025-11-05 11:23:08.015455 - rocketbot - INFO - request: scripts : execRocketBotDB : line 1.8.2.2 - - 021_CerrarWorkmanager
2025-11-05 11:23:08.031078 - rocketbot - INFO - request: 021_CerrarWorkmanager : line 1 - rpalogic : trycatch  id: 4686e547-bd52-6dd5-8b73-bde33058db29 -  - 
2025-11-05 11:23:08.031078 - rocketbot - INFO - request: 021_CerrarWorkmanager : line 1.1 - rpasystem : setVar  id: d072c8e0-3d68-6560-d2a9-e376f7640c15 -  - False
2025-11-05 11:23:08.031078 - rocketbot - INFO - request: 021_CerrarWorkmanager : line 1.2 - rpascripts : module  id: aebb285f-bada-e33d-0030-30a1c2e637ee -  - {"module_name":"System++","module":"cleanVars","vars":"loc021NavegadorAbierto"}
2025-11-05 11:23:08.031078 - rocketbot - INFO - request: 021_CerrarWorkmanager : line 1.3 - rpascripts : module  id: 27ca5f6b-b4d5-2f0e-11d4-f36255676401 -  - {"module_name":"Vortex-Utils","module":"sendText","path":"{gblRutaLogs}","infoType":"info","text":"Se intenta cerrar Workmanager con Close Browser."}
2025-11-05 11:23:08.031078 - rocketbot - INFO - request: 021_CerrarWorkmanager : line 1.4 - rpaweb : killdriver  id: ac96e4b0-8cf0-7476-f043-89404bf2efaf -  - 
2025-11-05 11:23:08.031078 - rpaweb - ERROR - EXCEPTION IN (<string> rpaweb, L_176 ""): Exception: Webbrowser default not load
2025-11-05 11:23:08.249832 - rocketbot - INFO - request: 021_CerrarWorkmanager : line 1.1 - rpascripts : module  id: c84a5516-2214-068d-a176-669a083163f7 -  - {"module_name":"Vortex-Utils","module":"sendText","path":"{gblRutaLogs}","infoType":"error","text":"Ocurrió un error al cerrar Workmanager."}
2025-11-05 11:23:08.265458 - rocketbot - INFO - request: scripts : line 1.8.2.3 - rpascripts : stop - id: d8245ba0-a8a7-5d22-fea6-d21c7ea7884d- - 
2025-11-05 11:23:08.265458 - rocketbot - INFO - request: scripts : execRocketBotDB : line 8.1.3 - - 020_ActualizarArchivoDeSeguimiento
2025-11-05 11:23:08.281084 - rocketbot - INFO - request: 020_ActualizarArchivoDeSeguimiento : line 1 - rpalogic : trycatch  id: 5e5f2e68-5eb4-e159-78a1-f2cd7b7d2e65 -  - 
2025-11-05 11:23:08.281084 - rocketbot - INFO - request: 020_ActualizarArchivoDeSeguimiento : line 1.1 - rpasystem : setVar  id: eef211a6-7519-a87d-8265-1fc55d6a4955 -  - False
2025-11-05 11:23:08.281084 - rocketbot - INFO - request: 020_ActualizarArchivoDeSeguimiento : line 1.2 - rpascripts : module  id: d0e81fc6-575f-7011-38e9-41640639161e -  - {"module_name":"Vortex-Utils","module":"sendText","path":"{gblRutaLogs}","infoType":"info","text":"Comienza la actualizacion del archivo de seguimiento."}
2025-11-05 11:23:08.281084 - rocketbot - INFO - request: 020_ActualizarArchivoDeSeguimiento : line 1.3 - rpascripts : execpython  id: 9f2bed1c-3659-4f97-2bb4-3b6851ebbcff -  - {gblRutaScripts}/ActualizarArchivoDeSeguimiento.py
2025-11-05 11:23:09.999878 - rocketbot - INFO - request: 020_ActualizarArchivoDeSeguimiento : line 1.4 - rpascripts : module  id: ac6a83fb-0cbc-482c-d919-b0c62d5f6d6c -  - {"module_name":"Vortex-Utils","module":"sendText","path":"{gblRutaLogs}","infoType":"info","text":"Actualización de archivo de seguimiento exitosa."}
2025-11-05 11:23:10.031130 - rocketbot - INFO - request: 020_ActualizarArchivoDeSeguimiento : line 1.5 - rpasystem : setVar  id: ecacfeb1-724b-51dd-e64b-b15d909ffde5 -  - True
2025-11-05 11:23:10.031130 - rocketbot - INFO - request: 000_MasterProceso : line 8.1.4 - rpalogic : evaluateIf  id: a3ff1aaf-71dd-b05d-d86f-f08973ff99cb -  - not {gblBandProceso}
2025-11-05 11:23:10.031130 - rocketbot - INFO - request: 000_MasterProceso : line 8.1 - rpalogic : for  id: a6582a5a-9fe1-495b-9e5a-59ad81601287 -  - {"iterable":"{gblItemsAProcesar}","count":0}
2025-11-05 11:23:10.046753 - rocketbot - INFO - For count: 3
2025-11-05 11:23:10.046753 - rocketbot - INFO - request: scripts : execRocketBotDB : line 8.1.1 - - 018_ProcesarRegistro
2025-11-05 11:23:10.062381 - rocketbot - INFO - request: 018_ProcesarRegistro : line 1 - rpalogic : trycatch  id: 4c2e4868-c950-6199-a507-6bca1e960e73 -  - 
2025-11-05 11:23:10.062381 - rocketbot - INFO - request: 018_ProcesarRegistro : line 1.1 - rpasystem : setVar  id: e9315313-62f9-5127-b5c2-cd2752a36d5f -  - False
2025-11-05 11:23:10.062381 - rocketbot - INFO - request: 018_ProcesarRegistro : line 1.2 - rpascripts : module  id: 78279ff1-7bfe-c873-44aa-1432de02a918 -  - {"module_name":"System++","module":"cleanVars","vars":"loc018FlujoAProcesar"}
2025-11-05 11:23:10.062381 - rocketbot - INFO - request: 018_ProcesarRegistro : line 1.3 - rpascripts : module  id: bf21b7ed-d3f9-e6c7-ef84-98743ba65986 -  - {"module_name":"Vortex-Utils","module":"sendText","path":"{gblRutaLogs}","infoType":"info","text":"Comienza el procesamiento del registro: {gblItemActual}"}
2025-11-05 11:23:10.062381 - rocketbot - INFO - request: 018_ProcesarRegistro : line 1.4 - rpascripts : module  id: 1d58a1a4-02ce-b105-bf2d-995e2e30c36a -  - {"module_name":"Vortex-Utils","module":"sendText","path":"{gblRutaLogs}","infoType":"trace","text":"Se procede a clasificar curso de accion a tomar."}
2025-11-05 11:23:10.078004 - rocketbot - INFO - request: 018_ProcesarRegistro : line 1.5 - rpascripts : execscriptpython  id: c0dca269-bd13-7494-84d6-0d4dec680be2 -  - if {gblItemActual}['Documento Cruce'] != '':\n  SetVar("loc018FlujoAProcesar",1)\n  \nSetVar("gblNroDoc",{gblItemActual}["Nro Docto"])\nSetVar("gblTipoDoc",{gblItemActual}["Tipo Docto"])
2025-11-05 11:23:10.093630 - rocketbot - INFO - request: 018_ProcesarRegistro : line 1.6 - rpascripts : module  id: 49a582ed-1999-b65d-3868-0ddd9c3087fb -  - {"module_name":"Vortex-Utils","module":"sendText","path":"{gblRutaLogs}","infoType":"trace","text":"Flujo a trabajar: {loc018FlujoAProcesar}"}
2025-11-05 11:23:10.109260 - rocketbot - INFO - request: 018_ProcesarRegistro : line 1.7 - rpalogic : evaluateIf  id: 537e6f13-402e-b86b-8e8d-af808ed0f748 -  - {gblItemActual}["Estado Procesamiento"] == "Pendiente" and {gblItemActual}["Documento Cruce"] != "" 
2025-11-05 11:23:10.109260 - rocketbot - INFO - request: 018_ProcesarRegistro : line 1.8 - rpalogic : evaluateIf  id: e279c809-9d32-0a6a-d972-834b6c92fb81 -  - {gblItemActual}["Estado Procesamiento"] == "Buscado por Documento Cruce" or ({gblItemActual}["Estado Procesamiento"] == "Pendiente" and {gblItemActual}["Documento Cruce"] == "" )
2025-11-05 11:23:10.109260 - rocketbot - INFO - request: scripts : execRocketBotDB : line 1.8.1 - - 025_ProcesarFlujo2
2025-11-05 11:23:10.124890 - rocketbot - INFO - request: 025_ProcesarFlujo2 : line 1 - rpalogic : trycatch  id: fbd940bf-555a-9d67-e0e9-188ccb3f1a67 -  - 
2025-11-05 11:23:10.124890 - rocketbot - INFO - request: 025_ProcesarFlujo2 : line 1.1 - rpasystem : setVar  id: 52020385-5c3f-6da3-0ed1-eb91a1db97c8 -  - False
2025-11-05 11:23:10.124890 - rocketbot - INFO - request: scripts : execRocketBotDB : line 1.2 - - 003_AbrirSiesa8.5
2025-11-05 11:23:10.140510 - rocketbot - INFO - request: 003_AbrirSiesa8.5 : line 1 - rpalogic : trycatch  id: 791cf817-563a-4f8a-a892-2f5c13f8a36e -  - 
2025-11-05 11:23:10.140510 - rocketbot - INFO - request: 003_AbrirSiesa8.5 : line 1.1 - rpasystem : setVar  id: 5e12baab-e255-ea0d-9a48-fd92d4649a9b -  - False
2025-11-05 11:23:10.140510 - rocketbot - INFO - request: 003_AbrirSiesa8.5 : line 1.2 - rpascripts : module  id: b83d9f90-44c6-67a9-64cc-6513db8480af -  - {"module_name":"Vortex-Utils","module":"sendText","path":"{gblRutaLogs}","infoType":"info","text":"Se va a iniciar el aplicativo de Siesa 8.5."}
2025-11-05 11:23:10.140510 - rocketbot - INFO - request: 003_AbrirSiesa8.5 : line 1.3 - rpascripts : execscriptpython  id: 2ff61e90-2c0d-9eb4-1c00-11eba88d6842 -  - import pyautogui\nfrom time import sleep\n\nfrom VortexLibrary import logger \nlogger.log_path = "{gblRutaLogs}"\nlogger.task_name = tmp_global_obj["profile"]["name"]\n\nlogger.info("Esperando 1 segundo antes de ejecutar pyautogui.hotkey('win', 'd').")\nsleep(1)  # (Opcional) Te da 1 seg antes de ejecutar\nlogger.info("Enviando hotkey 'win' + 'd' para mostrar el escritorio.")\npyautogui.hotkey('win', 'd')
2025-11-05 11:23:11.249912 - rocketbot - INFO - request: 003_AbrirSiesa8.5 : line 1.4 - rpascripts : execscriptpython  id: 11b41548-f3b0-c1b8-7b10-217e8309faa1 -  - global logger\n\nfrom VortexLibrary import logger \nlogger.log_path = "{gblRutaLogs}"\nlogger.task_name = tmp_global_obj["profile"]["name"]\n\nruta = GetVar('loc003RutaEjecutable')\n\ndef ejecutar_exe(ruta_exe):\n    import os\n    import subprocess\n\n    # Verifica si el ejecutable existe en la ruta obtenida\n    if not os.path.exists(ruta_exe):\n        msg = f"El archivo no existe en la ruta: {ruta_exe}"\n        print(msg)\n        logger.warning(msg)\n        return\n    \n    try:\n        # Ejecutamos el ejecutable .exe de siesa 8.5\n        logger.info(f"Intentando ejecutar: {ruta_exe}")\n        subprocess.Popen(ruta_exe, shell=True)\n        msg_success = f"Ejecutando: {ruta_exe}"\n        print(msg_success)\n        logger.info(msg_success)\n    except Exception as e:\n        msg_error = f"Error al ejecutar el archivo: {e}"\n        print(msg_error)\n        logger.warning(msg_error)\n        raise e\n\n\n# Ejecutamos la función creada\nejecutar_exe(ruta)\n
2025-11-05 11:23:11.249912 - rocketbot - INFO - request: 003_AbrirSiesa8.5 : line 1.5 - rpasystem : wait  id: f9c8b549-af85-eb6c-42c6-ba1b161756a9 -  - 3
2025-11-05 11:23:14.254116 - rocketbot - INFO - request: 003_AbrirSiesa8.5 : line 1.6 - rpascripts : execscriptpython  id: d35d18bc-2a8d-b8ca-d532-30462da9739e -  - nameVentana = GetVar('loc003NombreVetana')\n\ndef enfocar_ventana(nombre):\n    import pygetwindow as gw\n    from time import sleep\n\n    from VortexLibrary import logger \n    logger.log_path = "{gblRutaLogs}"\n    logger.task_name = tmp_global_obj["profile"]["name"]\n\n    logger.info(f"Buscando ventanas abiertas para encontrar coincidencia con el nombre: '{nombre}'")\n    ventanas = gw.getAllTitles()\n    logger.info(f"Títulos de ventanas encontradas: {ventanas}")\n\n    coincidencias = [v for v in ventanas if nombre.lower() in v.lower() and v.strip() != ""]\n\n    if not coincidencias:\n        msg = f"No se encontró ninguna ventana con el nombre que contenga: '{nombre}'"\n        print(msg)\n        logger.warning(msg)\n        return\n\n    ventana = gw.getWindowsWithTitle(coincidencias[0])[0]\n    logger.info(f"Ventana encontrada con coincidencia: '{ventana.title}'. Intentando enfocar.")\n\n    ventana.activate()\n    sleep(0.5)\n\n    msg_success = f"Ventana enfocada: {ventana.title}"\n    logger.info(msg_success)\n    print(msg_success)\n\n\nenfocar_ventana(nameVentana)
2025-11-05 11:23:14.816629 - rocketbot - INFO - request: 003_AbrirSiesa8.5 : line 1.7 - rpasystem : wait  id: 58c12eaa-3eec-4dca-f7f1-eed5886bc3c5 -  - 3
2025-11-05 11:23:17.816710 - rocketbot - INFO - request: 003_AbrirSiesa8.5 : line 1.8 - rpascripts : execscriptpython  id: 6c8a0ef1-3a77-8e60-a1f7-0d3a56c2950a -  - nameVentana = GetVar('loc003NombreVetana')\n\ndef maximizar_ventana(nombre):\n    import pygetwindow as gw\n    from time import sleep\n\n    from VortexLibrary import logger \n    logger.log_path = "{gblRutaLogs}"\n    logger.task_name = tmp_global_obj["profile"]["name"]\n\n    logger.info(f"Buscando ventanas abiertas para encontrar coincidencia con el nombre: '{nombre}'")\n    ventanas = gw.getAllTitles()\n    logger.info(f"Títulos de ventanas encontradas: {ventanas}")\n\n    coincidencias = [v for v in ventanas if nombre.lower() in v.lower() and v.strip() != ""]\n\n    if not coincidencias:\n        msg = f"No se encontró ninguna ventana con el nombre que contenga: '{nombre}'"\n        print(msg)\n        logger.warning(msg)\n        return\n\n    ventana = gw.getWindowsWithTitle(coincidencias[0])[0]\n    logger.info(f"Ventana encontrada con coincidencia: '{ventana.title}'. Intentando maximizar y enfocar.")\n\n    ventana.activate()\n    sleep(0.3)  # pequeña pausa para asegurar el enfoque\n    ventana.maximize()\n\n    msg_success = f"Ventana maximizada: {ventana.title}"\n    logger.info(msg_success)\n    print(msg_success)\n\nmaximizar_ventana(nameVentana)\n
2025-11-05 11:23:18.129218 - rocketbot - INFO - request: 003_AbrirSiesa8.5 : line 1.9 - rpasystem : wait  id: 2f34a246-8596-d1f7-ecb3-5f07f4cd35c8 -  - 3
