[4144:9032:1105/193718.258:INFO:components\enterprise\browser\controller\chrome_browser_cloud_management_controller.cc:206] No machine level policy manager exists.
[4144:6188:1105/193718.461:WARNING:components\leveldb_proto\internal\leveldb_database.cc:125] Unable to open C:\Users\administrator.ENERGIZANDO\Documents\01_RecuperacionSoportes\Process\profile\Default\shared_proto_db\metadata: IO error: C:\Users\administrator.ENERGIZANDO\Documents\01_RecuperacionSoportes\Process\profile\Default\shared_proto_db\metadata/MANIFEST-000001: Unable to create sequential file (ChromeMethodBFE: 7::NewSequentialFile::1)
[4144:7712:1105/193718.551:WARNING:components\value_store\value_store_frontend.cc:47] Reading ahfgeienlihckogmohjhadlkjgocpleb.alarms from  failed: IO error: .../MANIFEST-000001: Unable to create sequential file (ChromeMethodBFE: 7::NewSequentialFile::1)
[4144:6188:1105/193718.619:WARNING:components\leveldb_proto\internal\leveldb_database.cc:125] Unable to open C:\Users\administrator.ENERGIZANDO\Documents\01_RecuperacionSoportes\Process\profile\Default\shared_proto_db\metadata: IO error: C:\Users\administrator.ENERGIZANDO\Documents\01_RecuperacionSoportes\Process\profile\Default\shared_proto_db\metadata/MANIFEST-000001: Unable to create sequential file (ChromeMethodBFE: 7::NewSequentialFile::1)
[4144:7712:1105/193718.619:WARNING:components\value_store\value_store_frontend.cc:47] Reading mhjfbmdgcfjbbpaeojofohoefgiehjai.alarms from  failed: IO error: .../MANIFEST-000001: Unable to create sequential file (ChromeMethodBFE: 7::NewSequentialFile::1)
[4144:6188:1105/193718.635:WARNING:components\leveldb_proto\internal\leveldb_database.cc:125] Unable to open C:\Users\administrator.ENERGIZANDO\Documents\01_RecuperacionSoportes\Process\profile\Default\shared_proto_db\metadata: IO error: C:\Users\administrator.ENERGIZANDO\Documents\01_RecuperacionSoportes\Process\profile\Default\shared_proto_db\metadata/MANIFEST-000001: Unable to create sequential file (ChromeMethodBFE: 7::NewSequentialFile::1)
[4144:6188:1105/193718.638:WARNING:components\leveldb_proto\internal\leveldb_database.cc:125] Unable to open C:\Users\administrator.ENERGIZANDO\Documents\01_RecuperacionSoportes\Process\profile\Default\shared_proto_db\metadata: IO error: C:\Users\administrator.ENERGIZANDO\Documents\01_RecuperacionSoportes\Process\profile\Default\shared_proto_db\metadata/MANIFEST-000001: Unable to create sequential file (ChromeMethodBFE: 7::NewSequentialFile::1)
[4144:9032:1105/193718.881:INFO:CONSOLE:0] "Error with Permissions-Policy header: Unrecognized feature: 'ambient-light-sensor'.", source:  (0)
[4144:9032:1105/193718.881:INFO:CONSOLE:0] "Error with Permissions-Policy header: Unrecognized feature: 'battery'.", source:  (0)
[4144:9032:1105/193718.881:INFO:CONSOLE:0] "Error with Permissions-Policy header: Unrecognized feature: 'document-domain'.", source:  (0)
[4144:9032:1105/193718.881:INFO:CONSOLE:0] "Error with Permissions-Policy header: Unrecognized feature: 'execution-while-not-rendered'.", source:  (0)
[4144:9032:1105/193718.881:INFO:CONSOLE:0] "Error with Permissions-Policy header: Unrecognized feature: 'execution-while-out-of-viewport'.", source:  (0)
[4144:9032:1105/193718.881:INFO:CONSOLE:0] "Error with Permissions-Policy header: Unrecognized feature: 'navigation-override'.", source:  (0)
[4144:9032:1105/193719.763:INFO:CONSOLE:1] "appSrcUrl: http://10.238.99.3:81/webroot/ith/ith-app.js", source: http://10.238.99.3:81/webroot/ith/ith-app.js (1)
[4144:9032:1105/193721.172:INFO:CONSOLE:0] "Error with Permissions-Policy header: Unrecognized feature: 'ambient-light-sensor'.", source:  (0)
[4144:9032:1105/193721.172:INFO:CONSOLE:0] "Error with Permissions-Policy header: Unrecognized feature: 'battery'.", source:  (0)
[4144:9032:1105/193721.172:INFO:CONSOLE:0] "Error with Permissions-Policy header: Unrecognized feature: 'document-domain'.", source:  (0)
[4144:9032:1105/193721.172:INFO:CONSOLE:0] "Error with Permissions-Policy header: Unrecognized feature: 'execution-while-not-rendered'.", source:  (0)
[4144:9032:1105/193721.172:INFO:CONSOLE:0] "Error with Permissions-Policy header: Unrecognized feature: 'execution-while-out-of-viewport'.", source:  (0)
[4144:9032:1105/193721.172:INFO:CONSOLE:0] "Error with Permissions-Policy header: Unrecognized feature: 'navigation-override'.", source:  (0)
[4144:9032:1105/193721.502:INFO:CONSOLE:1] "appSrcUrl: http://10.238.99.3:81/webroot/ith/ith-app.js", source: http://10.238.99.3:81/webroot/ith/ith-app.js (1)
[4192:1736:1105/193721.672:ERROR:services\audio\output_device_mixer_manager.cc:284] Adding OutputDeviceMixer failed: invalid output parameters
[4192:1736:1105/193721.672:ERROR:media\audio\audio_manager_base.cc:440] Invalid audio output parameters received; using fake audio path: format: PCM_LINEAR, channel_layout: 0, channels: 0, sample_rate: 0, frames_per_buffer: 0, effects: NONE, mic_positions: , latency_tag: LatencyUnknown
[4144:8636:1105/193724.307:ERROR:google_apis\gcm\engine\registration_request.cc:292] Registration response error message: DEPRECATED_ENDPOINT
[4144:9032:1105/193739.880:INFO:CONSOLE:0] "Error with Permissions-Policy header: Unrecognized feature: 'ambient-light-sensor'.", source:  (0)
[4144:9032:1105/193739.880:INFO:CONSOLE:0] "Error with Permissions-Policy header: Unrecognized feature: 'battery'.", source:  (0)
[4144:9032:1105/193739.880:INFO:CONSOLE:0] "Error with Permissions-Policy header: Unrecognized feature: 'document-domain'.", source:  (0)
[4144:9032:1105/193739.880:INFO:CONSOLE:0] "Error with Permissions-Policy header: Unrecognized feature: 'execution-while-not-rendered'.", source:  (0)
[4144:9032:1105/193739.880:INFO:CONSOLE:0] "Error with Permissions-Policy header: Unrecognized feature: 'execution-while-out-of-viewport'.", source:  (0)
[4144:9032:1105/193739.880:INFO:CONSOLE:0] "Error with Permissions-Policy header: Unrecognized feature: 'navigation-override'.", source:  (0)
[4144:9032:1105/193740.281:INFO:CONSOLE:1] "appSrcUrl: http://10.238.99.3:81/webroot/ith/ith-app.js", source: http://10.238.99.3:81/webroot/ith/ith-app.js (1)
[4192:1736:1105/193740.495:ERROR:services\audio\output_device_mixer_manager.cc:284] Adding OutputDeviceMixer failed: invalid output parameters
[4192:1736:1105/193740.495:ERROR:media\audio\audio_manager_base.cc:440] Invalid audio output parameters received; using fake audio path: format: PCM_LINEAR, channel_layout: 0, channels: 0, sample_rate: 0, frames_per_buffer: 0, effects: NONE, mic_positions: , latency_tag: LatencyUnknown
[4144:8636:1105/193749.431:ERROR:google_apis\gcm\engine\registration_request.cc:292] Registration response error message: DEPRECATED_ENDPOINT
[4144:9032:1105/193759.789:INFO:CONSOLE:0] "Error with Permissions-Policy header: Unrecognized feature: 'ambient-light-sensor'.", source:  (0)
[4144:9032:1105/193759.789:INFO:CONSOLE:0] "Error with Permissions-Policy header: Unrecognized feature: 'battery'.", source:  (0)
[4144:9032:1105/193759.789:INFO:CONSOLE:0] "Error with Permissions-Policy header: Unrecognized feature: 'document-domain'.", source:  (0)
[4144:9032:1105/193759.789:INFO:CONSOLE:0] "Error with Permissions-Policy header: Unrecognized feature: 'execution-while-not-rendered'.", source:  (0)
[4144:9032:1105/193759.789:INFO:CONSOLE:0] "Error with Permissions-Policy header: Unrecognized feature: 'execution-while-out-of-viewport'.", source:  (0)
[4144:9032:1105/193759.789:INFO:CONSOLE:0] "Error with Permissions-Policy header: Unrecognized feature: 'navigation-override'.", source:  (0)
[4144:9032:1105/193800.337:INFO:CONSOLE:1] "appSrcUrl: http://10.238.99.3:81/webroot/ith/ith-app.js", source: http://10.238.99.3:81/webroot/ith/ith-app.js (1)
[4192:1736:1105/193801.269:ERROR:services\audio\output_device_mixer_manager.cc:284] Adding OutputDeviceMixer failed: invalid output parameters
[4192:1736:1105/193801.269:ERROR:media\audio\audio_manager_base.cc:440] Invalid audio output parameters received; using fake audio path: format: PCM_LINEAR, channel_layout: 0, channels: 0, sample_rate: 0, frames_per_buffer: 0, effects: NONE, mic_positions: , latency_tag: LatencyUnknown
