2025-10-21 15:14:09.286075 - rocketbot - INFO - request: 006_NavegacionMenuSiesa : line 1.7 - rpalogic : evaluateIf  id: 03d92ef7-40ff-32ff-f929-ea6fe8cce140 -  - {gblInfoPantalla} != ""
2025-10-21 15:14:09.288077 - Rocketbot - ERROR - EXCEPTION IN (<string> Rocketbot, L_69 ""): SyntaxError: invalid syntax (<string>, line 1)
2025-10-21 15:14:25.082950 - rocketbot - INFO - request: 006_NavegacionMenuSiesa : line 1.7 - rpalogic : evaluateIf  id: 03d92ef7-40ff-32ff-f929-ea6fe8cce140 -  - {gblInfoPantalla}
2025-10-21 15:14:25.083957 - Rocketbot - ERROR - EXCEPTION IN (<string> Rocketbot, L_69 ""): SyntaxError: invalid syntax (<string>, line 1)
2025-10-21 15:14:37.869534 - rocketbot - INFO - request: 006_NavegacionMenuSiesa : line 1.7 - rpalogic : evaluateIf  id: 03d92ef7-40ff-32ff-f929-ea6fe8cce140 -  - not {gblInfoPantalla} == ""
2025-10-21 15:14:37.870535 - Rocketbot - ERROR - EXCEPTION IN (<string> Rocketbot, L_69 ""): SyntaxError: invalid syntax (<string>, line 1)
2025-10-21 15:15:17.391191 - rocketbot - INFO - request: 006_NavegacionMenuSiesa : line 1.7 - rpalogic : evaluateIf  id: 03d92ef7-40ff-32ff-f929-ea6fe8cce140 -  - "{gblInfoPantalla}" != ""
2025-10-21 15:46:23.342682 - rocketbot - INFO - request: 006_NavegacionMenuSiesa : line 1.7.1 - rpascripts : execscriptpython  id: 680f0eab-2d63-cb78-681d-6d310ae1d1b0 -  - from VortexLibrary import logger \nlogger.log_path = "{gblRutaLogs}"\nlogger.task_name = tmp_global_obj["profile"]["name"]\n\n#obtenbemos la informacion copiada de siesa 8.5\ntexto = GetVar('gblInfoPantalla')\nlogger.info('se obtiene la informacion del portapapeles')\n\n#pasamos el texto obtenido de siesa a minuscula para trabajar con un mismo tipo de letra\ntexto = texto.lower\n\n#se busca la palabra de referencia Empresa para identificar la correcta navegacion\npalabraREferencia = texto.find("empresa")\n\nif palabraReferencia != -1:\n  logger.info("Se encontro la palabra de referencia 'Empresa' en la informacion procesada del aplicativo Siesa, la navegacion se realizo exitosamente")\n  # Guardar para usar en Rocketbot\n  SetVar("loc006ContinuarProceso", True)\nelse:\n  logge.info("No fue posible encontrar la palabra de referencia 'Emprsea', la navegacion no se realizo con exito")\n  SetVar("loc006ContinuarProceso", False)  \n
2025-10-21 15:46:23.397585 - script - ERROR - EXCEPTION IN (<string> script, L_144 ""): AttributeError: 'builtin_function_or_method' object has no attribute 'find'
2025-10-21 15:48:33.990229 - rocketbot - INFO - request: 006_NavegacionMenuSiesa : line 1.7.1 - rpascripts : execscriptpython  id: 680f0eab-2d63-cb78-681d-6d310ae1d1b0 -  - from VortexLibrary import logger\n\n# Configuración inicial del logger\nlogger.log_path = GetVar("gblRutaLogs")  # Usa GetVar para obtener el valor real\nlogger.task_name = tmp_global_obj["profile"]["name"]\n\n# Obtenemos la información copiada de Siesa 8.5\ntexto = GetVar("gblInfoPantalla")\nlogger.info("Se obtiene la información del portapapeles")\n\n# Convertimos el texto obtenido de Siesa a minúsculas para trabajar con un mismo tipo de letra\ntexto = texto.lower()\n\n# Se busca la palabra de referencia 'empresa' para identificar la correcta navegación\npalabra_referencia = texto.find("empresa")\n\nif palabra_referencia != -1:\n    logger.info("Se encontró la palabra de referencia 'Empresa' en la información procesada del aplicativo Siesa, la navegación se realizó exitosamente")\n    SetVar("loc006ContinuarProceso", True)\nelse:\n    logger.info("No fue posible encontrar la palabra de referencia 'Empresa', la navegación no se realizó con éxito")  # <-- corregido 'logge' y 'Emprsea'\n    SetVar("loc006ContinuarProceso", False)
2025-10-21 15:48:55.948587 - rocketbot - INFO - request: 006_NavegacionMenuSiesa : line 1.7.1 - rpascripts : execscriptpython  id: 680f0eab-2d63-cb78-681d-6d310ae1d1b0 -  - from VortexLibrary import logger\n\n# Configuración inicial del logger\nlogger.log_path = GetVar("gblRutaLogs")  # Usa GetVar para obtener el valor real\nlogger.task_name = tmp_global_obj["profile"]["name"]\n\n# Obtenemos la información copiada de Siesa 8.5\ntexto = GetVar("gblInfoPantalla")\nlogger.info("Se obtiene la información del portapapeles")\n\n# Convertimos el texto obtenido de Siesa a minúsculas para trabajar con un mismo tipo de letra\ntexto = texto.lower()\n\n# Se busca la palabra de referencia 'empresa' para identificar la correcta navegación\npalabra_referencia = texto.find("empresa")\n\nif palabra_referencia != -1:\n    logger.info("Se encontró la palabra de referencia 'Empresa' en la información procesada del aplicativo Siesa, la navegación se realizó exitosamente")\n    SetVar("loc006ContinuarProceso", True)\nelse:\n    logger.info("No fue posible encontrar la palabra de referencia 'Empresa', la navegación no se realizó con éxito")  # <-- corregido 'logge' y 'Emprsea'\n    SetVar("loc006ContinuarProceso", False)
2025-10-21 15:53:03.056920 - rocketbot - INFO - request: 006_NavegacionMenuSiesa : line 1.7.1 - rpascripts : execscriptpython  id: 680f0eab-2d63-cb78-681d-6d310ae1d1b0 -  - from VortexLibrary import logger\n\n# Configuración inicial del logger\nlogger.log_path = GetVar("gblRutaLogs")  # Usa GetVar para obtener el valor real\nlogger.task_name = tmp_global_obj["profile"]["name"]\n\n# Obtenemos la información copiada de Siesa 8.5\ntexto = GetVar("gblInfoPantalla")\nlogger.info("Se obtiene la información del portapapeles")\n\n# Convertimos el texto obtenido de Siesa a minúsculas para trabajar con un mismo tipo de letra\ntexto = texto.lower()\n\n# Se busca la palabra de referencia 'empresa' para identificar la correcta navegación\npalabra_referencia = texto.find("empresa")\n\nif palabra_referencia != -1:\n    logger.info("Se encontró la palabra de referencia 'Empresa' en la información procesada del aplicativo Siesa, la navegación se realizó exitosamente")\n    SetVar("loc006ContinuarProceso", True)\nelse:\n    logger.info("No fue posible encontrar la palabra de referencia 'Empresa', la navegación no se realizó con éxito")  # <-- corregido 'logge' y 'Emprsea'\n    SetVar("loc006ContinuarProceso", False)
2025-10-21 15:57:52.880505 - rocketbot - INFO - request: 006_NavegacionMenuSiesa : line 1.1 - rpascripts : module  id: 74be9457-75a7-933b-2757-68999e74ba38 -  - {"module_name":"System++","module":"cleanVars","vars":"Loc006OpcionNavegacion,Loc006LetraNavegacion,Loc006ItemACtual,loc006ListaNavegacionSiesa,loc006ContinuarProceso"}
2025-10-21 15:58:17.547404 - rocketbot - INFO - request: 006_NavegacionMenuSiesa : line 1 - rpalogic : trycatch  id: d3008b59-47f2-b737-9f57-6651d000b2f0 -  - 
2025-10-21 15:58:17.654278 - rocketbot - INFO - request: 006_NavegacionMenuSiesa : line 1.1 - rpascripts : module  id: 74be9457-75a7-933b-2757-68999e74ba38 -  - {"module_name":"System++","module":"cleanVars","vars":"Loc006OpcionNavegacion,Loc006LetraNavegacion,Loc006ItemACtual,loc006ListaNavegacionSiesa,loc006ContinuarProceso"}
2025-10-21 15:58:17.886229 - rocketbot - INFO - request: 006_NavegacionMenuSiesa : line 1.2 - rpascripts : module  id: ffd8e0a3-51be-e786-0bb6-103a60c1005c -  - {"module_name":"sendToLogs","module":"sendText","path":"{gblRutaLogs}","infoType":"info","text":"Se inicio el bot de navegacion en el menu del aplicativo Siesa 8.5"}
2025-10-21 15:58:17.974354 - rocketbot - INFO - request: 006_NavegacionMenuSiesa : line 1.3 - rpasystem : setVar  id: c6db3640-60ca-0334-5e35-3d9d00e4d476 -  - False
2025-10-21 15:58:18.247457 - rocketbot - INFO - request: 006_NavegacionMenuSiesa : line 1.4 - rpasystem : setVar  id: 2ee8f980-8483-115e-9f7f-392599ef36cc -  - False
2025-10-21 15:58:18.481493 - rocketbot - INFO - request: 006_NavegacionMenuSiesa : line 1.5 - rpasystem : wait  id: 45462b1a-962d-5d6e-e184-b04ea64b960d -  - 3
2025-10-21 15:58:21.488040 - rocketbot - INFO - request: 006_NavegacionMenuSiesa : line 1.6 - rpascripts : execscriptpython  id: 5803bb43-c912-27fc-731e-d849a814d484 -  - from VortexLibrary import logger \nlogger.log_path = "{gblRutaLogs}"\nlogger.task_name = tmp_global_obj["profile"]["name"]\n\ndiccionario = {gblDiccionarioNavegacionSiesa}\n\n# Convertir a lista de listas (no de tuplas)\nlista_listas = [[clave, valor] for clave, valor in diccionario.items()]\n\n# Guardar para usar en Rocketbot\nSetVar("loc006ListaNavegacionSiesa", lista_listas)\n\nprint(lista_listas)\n
2025-10-21 15:58:22.175553 - rocketbot - INFO - request: 006_NavegacionMenuSiesa : line 1.7 - rpalogic : for  id: 6da8cac0-6bd0-6d8d-0dae-338fb628f711 -  - {"iterable":"{loc006ListaNavegacionSiesa}","count":0}
2025-10-21 15:58:22.175553 - rocketbot - INFO - For count: 1
2025-10-21 15:58:22.441183 - rocketbot - INFO - request: 006_NavegacionMenuSiesa : line 1.7.1 - rpasystem : setVar  id: 170498e8-1298-8bee-fd74-c6b1295c088c -  - {Loc006ItemACtual}[0]
2025-10-21 15:58:22.581811 - rocketbot - INFO - request: 006_NavegacionMenuSiesa : line 1.7.2 - rpasystem : setVar  id: 259036b6-b221-30ef-db01-113ca88bc04f -  - {Loc006ItemACtual}[1]
2025-10-21 15:58:22.925568 - rocketbot - INFO - request: 006_NavegacionMenuSiesa : line 1.7.3 - rpadesktop : send_keys  id: 04147493-5a16-accd-4977-335743b0b66a -  - {"text":"{Loc006LetraNavegacion}"}
2025-10-21 15:58:23.676229 - rocketbot - INFO - request: 006_NavegacionMenuSiesa : line 1.7.4 - rpascripts : module  id: d80279e8-b706-f040-8ccd-b6211110a164 -  - {"module_name":"sendToLogs","module":"sendText","path":"{gblRutaLogs}","infoType":"trace","text":"Navega en la opcion {Loc006OpcionNavegacion} con la letra de referencia {Loc006LetraNavegacion}"}
2025-10-21 15:58:23.941218 - rocketbot - INFO - request: 006_NavegacionMenuSiesa : line 1.7.5 - rpasystem : wait  id: 374ded0c-f517-dd68-89d2-3db3e94e6ceb -  - 1
2025-10-21 15:58:24.956862 - rocketbot - INFO - request: 006_NavegacionMenuSiesa : line 1.7 - rpalogic : for  id: 6da8cac0-6bd0-6d8d-0dae-338fb628f711 -  - {"iterable":"{loc006ListaNavegacionSiesa}","count":1}
2025-10-21 15:58:24.956862 - rocketbot - INFO - For count: 2
2025-10-21 15:58:25.613125 - rocketbot - INFO - request: 006_NavegacionMenuSiesa : line 1.7.1 - rpasystem : setVar  id: 170498e8-1298-8bee-fd74-c6b1295c088c -  - {Loc006ItemACtual}[0]
2025-10-21 15:58:25.863130 - rocketbot - INFO - request: 006_NavegacionMenuSiesa : line 1.7.2 - rpasystem : setVar  id: 259036b6-b221-30ef-db01-113ca88bc04f -  - {Loc006ItemACtual}[1]
2025-10-21 15:58:25.941253 - rocketbot - INFO - request: 006_NavegacionMenuSiesa : line 1.7.3 - rpadesktop : send_keys  id: 04147493-5a16-accd-4977-335743b0b66a -  - {"text":"{Loc006LetraNavegacion}"}
2025-10-21 15:58:26.441260 - rocketbot - INFO - request: 006_NavegacionMenuSiesa : line 1.7.4 - rpascripts : module  id: d80279e8-b706-f040-8ccd-b6211110a164 -  - {"module_name":"sendToLogs","module":"sendText","path":"{gblRutaLogs}","infoType":"trace","text":"Navega en la opcion {Loc006OpcionNavegacion} con la letra de referencia {Loc006LetraNavegacion}"}
2025-10-21 15:58:26.706897 - rocketbot - INFO - request: 006_NavegacionMenuSiesa : line 1.7.5 - rpasystem : wait  id: 374ded0c-f517-dd68-89d2-3db3e94e6ceb -  - 1
2025-10-21 15:58:27.722535 - rocketbot - INFO - request: 006_NavegacionMenuSiesa : line 1.7 - rpalogic : for  id: 6da8cac0-6bd0-6d8d-0dae-338fb628f711 -  - {"iterable":"{loc006ListaNavegacionSiesa}","count":2}
2025-10-21 15:58:27.722535 - rocketbot - INFO - For count: 3
2025-10-21 15:58:28.238172 - rocketbot - INFO - request: 006_NavegacionMenuSiesa : line 1.7.1 - rpasystem : setVar  id: 170498e8-1298-8bee-fd74-c6b1295c088c -  - {Loc006ItemACtual}[0]
2025-10-21 15:58:28.503801 - rocketbot - INFO - request: 006_NavegacionMenuSiesa : line 1.7.2 - rpasystem : setVar  id: 259036b6-b221-30ef-db01-113ca88bc04f -  - {Loc006ItemACtual}[1]
2025-10-21 15:58:28.581927 - rocketbot - INFO - request: 006_NavegacionMenuSiesa : line 1.7.3 - rpadesktop : send_keys  id: 04147493-5a16-accd-4977-335743b0b66a -  - {"text":"{Loc006LetraNavegacion}"}
2025-10-21 15:58:29.238198 - rocketbot - INFO - request: 006_NavegacionMenuSiesa : line 1.7.4 - rpascripts : module  id: d80279e8-b706-f040-8ccd-b6211110a164 -  - {"module_name":"sendToLogs","module":"sendText","path":"{gblRutaLogs}","infoType":"trace","text":"Navega en la opcion {Loc006OpcionNavegacion} con la letra de referencia {Loc006LetraNavegacion}"}
2025-10-21 15:58:29.488195 - rocketbot - INFO - request: 006_NavegacionMenuSiesa : line 1.7.5 - rpasystem : wait  id: 374ded0c-f517-dd68-89d2-3db3e94e6ceb -  - 1
2025-10-21 15:58:30.488216 - rocketbot - INFO - request: 006_NavegacionMenuSiesa : line 1.7 - rpalogic : for  id: 6da8cac0-6bd0-6d8d-0dae-338fb628f711 -  - {"iterable":"{loc006ListaNavegacionSiesa}","count":3}
2025-10-21 15:58:30.488216 - rocketbot - INFO - For count: 4
2025-10-21 15:58:31.019479 - rocketbot - INFO - request: 006_NavegacionMenuSiesa : line 1.7.1 - rpasystem : setVar  id: 170498e8-1298-8bee-fd74-c6b1295c088c -  - {Loc006ItemACtual}[0]
2025-10-21 15:58:31.269484 - rocketbot - INFO - request: 006_NavegacionMenuSiesa : line 1.7.2 - rpasystem : setVar  id: 259036b6-b221-30ef-db01-113ca88bc04f -  - {Loc006ItemACtual}[1]
2025-10-21 15:58:31.347606 - rocketbot - INFO - request: 006_NavegacionMenuSiesa : line 1.7.3 - rpadesktop : send_keys  id: 04147493-5a16-accd-4977-335743b0b66a -  - {"text":"{Loc006LetraNavegacion}"}
2025-10-21 15:58:31.972621 - rocketbot - INFO - request: 006_NavegacionMenuSiesa : line 1.7.4 - rpascripts : module  id: d80279e8-b706-f040-8ccd-b6211110a164 -  - {"module_name":"sendToLogs","module":"sendText","path":"{gblRutaLogs}","infoType":"trace","text":"Navega en la opcion {Loc006OpcionNavegacion} con la letra de referencia {Loc006LetraNavegacion}"}
2025-10-21 15:58:32.222626 - rocketbot - INFO - request: 006_NavegacionMenuSiesa : line 1.7.5 - rpasystem : wait  id: 374ded0c-f517-dd68-89d2-3db3e94e6ceb -  - 1
2025-10-21 15:58:33.222651 - rocketbot - INFO - request: 006_NavegacionMenuSiesa : line 1.7 - rpalogic : for  id: 6da8cac0-6bd0-6d8d-0dae-338fb628f711 -  - {"iterable":"{loc006ListaNavegacionSiesa}","count":4}
2025-10-21 15:58:33.222651 - rocketbot - INFO - For count: 5
2025-10-21 15:58:33.738280 - rocketbot - INFO - request: 006_NavegacionMenuSiesa : line 1.7.1 - rpasystem : setVar  id: 170498e8-1298-8bee-fd74-c6b1295c088c -  - {Loc006ItemACtual}[0]
2025-10-21 15:58:34.003913 - rocketbot - INFO - request: 006_NavegacionMenuSiesa : line 1.7.2 - rpasystem : setVar  id: 259036b6-b221-30ef-db01-113ca88bc04f -  - {Loc006ItemACtual}[1]
2025-10-21 15:58:34.066418 - rocketbot - INFO - request: 006_NavegacionMenuSiesa : line 1.7.3 - rpadesktop : send_keys  id: 04147493-5a16-accd-4977-335743b0b66a -  - {"text":"{Loc006LetraNavegacion}"}
2025-10-21 15:58:34.691423 - rocketbot - INFO - request: 006_NavegacionMenuSiesa : line 1.7.4 - rpascripts : module  id: d80279e8-b706-f040-8ccd-b6211110a164 -  - {"module_name":"sendToLogs","module":"sendText","path":"{gblRutaLogs}","infoType":"trace","text":"Navega en la opcion {Loc006OpcionNavegacion} con la letra de referencia {Loc006LetraNavegacion}"}
2025-10-21 15:58:34.941427 - rocketbot - INFO - request: 006_NavegacionMenuSiesa : line 1.7.5 - rpasystem : wait  id: 374ded0c-f517-dd68-89d2-3db3e94e6ceb -  - 1
2025-10-21 15:58:35.941453 - rocketbot - INFO - request: 006_NavegacionMenuSiesa : line 1.7 - rpalogic : for  id: 6da8cac0-6bd0-6d8d-0dae-338fb628f711 -  - {"iterable":"{loc006ListaNavegacionSiesa}","count":5}
2025-10-21 15:58:35.941453 - rocketbot - INFO - For count: 5
2025-10-21 15:58:36.457082 - rocketbot - INFO - request: 004_ObtenerInformacionDePantallaSiesa8.5 : line 1 - rpalogic : trycatch  id: fa7c7061-0859-fcb6-9723-125ee17cc020 -  - 
2025-10-21 15:58:36.457082 - rocketbot - INFO - request: 004_ObtenerInformacionDePantallaSiesa8.5 : line 1.1 - rpasystem : setVar  id: a0717771-b651-c0cf-891f-3edb9bd05bbe -  - False
2025-10-21 15:58:36.457082 - rocketbot - INFO - request: 004_ObtenerInformacionDePantallaSiesa8.5 : line 1.2 - rpascripts : module  id: 1423ff36-a9f9-bfc7-a676-1688d9bd5ea4 -  - {"module_name":"Vortex-Utils","module":"sendText","path":"{gblRutaLogs}","infoType":"info","text":"Se va a extraer el texto de la pantalla de Siesa8.5."}
2025-10-21 15:58:36.488337 - rocketbot - INFO - request: 004_ObtenerInformacionDePantallaSiesa8.5 : line 1.3 - rpasystem : wait  id: f7cbe75d-c290-455d-ef71-5aed7486c17e -  - 1
2025-10-21 15:58:37.488360 - rocketbot - INFO - request: 004_ObtenerInformacionDePantallaSiesa8.5 : line 1.4 - rpadesktop : send_keys  id: 17f67f4b-e9fc-4d46-0818-18407aa74b2a -  - {"text":"%{SPACE}"}
2025-10-21 15:58:37.675856 - rocketbot - INFO - request: 004_ObtenerInformacionDePantallaSiesa8.5 : line 1.5 - rpascripts : module  id: 006abc75-e673-6c2d-31c3-24bd51157cf8 -  - {"module_name":"Vortex-Utils","module":"sendText","path":"{gblRutaLogs}","infoType":"trace","text":"Se abre menu contextual."}
2025-10-21 15:58:37.675856 - rocketbot - INFO - request: 004_ObtenerInformacionDePantallaSiesa8.5 : line 1.6 - rpasystem : wait  id: 30428fbb-ffa5-73dc-0be2-2608b4c0cc24 -  - 1
2025-10-21 15:58:38.675882 - rocketbot - INFO - request: 004_ObtenerInformacionDePantallaSiesa8.5 : line 1.7 - rpadesktop : send_keys  id: 251f900c-e1d9-ea83-dff5-c2baf916fe7f -  - {"text":"o"}
2025-10-21 15:58:38.738379 - rocketbot - INFO - request: 004_ObtenerInformacionDePantallaSiesa8.5 : line 1.8 - rpascripts : module  id: a40c5f60-941b-be13-5d67-86a2ebeb3c04 -  - {"module_name":"Vortex-Utils","module":"sendText","path":"{gblRutaLogs}","infoType":"trace","text":"Copiar al portapapeles."}
2025-10-21 15:58:38.738379 - rocketbot - INFO - request: 004_ObtenerInformacionDePantallaSiesa8.5 : line 1.9 - rpasystem : wait  id: dd7d7ecd-aaeb-fd97-889a-79d99f19bd89 -  - 1
2025-10-21 15:58:39.754021 - rocketbot - INFO - request: 004_ObtenerInformacionDePantallaSiesa8.5 : line 1.10 - rpascripts : module  id: 48a1d356-892b-85e1-72ac-998173bbea84 -  - {"module_name":"clipboard","module":"getClipboard","var_":"gblInfoPantalla"}
2025-10-21 15:58:40.410283 - rocketbot - INFO - request: 004_ObtenerInformacionDePantallaSiesa8.5 : line 1.11 - rpasystem : setVar  id: f2ff01d2-d37a-8119-ca89-51981835da8c -  - True
2025-10-21 15:58:40.425914 - rocketbot - INFO - request: 006_NavegacionMenuSiesa : line 1.9 - rpalogic : evaluateIf  id: 03d92ef7-40ff-32ff-f929-ea6fe8cce140 -  - "{gblInfoPantalla}" != ""
2025-10-21 15:58:40.425914 - Rocketbot - ERROR - EXCEPTION IN (<string> Rocketbot, L_69 ""): SyntaxError: unterminated string literal (detected at line 1) (<string>, line 1)
2025-10-21 15:58:40.972799 - rocketbot - INFO - request: 006_NavegacionMenuSiesa : line 1.1 - rpascripts : module  id: e578d0f0-6536-fc52-a2a3-2ba1914658f9 -  - {"module_name":"Vortex-Utils","module":"sendText","path":"{gblRutaLogs}","infoType":"error","text":"Ocurrio un error en la nevagacion del aplicativo Siesa 8.5."}
2025-10-21 15:59:28.895313 - rocketbot - INFO - request: 006_NavegacionMenuSiesa : line 1.9 - rpalogic : evaluateIf  id: 03d92ef7-40ff-32ff-f929-ea6fe8cce140 -  - """{gblInfoPantalla}""" != ""
2025-10-21 15:59:29.145451 - rocketbot - INFO - request: 006_NavegacionMenuSiesa : line 1.9.1 - rpascripts : execscriptpython  id: 680f0eab-2d63-cb78-681d-6d310ae1d1b0 -  - from VortexLibrary import logger\n\n# Configuración inicial del logger\nlogger.log_path = GetVar("gblRutaLogs")  # Usa GetVar para obtener el valor real\nlogger.task_name = tmp_global_obj["profile"]["name"]\n\n# Obtenemos la información copiada de Siesa 8.5\ntexto = GetVar("gblInfoPantalla")\nlogger.info("Se obtiene la información del portapapeles")\n\n# Convertimos el texto obtenido de Siesa a minúsculas para trabajar con un mismo tipo de letra\ntexto = texto.lower()\n\n# Se busca la palabra de referencia 'empresa' para identificar la correcta navegación\npalabra_referencia = texto.find("empresa")\n\nif palabra_referencia != -1:\n    logger.info("Se encontró la palabra de referencia 'Empresa' en la información procesada del aplicativo Siesa, la navegación se realizó exitosamente")\n    SetVar("loc006ContinuarProceso", True)\nelse:\n    logger.info("No fue posible encontrar la palabra de referencia 'Empresa', la navegación no se realizó con éxito")  # <-- corregido 'logge' y 'Emprsea'\n    SetVar("loc006ContinuarProceso", False)
2025-10-21 15:59:41.712607 - rocketbot - INFO - request: 006_NavegacionMenuSiesa : line 1 - rpalogic : trycatch  id: d3008b59-47f2-b737-9f57-6651d000b2f0 -  - 
2025-10-21 15:59:41.959656 - rocketbot - INFO - request: 006_NavegacionMenuSiesa : line 1.1 - rpascripts : module  id: 74be9457-75a7-933b-2757-68999e74ba38 -  - {"module_name":"System++","module":"cleanVars","vars":"Loc006OpcionNavegacion,Loc006LetraNavegacion,Loc006ItemACtual,loc006ListaNavegacionSiesa,loc006ContinuarProceso"}
2025-10-21 15:59:42.111288 - rocketbot - INFO - request: 006_NavegacionMenuSiesa : line 1.2 - rpascripts : module  id: ffd8e0a3-51be-e786-0bb6-103a60c1005c -  - {"module_name":"sendToLogs","module":"sendText","path":"{gblRutaLogs}","infoType":"info","text":"Se inicio el bot de navegacion en el menu del aplicativo Siesa 8.5"}
2025-10-21 15:59:42.271959 - rocketbot - INFO - request: 006_NavegacionMenuSiesa : line 1.3 - rpasystem : setVar  id: c6db3640-60ca-0334-5e35-3d9d00e4d476 -  - False
2025-10-21 15:59:42.485136 - rocketbot - INFO - request: 006_NavegacionMenuSiesa : line 1.4 - rpasystem : setVar  id: 2ee8f980-8483-115e-9f7f-392599ef36cc -  - False
2025-10-21 15:59:42.690706 - rocketbot - INFO - request: 006_NavegacionMenuSiesa : line 1.5 - rpasystem : wait  id: 45462b1a-962d-5d6e-e184-b04ea64b960d -  - 3
2025-10-21 15:59:45.704641 - rocketbot - INFO - request: 006_NavegacionMenuSiesa : line 1.6 - rpascripts : execscriptpython  id: 5803bb43-c912-27fc-731e-d849a814d484 -  - from VortexLibrary import logger \nlogger.log_path = "{gblRutaLogs}"\nlogger.task_name = tmp_global_obj["profile"]["name"]\n\ndiccionario = {gblDiccionarioNavegacionSiesa}\n\n# Convertir a lista de listas (no de tuplas)\nlista_listas = [[clave, valor] for clave, valor in diccionario.items()]\n\n# Guardar para usar en Rocketbot\nSetVar("loc006ListaNavegacionSiesa", lista_listas)\n\nprint(lista_listas)\n
2025-10-21 15:59:46.360913 - rocketbot - INFO - request: 006_NavegacionMenuSiesa : line 1.7 - rpalogic : for  id: 6da8cac0-6bd0-6d8d-0dae-338fb628f711 -  - {"iterable":"{loc006ListaNavegacionSiesa}","count":0}
2025-10-21 15:59:46.360913 - rocketbot - INFO - For count: 1
2025-10-21 15:59:46.626539 - rocketbot - INFO - request: 006_NavegacionMenuSiesa : line 1.7.1 - rpasystem : setVar  id: 170498e8-1298-8bee-fd74-c6b1295c088c -  - {Loc006ItemACtual}[0]
2025-10-21 15:59:46.782784 - rocketbot - INFO - request: 006_NavegacionMenuSiesa : line 1.7.2 - rpasystem : setVar  id: 259036b6-b221-30ef-db01-113ca88bc04f -  - {Loc006ItemACtual}[1]
2025-10-21 15:59:47.392180 - rocketbot - INFO - request: 006_NavegacionMenuSiesa : line 1.7.3 - rpadesktop : send_keys  id: 04147493-5a16-accd-4977-335743b0b66a -  - {"text":"{Loc006LetraNavegacion}"}
2025-10-21 15:59:47.657804 - rocketbot - INFO - request: 006_NavegacionMenuSiesa : line 1.7.4 - rpascripts : module  id: d80279e8-b706-f040-8ccd-b6211110a164 -  - {"module_name":"sendToLogs","module":"sendText","path":"{gblRutaLogs}","infoType":"trace","text":"Navega en la opcion {Loc006OpcionNavegacion} con la letra de referencia {Loc006LetraNavegacion}"}
2025-10-21 15:59:47.767188 - rocketbot - INFO - request: 006_NavegacionMenuSiesa : line 1.7.5 - rpasystem : wait  id: 374ded0c-f517-dd68-89d2-3db3e94e6ceb -  - 1
2025-10-21 15:59:48.782826 - rocketbot - INFO - request: 006_NavegacionMenuSiesa : line 1.7 - rpalogic : for  id: 6da8cac0-6bd0-6d8d-0dae-338fb628f711 -  - {"iterable":"{loc006ListaNavegacionSiesa}","count":1}
2025-10-21 15:59:48.782826 - rocketbot - INFO - For count: 2
2025-10-21 15:59:49.298463 - rocketbot - INFO - request: 006_NavegacionMenuSiesa : line 1.7.1 - rpasystem : setVar  id: 170498e8-1298-8bee-fd74-c6b1295c088c -  - {Loc006ItemACtual}[0]
2025-10-21 15:59:49.564098 - rocketbot - INFO - request: 006_NavegacionMenuSiesa : line 1.7.2 - rpasystem : setVar  id: 259036b6-b221-30ef-db01-113ca88bc04f -  - {Loc006ItemACtual}[1]
2025-10-21 15:59:49.626595 - rocketbot - INFO - request: 006_NavegacionMenuSiesa : line 1.7.3 - rpadesktop : send_keys  id: 04147493-5a16-accd-4977-335743b0b66a -  - {"text":"{Loc006LetraNavegacion}"}
2025-10-21 15:59:50.251605 - rocketbot - INFO - request: 006_NavegacionMenuSiesa : line 1.7.4 - rpascripts : module  id: d80279e8-b706-f040-8ccd-b6211110a164 -  - {"module_name":"sendToLogs","module":"sendText","path":"{gblRutaLogs}","infoType":"trace","text":"Navega en la opcion {Loc006OpcionNavegacion} con la letra de referencia {Loc006LetraNavegacion}"}
2025-10-21 15:59:50.501615 - rocketbot - INFO - request: 006_NavegacionMenuSiesa : line 1.7.5 - rpasystem : wait  id: 374ded0c-f517-dd68-89d2-3db3e94e6ceb -  - 1
2025-10-21 15:59:51.517256 - rocketbot - INFO - request: 006_NavegacionMenuSiesa : line 1.7 - rpalogic : for  id: 6da8cac0-6bd0-6d8d-0dae-338fb628f711 -  - {"iterable":"{loc006ListaNavegacionSiesa}","count":2}
2025-10-21 15:59:51.517256 - rocketbot - INFO - For count: 3
2025-10-21 15:59:52.142275 - rocketbot - INFO - request: 006_NavegacionMenuSiesa : line 1.7.1 - rpasystem : setVar  id: 170498e8-1298-8bee-fd74-c6b1295c088c -  - {Loc006ItemACtual}[0]
2025-10-21 15:59:52.423523 - rocketbot - INFO - request: 006_NavegacionMenuSiesa : line 1.7.2 - rpasystem : setVar  id: 259036b6-b221-30ef-db01-113ca88bc04f -  - {Loc006ItemACtual}[1]
2025-10-21 15:59:52.454774 - rocketbot - INFO - request: 006_NavegacionMenuSiesa : line 1.7.3 - rpadesktop : send_keys  id: 04147493-5a16-accd-4977-335743b0b66a -  - {"text":"{Loc006LetraNavegacion}"}
2025-10-21 15:59:52.767281 - rocketbot - INFO - request: 006_NavegacionMenuSiesa : line 1.7.4 - rpascripts : module  id: d80279e8-b706-f040-8ccd-b6211110a164 -  - {"module_name":"sendToLogs","module":"sendText","path":"{gblRutaLogs}","infoType":"trace","text":"Navega en la opcion {Loc006OpcionNavegacion} con la letra de referencia {Loc006LetraNavegacion}"}
2025-10-21 15:59:52.970409 - rocketbot - INFO - request: 006_NavegacionMenuSiesa : line 1.7.5 - rpasystem : wait  id: 374ded0c-f517-dd68-89d2-3db3e94e6ceb -  - 1
2025-10-21 15:59:53.970433 - rocketbot - INFO - request: 006_NavegacionMenuSiesa : line 1.7 - rpalogic : for  id: 6da8cac0-6bd0-6d8d-0dae-338fb628f711 -  - {"iterable":"{loc006ListaNavegacionSiesa}","count":3}
2025-10-21 15:59:53.970433 - rocketbot - INFO - For count: 4
2025-10-21 15:59:54.486070 - rocketbot - INFO - request: 006_NavegacionMenuSiesa : line 1.7.1 - rpasystem : setVar  id: 170498e8-1298-8bee-fd74-c6b1295c088c -  - {Loc006ItemACtual}[0]
2025-10-21 15:59:54.751699 - rocketbot - INFO - request: 006_NavegacionMenuSiesa : line 1.7.2 - rpasystem : setVar  id: 259036b6-b221-30ef-db01-113ca88bc04f -  - {Loc006ItemACtual}[1]
2025-10-21 15:59:54.814197 - rocketbot - INFO - request: 006_NavegacionMenuSiesa : line 1.7.3 - rpadesktop : send_keys  id: 04147493-5a16-accd-4977-335743b0b66a -  - {"text":"{Loc006LetraNavegacion}"}
2025-10-21 15:59:55.439207 - rocketbot - INFO - request: 006_NavegacionMenuSiesa : line 1.7.4 - rpascripts : module  id: d80279e8-b706-f040-8ccd-b6211110a164 -  - {"module_name":"sendToLogs","module":"sendText","path":"{gblRutaLogs}","infoType":"trace","text":"Navega en la opcion {Loc006OpcionNavegacion} con la letra de referencia {Loc006LetraNavegacion}"}
2025-10-21 15:59:55.704836 - rocketbot - INFO - request: 006_NavegacionMenuSiesa : line 1.7.5 - rpasystem : wait  id: 374ded0c-f517-dd68-89d2-3db3e94e6ceb -  - 1
2025-10-21 15:59:56.707168 - rocketbot - INFO - request: 006_NavegacionMenuSiesa : line 1.7 - rpalogic : for  id: 6da8cac0-6bd0-6d8d-0dae-338fb628f711 -  - {"iterable":"{loc006ListaNavegacionSiesa}","count":4}
2025-10-21 15:59:56.707168 - rocketbot - INFO - For count: 5
2025-10-21 15:59:57.347806 - rocketbot - INFO - request: 006_NavegacionMenuSiesa : line 1.7.1 - rpasystem : setVar  id: 170498e8-1298-8bee-fd74-c6b1295c088c -  - {Loc006ItemACtual}[0]
2025-10-21 15:59:57.613437 - rocketbot - INFO - request: 006_NavegacionMenuSiesa : line 1.7.2 - rpasystem : setVar  id: 259036b6-b221-30ef-db01-113ca88bc04f -  - {Loc006ItemACtual}[1]
2025-10-21 15:59:57.675939 - rocketbot - INFO - request: 006_NavegacionMenuSiesa : line 1.7.3 - rpadesktop : send_keys  id: 04147493-5a16-accd-4977-335743b0b66a -  - {"text":"{Loc006LetraNavegacion}"}
2025-10-21 15:59:58.175947 - rocketbot - INFO - request: 006_NavegacionMenuSiesa : line 1.7.4 - rpascripts : module  id: d80279e8-b706-f040-8ccd-b6211110a164 -  - {"module_name":"sendToLogs","module":"sendText","path":"{gblRutaLogs}","infoType":"trace","text":"Navega en la opcion {Loc006OpcionNavegacion} con la letra de referencia {Loc006LetraNavegacion}"}
2025-10-21 15:59:58.441578 - rocketbot - INFO - request: 006_NavegacionMenuSiesa : line 1.7.5 - rpasystem : wait  id: 374ded0c-f517-dd68-89d2-3db3e94e6ceb -  - 1
2025-10-21 15:59:59.442040 - rocketbot - INFO - request: 006_NavegacionMenuSiesa : line 1.7 - rpalogic : for  id: 6da8cac0-6bd0-6d8d-0dae-338fb628f711 -  - {"iterable":"{loc006ListaNavegacionSiesa}","count":5}
2025-10-21 15:59:59.442040 - rocketbot - INFO - For count: 5
2025-10-21 15:59:59.957677 - rocketbot - INFO - request: scripts : execRocketBotDB : line 1.8 - - 004_ObtenerInformacionDePantallaSiesa8.5
2025-10-21 15:59:59.957677 - rocketbot - INFO - request: 004_ObtenerInformacionDePantallaSiesa8.5 : line 1 - rpalogic : trycatch  id: fa7c7061-0859-fcb6-9723-125ee17cc020 -  - 
2025-10-21 15:59:59.957677 - rocketbot - INFO - request: 004_ObtenerInformacionDePantallaSiesa8.5 : line 1.1 - rpasystem : setVar  id: a0717771-b651-c0cf-891f-3edb9bd05bbe -  - False
2025-10-21 15:59:59.957677 - rocketbot - INFO - request: 004_ObtenerInformacionDePantallaSiesa8.5 : line 1.2 - rpascripts : module  id: 1423ff36-a9f9-bfc7-a676-1688d9bd5ea4 -  - {"module_name":"Vortex-Utils","module":"sendText","path":"{gblRutaLogs}","infoType":"info","text":"Se va a extraer el texto de la pantalla de Siesa8.5."}
2025-10-21 15:59:59.957677 - rocketbot - INFO - request: 004_ObtenerInformacionDePantallaSiesa8.5 : line 1.3 - rpasystem : wait  id: f7cbe75d-c290-455d-ef71-5aed7486c17e -  - 1
2025-10-21 16:00:00.973320 - rocketbot - INFO - request: 004_ObtenerInformacionDePantallaSiesa8.5 : line 1.4 - rpadesktop : send_keys  id: 17f67f4b-e9fc-4d46-0818-18407aa74b2a -  - {"text":"%{SPACE}"}
2025-10-21 16:00:01.160824 - rocketbot - INFO - request: 004_ObtenerInformacionDePantallaSiesa8.5 : line 1.5 - rpascripts : module  id: 006abc75-e673-6c2d-31c3-24bd51157cf8 -  - {"module_name":"Vortex-Utils","module":"sendText","path":"{gblRutaLogs}","infoType":"trace","text":"Se abre menu contextual."}
2025-10-21 16:00:01.160824 - rocketbot - INFO - request: 004_ObtenerInformacionDePantallaSiesa8.5 : line 1.6 - rpasystem : wait  id: 30428fbb-ffa5-73dc-0be2-2608b4c0cc24 -  - 1
2025-10-21 16:00:02.160843 - rocketbot - INFO - request: 004_ObtenerInformacionDePantallaSiesa8.5 : line 1.7 - rpadesktop : send_keys  id: 251f900c-e1d9-ea83-dff5-c2baf916fe7f -  - {"text":"o"}
2025-10-21 16:00:02.223345 - rocketbot - INFO - request: 004_ObtenerInformacionDePantallaSiesa8.5 : line 1.8 - rpascripts : module  id: a40c5f60-941b-be13-5d67-86a2ebeb3c04 -  - {"module_name":"Vortex-Utils","module":"sendText","path":"{gblRutaLogs}","infoType":"trace","text":"Copiar al portapapeles."}
2025-10-21 16:00:02.223345 - rocketbot - INFO - request: 004_ObtenerInformacionDePantallaSiesa8.5 : line 1.9 - rpasystem : wait  id: dd7d7ecd-aaeb-fd97-889a-79d99f19bd89 -  - 1
2025-10-21 16:00:03.229140 - rocketbot - INFO - request: 004_ObtenerInformacionDePantallaSiesa8.5 : line 1.10 - rpascripts : module  id: 48a1d356-892b-85e1-72ac-998173bbea84 -  - {"module_name":"clipboard","module":"getClipboard","var_":"gblInfoPantalla"}
2025-10-21 16:00:03.291636 - rocketbot - INFO - request: 004_ObtenerInformacionDePantallaSiesa8.5 : line 1.11 - rpasystem : setVar  id: f2ff01d2-d37a-8119-ca89-51981835da8c -  - True
2025-10-21 16:00:03.291636 - rocketbot - INFO - request: 006_NavegacionMenuSiesa : line 1.9 - rpalogic : evaluateIf  id: 03d92ef7-40ff-32ff-f929-ea6fe8cce140 -  - """{gblInfoPantalla}""" != ""
2025-10-21 16:00:03.822897 - rocketbot - INFO - request: 006_NavegacionMenuSiesa : line 1.9.1 - rpascripts : execscriptpython  id: 680f0eab-2d63-cb78-681d-6d310ae1d1b0 -  - from VortexLibrary import logger\n\n# Configuración inicial del logger\nlogger.log_path = GetVar("gblRutaLogs")  # Usa GetVar para obtener el valor real\nlogger.task_name = tmp_global_obj["profile"]["name"]\n\n# Obtenemos la información copiada de Siesa 8.5\ntexto = GetVar("gblInfoPantalla")\nlogger.info("Se obtiene la información del portapapeles")\n\n# Convertimos el texto obtenido de Siesa a minúsculas para trabajar con un mismo tipo de letra\ntexto = texto.lower()\n\n# Se busca la palabra de referencia 'empresa' para identificar la correcta navegación\npalabra_referencia = texto.find("empresa")\n\nif palabra_referencia != -1:\n    logger.info("Se encontró la palabra de referencia 'Empresa' en la información procesada del aplicativo Siesa, la navegación se realizó exitosamente")\n    SetVar("loc006ContinuarProceso", True)\nelse:\n    logger.info("No fue posible encontrar la palabra de referencia 'Empresa', la navegación no se realizó con éxito")  # <-- corregido 'logge' y 'Emprsea'\n    SetVar("loc006ContinuarProceso", False)
2025-10-21 16:00:04.088528 - rocketbot - INFO - request: 006_NavegacionMenuSiesa : line 1.10 - rpalogic : evaluateIf  id: 026a5ed0-e9a0-db8f-7885-1550609ec9aa -  - not {loc006ContinuarProceso}
2025-10-21 16:00:04.229155 - rocketbot - INFO - request: 006_NavegacionMenuSiesa : line 1.11 - rpasystem : setVar  id: 50a6f971-6d9e-ef34-9532-e634d271b504 -  - True
2025-10-21 16:00:49.141489 - rocketbot - INFO - request: 006_NavegacionMenuSiesa : line 1.1 - rpascripts : module  id: 74be9457-75a7-933b-2757-68999e74ba38 -  - {"module_name":"System++","module":"cleanVars","vars":"Loc006OpcionNavegacion,Loc006LetraNavegacion,Loc006ItemACtual,loc006ListaNavegacionSiesa,loc006ContinuarProceso"}
2025-10-21 16:47:38.189199 - rocketbot - INFO - request: 022_IngresoFacturaSiesa : line 1.1 - rpascripts : execscriptpython  id: 8454e51d-6443-7b97-9da7-5b6d6c3b5a23 -  - from VortexLibrary import logger \nlogger.log_path = "{gblRutaLogs}"\nlogger.task_name = tmp_global_obj["profile"]["name"]\n\ndiccionario = {}\nempresa = GetVar('gblPrefijoEmpresa')\ncentroConstos = {gblCentroDeCostos}\ntipoDocumento = {gblTipoDeDocumento}\nnumeroDocumento = {gblNumeroDocumento}\n\n#Se construyo el diccionario con la estructura en la cual se ingresara la informacion en el aplicativo Siesa 8.5\ndiccionario['Empresa']: empresa\ndiccionario['Centro de costos']: centroConstos\ndiccionario['Tipo de documento']: tipoDocumento\ndiccionario['Nuemro de documento']: numeroDocumento\n\nlogger.info(f"Se ingresara la informacion de la factura en el aplicativo Siesa 8.5 de la siguiente manera: {diccionario}")\n\n# Convertir a lista de listas (no de tuplas)\nlista_listas = [[clave, valor] for clave, valor in diccionario.items()]\n\n# Guardar para usar en Rocketbot\nSetVar("loc022ListaIngresoInformacion", lista_listas)\n\nprint(lista_listas)\n
2025-10-21 16:47:38.191505 - script - ERROR - EXCEPTION IN (<string> script, L_144 ""): SyntaxError: invalid syntax (<string>, line 7)
2025-10-21 16:48:25.001030 - rocketbot - INFO - request: 022_IngresoFacturaSiesa : line 1.1 - rpascripts : execscriptpython  id: 8454e51d-6443-7b97-9da7-5b6d6c3b5a23 -  - from VortexLibrary import logger\n\n# Configuración inicial del logger\nlogger.log_path = GetVar("gblRutaLogs")  # Se debe usar GetVar para obtener la ruta real\nlogger.task_name = tmp_global_obj["profile"]["name"]\n\n# Inicialización del diccionario\ndiccionario = {}\n\n# Obtención de variables globales\nempresa = GetVar("gblPrefijoEmpresa")\ncentro_costos = GetVar("gblCentroDeCostos")\ntipo_documento = GetVar("gblTipoDeDocumento")\nnumero_documento = GetVar("gblNumeroDocumento")\n\n# Construcción del diccionario con la información que se ingresará en el aplicativo Siesa 8.5\ndiccionario["Empresa"] = empresa\ndiccionario["Centro de costos"] = centro_costos\ndiccionario["Tipo de documento"] = tipo_documento\ndiccionario["Número de documento"] = numero_documento\n\n# Registro informativo del contenido que se enviará\nlogger.info(f"Se ingresará la información de la factura en el aplicativo Siesa 8.5 de la siguiente manera: {diccionario}")\n\n# Convertir el diccionario en una lista de listas (clave, valor)\nlista_listas = [[clave, valor] for clave, valor in diccionario.items()]\n\n# Guardar para usar en Rocketbot\nSetVar("loc022ListaIngresoInformacion", lista_listas)\n\nprint(lista_listas)
2025-10-21 16:59:35.039286 - rocketbot - INFO - request: 022_IngresoFacturaSiesa : line 1.1 - rpascripts : execscriptpython  id: 8454e51d-6443-7b97-9da7-5b6d6c3b5a23 -  - from VortexLibrary import logger\n\n# Configuración inicial del logger\nlogger.log_path = GetVar("gblRutaLogs")  # Se debe usar GetVar para obtener la ruta real\nlogger.task_name = tmp_global_obj["profile"]["name"]\n\n# Inicialización del diccionario\ndiccionario = {}\n\n# Obtención de variables globales\nempresa = GetVar("gblPrefijoEmpresa")\ncentro_costos = GetVar("gblCentroDeCostos")\ntipo_documento = GetVar("gblTipoDeDocumento")\nnumero_documento = GetVar("gblNumeroDocumento")\n\n# Construcción del diccionario con la información que se ingresará en el aplicativo Siesa 8.5\ndiccionario["Empresa"] = empresa\ndiccionario["Centro de costos"] = centro_costos\ndiccionario["Tipo de documento"] = tipo_documento\ndiccionario["Número de documento"] = numero_documento\n\n# Registro informativo del contenido que se enviará\nlogger.info(f"Se ingresará la información de la factura en el aplicativo Siesa 8.5 de la siguiente manera: {diccionario}")\n\n# Convertir el diccionario en una lista de listas (clave, valor)\nlista_listas = [[clave, valor] for clave, valor in diccionario.items()]\n\n# Guardar para usar en Rocketbot\nSetVar("loc022ListaIngresoInformacion", lista_listas)\n\nprint(lista_listas)
2025-10-21 17:26:03.999436 - rocketbot - INFO - request: 022_IngresoFacturaSiesa : line 1 - rpalogic : trycatch  id: 19e15d07-8d5d-6822-d52c-ce656297bf4f -  - 
2025-10-21 17:26:04.062153 - rocketbot - INFO - request: 022_IngresoFacturaSiesa : line 1.1 - rpasystem : wait  id: aab379c3-e643-c31e-ecdd-3167cb3e927d -  - 3
2025-10-21 17:26:07.065491 - rocketbot - INFO - request: 022_IngresoFacturaSiesa : line 1.2 - rpascripts : execscriptpython  id: 8454e51d-6443-7b97-9da7-5b6d6c3b5a23 -  - from VortexLibrary import logger\n\n# Configuración inicial del logger\nlogger.log_path = GetVar("gblRutaLogs")  # Se debe usar GetVar para obtener la ruta real\nlogger.task_name = tmp_global_obj["profile"]["name"]\n\n# Inicialización del diccionario\ndiccionario = {}\n\n# Obtención de variables globales\nempresa = GetVar("gblPrefijoEmpresa")\ncentro_costos = GetVar("gblCentroDeCostos")\ntipo_documento = GetVar("gblTipoDeDocumento")\nnumero_documento = GetVar("gblNumeroDocumento")\n\n# Construcción del diccionario con la información que se ingresará en el aplicativo Siesa 8.5\ndiccionario["Empresa"] = empresa\ndiccionario["Centro de costos"] = centro_costos\ndiccionario["Tipo de documento"] = tipo_documento\ndiccionario["Número de documento"] = numero_documento\n\n# Registro informativo del contenido que se enviará\nlogger.info(f"Se ingresará la información de la factura en el aplicativo Siesa 8.5 de la siguiente manera: {diccionario}")\n\n# Convertir el diccionario en una lista de listas (clave, valor)\nlista_listas = [[clave, valor] for clave, valor in diccionario.items()]\n\n# Guardar para usar en Rocketbot\nSetVar("loc022ListaIngresoInformacion", lista_listas)
2025-10-21 17:26:07.549876 - rocketbot - INFO - request: 022_IngresoFacturaSiesa : line 1.3 - rpalogic : for  id: 29eb5feb-8b91-a873-f1f2-3aa7ae3df98e -  - {"iterable":"{loc022ListaIngresoInformacion}","count":0}
2025-10-21 17:26:07.549876 - rocketbot - INFO - For count: 1
2025-10-21 17:26:07.815511 - rocketbot - INFO - request: 022_IngresoFacturaSiesa : line 1.3.1 - rpasystem : setVar  id: 4718a463-997b-fb3b-47ed-a6ef85448447 -  - {loc022ItemActual}[0]
2025-10-21 17:26:08.128018 - rocketbot - INFO - request: 022_IngresoFacturaSiesa : line 1.3.3 - rpadesktop : send_keys  id: 6be04214-4021-5890-6572-ba4980d87137 -  - {"text":"{loc022ValorOpcion}"}
2025-10-21 17:26:08.299897 - rocketbot - INFO - request: 022_IngresoFacturaSiesa : line 1.3.4 - rpascripts : module  id: 1624a967-1efa-8e0b-f9f3-c9519a6a3c42 -  - {"module_name":"sendToLogs","module":"sendText","path":"{gblRutaLogs}","infoType":"trace","text":"A continuacion se ingresara la informacion en el aplicativo Siesa 8.5. Opcion en la que se ingresara la informacion: {loc022NombreOpcion}. Valor que se ingresara: {loc022ValorOpcion}"}
2025-10-21 17:26:08.565525 - rocketbot - INFO - request: 022_IngresoFacturaSiesa : line 1.3.5 - rpasystem : wait  id: 0c7fed35-b382-d9d8-ace3-1ce877583b8a -  - 1
2025-10-21 17:26:09.581166 - rocketbot - INFO - request: 022_IngresoFacturaSiesa : line 1.3 - rpalogic : for  id: 29eb5feb-8b91-a873-f1f2-3aa7ae3df98e -  - {"iterable":"{loc022ListaIngresoInformacion}","count":1}
2025-10-21 17:26:09.581166 - rocketbot - INFO - For count: 2
2025-10-21 17:26:10.081176 - rocketbot - INFO - request: 022_IngresoFacturaSiesa : line 1.3.1 - rpasystem : setVar  id: 4718a463-997b-fb3b-47ed-a6ef85448447 -  - {loc022ItemActual}[0]
2025-10-21 17:26:10.346811 - rocketbot - INFO - request: 022_IngresoFacturaSiesa : line 1.3.2 - rpasystem : setVar  id: 65033dbc-3443-4d5f-9eac-c7aa41005595 -  - {loc022ItemActual}[1]
2025-10-21 17:26:10.393686 - rocketbot - INFO - request: 022_IngresoFacturaSiesa : line 1.3.3 - rpadesktop : send_keys  id: 6be04214-4021-5890-6572-ba4980d87137 -  - {"text":"{loc022ValorOpcion}"}
2025-10-21 17:26:10.659312 - rocketbot - INFO - request: 022_IngresoFacturaSiesa : line 1.3.4 - rpascripts : module  id: 1624a967-1efa-8e0b-f9f3-c9519a6a3c42 -  - {"module_name":"sendToLogs","module":"sendText","path":"{gblRutaLogs}","infoType":"trace","text":"A continuacion se ingresara la informacion en el aplicativo Siesa 8.5. Opcion en la que se ingresara la informacion: {loc022NombreOpcion}. Valor que se ingresara: {loc022ValorOpcion}"}
2025-10-21 17:26:10.893693 - rocketbot - INFO - request: 022_IngresoFacturaSiesa : line 1.3.5 - rpasystem : wait  id: 0c7fed35-b382-d9d8-ace3-1ce877583b8a -  - 1
2025-10-21 17:26:11.893712 - rocketbot - INFO - request: 022_IngresoFacturaSiesa : line 1.3 - rpalogic : for  id: 29eb5feb-8b91-a873-f1f2-3aa7ae3df98e -  - {"iterable":"{loc022ListaIngresoInformacion}","count":2}
2025-10-21 17:26:11.893712 - rocketbot - INFO - For count: 3
2025-10-21 17:26:12.628103 - rocketbot - INFO - request: 022_IngresoFacturaSiesa : line 1.3.2 - rpasystem : setVar  id: 65033dbc-3443-4d5f-9eac-c7aa41005595 -  - {loc022ItemActual}[1]
2025-10-21 17:26:12.674988 - rocketbot - INFO - request: 022_IngresoFacturaSiesa : line 1.3.3 - rpadesktop : send_keys  id: 6be04214-4021-5890-6572-ba4980d87137 -  - {"text":"{loc022ValorOpcion}"}
2025-10-21 17:26:12.956239 - rocketbot - INFO - request: 022_IngresoFacturaSiesa : line 1.3.4 - rpascripts : module  id: 1624a967-1efa-8e0b-f9f3-c9519a6a3c42 -  - {"module_name":"sendToLogs","module":"sendText","path":"{gblRutaLogs}","infoType":"trace","text":"A continuacion se ingresara la informacion en el aplicativo Siesa 8.5. Opcion en la que se ingresara la informacion: {loc022NombreOpcion}. Valor que se ingresara: {loc022ValorOpcion}"}
2025-10-21 17:26:13.315617 - rocketbot - INFO - request: 022_IngresoFacturaSiesa : line 1.3.5 - rpasystem : wait  id: 0c7fed35-b382-d9d8-ace3-1ce877583b8a -  - 1
2025-10-21 17:26:14.331259 - rocketbot - INFO - request: 022_IngresoFacturaSiesa : line 1.3 - rpalogic : for  id: 29eb5feb-8b91-a873-f1f2-3aa7ae3df98e -  - {"iterable":"{loc022ListaIngresoInformacion}","count":3}
2025-10-21 17:26:14.331259 - rocketbot - INFO - For count: 4
2025-10-21 17:26:14.846894 - rocketbot - INFO - request: 022_IngresoFacturaSiesa : line 1.3.1 - rpasystem : setVar  id: 4718a463-997b-fb3b-47ed-a6ef85448447 -  - {loc022ItemActual}[0]
2025-10-21 17:26:15.096905 - rocketbot - INFO - request: 022_IngresoFacturaSiesa : line 1.3.2 - rpasystem : setVar  id: 65033dbc-3443-4d5f-9eac-c7aa41005595 -  - {loc022ItemActual}[1]
2025-10-21 17:26:15.190652 - rocketbot - INFO - request: 022_IngresoFacturaSiesa : line 1.3.3 - rpadesktop : send_keys  id: 6be04214-4021-5890-6572-ba4980d87137 -  - {"text":"{loc022ValorOpcion}"}
2025-10-21 17:26:15.425031 - rocketbot - INFO - request: 022_IngresoFacturaSiesa : line 1.3.4 - rpascripts : module  id: 1624a967-1efa-8e0b-f9f3-c9519a6a3c42 -  - {"module_name":"sendToLogs","module":"sendText","path":"{gblRutaLogs}","infoType":"trace","text":"A continuacion se ingresara la informacion en el aplicativo Siesa 8.5. Opcion en la que se ingresara la informacion: {loc022NombreOpcion}. Valor que se ingresara: {loc022ValorOpcion}"}
2025-10-21 17:26:15.800041 - rocketbot - INFO - request: 022_IngresoFacturaSiesa : line 1.3.5 - rpasystem : wait  id: 0c7fed35-b382-d9d8-ace3-1ce877583b8a -  - 1
2025-10-21 17:26:16.815683 - rocketbot - INFO - request: 022_IngresoFacturaSiesa : line 1.3 - rpalogic : for  id: 29eb5feb-8b91-a873-f1f2-3aa7ae3df98e -  - {"iterable":"{loc022ListaIngresoInformacion}","count":4}
2025-10-21 17:26:16.815683 - rocketbot - INFO - For count: 4
2025-10-21 17:39:33.148179 - rocketbot - INFO - request: 022_IngresoFacturaSiesa : line 1.1 - rpascripts : module  id: 2e0d824f-eef5-b5eb-c8c9-8f5fc8367b4a -  - {"module_name":"System++","module":"cleanVars","vars":"loc022ListaIngresoInformacion,loc022ItemActual,loc022ValorOpcion,loc022NombreOpcion,loc022ContinuarProceso"}
2025-10-21 17:39:52.712651 - rocketbot - INFO - request: 022_IngresoFacturaSiesa : line 1.1 - rpascripts : module  id: 2e0d824f-eef5-b5eb-c8c9-8f5fc8367b4a -  - {"module_name":"System++","module":"cleanVars","vars":"loc022ListaIngresoInformacion,loc022ItemActual,loc022ValorOpcion,loc022NombreOpcion,loc022ContinuarProceso"}
2025-10-21 17:41:26.049177 - rocketbot - INFO - request: 022_IngresoFacturaSiesa : line 1 - rpalogic : trycatch  id: 19e15d07-8d5d-6822-d52c-ce656297bf4f -  - 
2025-10-21 17:41:26.273541 - rocketbot - INFO - request: 022_IngresoFacturaSiesa : line 1.1 - rpascripts : module  id: 2e0d824f-eef5-b5eb-c8c9-8f5fc8367b4a -  - {"module_name":"System++","module":"cleanVars","vars":"loc022ListaIngresoInformacion,loc022ItemActual,loc022ValorOpcion,loc022NombreOpcion,loc022ContinuarProceso"}
2025-10-21 17:41:26.378778 - rocketbot - INFO - request: 022_IngresoFacturaSiesa : line 1.2 - rpasystem : setVar  id: 64a65984-2395-df12-ab3c-a16e62ac2253 -  - False
2025-10-21 17:41:26.585170 - rocketbot - INFO - request: 022_IngresoFacturaSiesa : line 1.3 - rpasystem : setVar  id: 346e7071-bdda-4847-dfa8-eab346718909 -  - False
2025-10-21 17:41:26.835179 - rocketbot - INFO - request: 022_IngresoFacturaSiesa : line 1.4 - rpasystem : wait  id: aab379c3-e643-c31e-ecdd-3167cb3e927d -  - 3
2025-10-21 17:41:29.839520 - rocketbot - INFO - request: 022_IngresoFacturaSiesa : line 1.5 - rpascripts : execscriptpython  id: 8454e51d-6443-7b97-9da7-5b6d6c3b5a23 -  - from VortexLibrary import logger\n\n# Configuración inicial del logger\nlogger.log_path = GetVar("gblRutaLogs")  # Se debe usar GetVar para obtener la ruta real\nlogger.task_name = tmp_global_obj["profile"]["name"]\n\n# Inicialización del diccionario\ndiccionario = {}\n\n# Obtención de variables globales\nempresa = GetVar("gblPrefijoEmpresa")\ncentro_costos = GetVar("gblCentroDeCostos")\ntipo_documento = GetVar("gblTipoDeDocumento")\nnumero_documento = GetVar("gblNumeroDocumento")\n\n# Construcción del diccionario con la información que se ingresará en el aplicativo Siesa 8.5\ndiccionario["Empresa"] = empresa\ndiccionario["Centro de costos"] = centro_costos\ndiccionario["Tipo de documento"] = tipo_documento\ndiccionario["Número de documento"] = numero_documento\n\n# Registro informativo del contenido que se enviará\nlogger.info(f"Se ingresará la información de la factura en el aplicativo Siesa 8.5 de la siguiente manera: {diccionario}")\n\n# Convertir el diccionario en una lista de listas (clave, valor)\nlista_listas = [[clave, valor] for clave, valor in diccionario.items()]\n\n# Guardar para usar en Rocketbot\nSetVar("loc022ListaIngresoInformacion", lista_listas)
2025-10-21 17:41:30.386420 - rocketbot - INFO - request: 022_IngresoFacturaSiesa : line 1.6 - rpalogic : for  id: 29eb5feb-8b91-a873-f1f2-3aa7ae3df98e -  - {"iterable":"{loc022ListaIngresoInformacion}","count":0}
2025-10-21 17:41:30.386420 - rocketbot - INFO - For count: 1
2025-10-21 17:41:30.636432 - rocketbot - INFO - request: 022_IngresoFacturaSiesa : line 1.6.1 - rpasystem : setVar  id: 4718a463-997b-fb3b-47ed-a6ef85448447 -  - {loc022ItemActual}[0]
2025-10-21 17:41:30.698935 - rocketbot - INFO - request: 022_IngresoFacturaSiesa : line 1.6.2 - rpasystem : setVar  id: 65033dbc-3443-4d5f-9eac-c7aa41005595 -  - {loc022ItemActual}[1]
2025-10-21 17:41:30.948941 - rocketbot - INFO - request: 022_IngresoFacturaSiesa : line 1.6.3 - rpadesktop : send_keys  id: 6be04214-4021-5890-6572-ba4980d87137 -  - {"text":"{loc022ValorOpcion}"}
2025-10-21 17:41:31.136446 - rocketbot - INFO - request: 022_IngresoFacturaSiesa : line 1.6.4 - rpascripts : module  id: 1624a967-1efa-8e0b-f9f3-c9519a6a3c42 -  - {"module_name":"sendToLogs","module":"sendText","path":"{gblRutaLogs}","infoType":"trace","text":"A continuacion se ingresara la informacion en el aplicativo Siesa 8.5. Opcion en la que se ingresara la informacion: {loc022NombreOpcion}. Valor que se ingresara: {loc022ValorOpcion}"}
2025-10-21 17:41:31.386455 - rocketbot - INFO - request: 022_IngresoFacturaSiesa : line 1.6.5 - rpasystem : wait  id: 0c7fed35-b382-d9d8-ace3-1ce877583b8a -  - 1
2025-10-21 17:41:32.388371 - rocketbot - INFO - request: 022_IngresoFacturaSiesa : line 1.6 - rpalogic : for  id: 29eb5feb-8b91-a873-f1f2-3aa7ae3df98e -  - {"iterable":"{loc022ListaIngresoInformacion}","count":1}
2025-10-21 17:41:32.403993 - rocketbot - INFO - For count: 2
2025-10-21 17:41:32.872760 - rocketbot - INFO - request: 022_IngresoFacturaSiesa : line 1.6.1 - rpasystem : setVar  id: 4718a463-997b-fb3b-47ed-a6ef85448447 -  - {loc022ItemActual}[0]
2025-10-21 17:41:33.138401 - rocketbot - INFO - request: 022_IngresoFacturaSiesa : line 1.6.2 - rpasystem : setVar  id: 65033dbc-3443-4d5f-9eac-c7aa41005595 -  - {loc022ItemActual}[1]
2025-10-21 17:41:33.185272 - rocketbot - INFO - request: 022_IngresoFacturaSiesa : line 1.6.3 - rpadesktop : send_keys  id: 6be04214-4021-5890-6572-ba4980d87137 -  - {"text":"{loc022ValorOpcion}"}
2025-10-21 17:41:33.841548 - rocketbot - INFO - request: 022_IngresoFacturaSiesa : line 1.6.4 - rpascripts : module  id: 1624a967-1efa-8e0b-f9f3-c9519a6a3c42 -  - {"module_name":"sendToLogs","module":"sendText","path":"{gblRutaLogs}","infoType":"trace","text":"A continuacion se ingresara la informacion en el aplicativo Siesa 8.5. Opcion en la que se ingresara la informacion: {loc022NombreOpcion}. Valor que se ingresara: {loc022ValorOpcion}"}
2025-10-21 17:41:34.107188 - rocketbot - INFO - request: 022_IngresoFacturaSiesa : line 1.6.5 - rpasystem : wait  id: 0c7fed35-b382-d9d8-ace3-1ce877583b8a -  - 1
2025-10-21 17:41:35.122848 - rocketbot - INFO - request: 022_IngresoFacturaSiesa : line 1.6 - rpalogic : for  id: 29eb5feb-8b91-a873-f1f2-3aa7ae3df98e -  - {"iterable":"{loc022ListaIngresoInformacion}","count":2}
2025-10-21 17:41:35.122848 - rocketbot - INFO - For count: 3
2025-10-21 17:41:35.638492 - rocketbot - INFO - request: 022_IngresoFacturaSiesa : line 1.6.1 - rpasystem : setVar  id: 4718a463-997b-fb3b-47ed-a6ef85448447 -  - {loc022ItemActual}[0]
2025-10-21 17:41:35.904127 - rocketbot - INFO - request: 022_IngresoFacturaSiesa : line 1.6.2 - rpasystem : setVar  id: 65033dbc-3443-4d5f-9eac-c7aa41005595 -  - {loc022ItemActual}[1]
2025-10-21 17:41:35.951007 - rocketbot - INFO - request: 022_IngresoFacturaSiesa : line 1.6.3 - rpadesktop : send_keys  id: 6be04214-4021-5890-6572-ba4980d87137 -  - {"text":"{loc022ValorOpcion}"}
2025-10-21 17:41:36.232272 - rocketbot - INFO - request: 022_IngresoFacturaSiesa : line 1.6.4 - rpascripts : module  id: 1624a967-1efa-8e0b-f9f3-c9519a6a3c42 -  - {"module_name":"sendToLogs","module":"sendText","path":"{gblRutaLogs}","infoType":"trace","text":"A continuacion se ingresara la informacion en el aplicativo Siesa 8.5. Opcion en la que se ingresara la informacion: {loc022NombreOpcion}. Valor que se ingresara: {loc022ValorOpcion}"}
2025-10-21 17:41:36.607281 - rocketbot - INFO - request: 022_IngresoFacturaSiesa : line 1.6.5 - rpasystem : wait  id: 0c7fed35-b382-d9d8-ace3-1ce877583b8a -  - 1
2025-10-21 17:41:37.607325 - rocketbot - INFO - request: 022_IngresoFacturaSiesa : line 1.6 - rpalogic : for  id: 29eb5feb-8b91-a873-f1f2-3aa7ae3df98e -  - {"iterable":"{loc022ListaIngresoInformacion}","count":3}
2025-10-21 17:41:37.607325 - rocketbot - INFO - For count: 4
2025-10-21 17:41:38.138597 - rocketbot - INFO - request: 022_IngresoFacturaSiesa : line 1.6.1 - rpasystem : setVar  id: 4718a463-997b-fb3b-47ed-a6ef85448447 -  - {loc022ItemActual}[0]
2025-10-21 17:41:38.388604 - rocketbot - INFO - request: 022_IngresoFacturaSiesa : line 1.6.2 - rpasystem : setVar  id: 65033dbc-3443-4d5f-9eac-c7aa41005595 -  - {loc022ItemActual}[1]
2025-10-21 17:41:38.451112 - rocketbot - INFO - request: 022_IngresoFacturaSiesa : line 1.6.3 - rpadesktop : send_keys  id: 6be04214-4021-5890-6572-ba4980d87137 -  - {"text":"{loc022ValorOpcion}"}
2025-10-21 17:41:38.794871 - rocketbot - INFO - request: 022_IngresoFacturaSiesa : line 1.6.4 - rpascripts : module  id: 1624a967-1efa-8e0b-f9f3-c9519a6a3c42 -  - {"module_name":"sendToLogs","module":"sendText","path":"{gblRutaLogs}","infoType":"trace","text":"A continuacion se ingresara la informacion en el aplicativo Siesa 8.5. Opcion en la que se ingresara la informacion: {loc022NombreOpcion}. Valor que se ingresara: {loc022ValorOpcion}"}
2025-10-21 17:41:39.154260 - rocketbot - INFO - request: 022_IngresoFacturaSiesa : line 1.6.5 - rpasystem : wait  id: 0c7fed35-b382-d9d8-ace3-1ce877583b8a -  - 1
2025-10-21 17:41:40.169919 - rocketbot - INFO - request: 022_IngresoFacturaSiesa : line 1.6 - rpalogic : for  id: 29eb5feb-8b91-a873-f1f2-3aa7ae3df98e -  - {"iterable":"{loc022ListaIngresoInformacion}","count":4}
2025-10-21 17:41:40.169919 - rocketbot - INFO - For count: 4
2025-10-21 17:41:40.685570 - rocketbot - INFO - request: 022_IngresoFacturaSiesa : line 1.7 - rpascripts : module  id: 22f660a1-9920-3b46-8c5e-5b46e1e111b9 -  - {"module_name":"sendToLogs","module":"sendText","path":"{gblRutaLogs}","infoType":"trace","text":"Se envio un enter para confirmar el numero de documento ingresado"}
2025-10-21 17:41:40.951203 - rocketbot - INFO - request: 022_IngresoFacturaSiesa : line 1.8 - rpadesktop : send_keys  id: 6efa36a2-c5e5-11e9-84fe-a3dd0f10f4be -  - {"key":"ENTER"}
2025-10-21 17:41:41.060582 - rocketbot - INFO - request: 022_IngresoFacturaSiesa : line 1.9 - rpasystem : wait  id: 04edb12e-ff30-113e-182c-8f765c1c0fa5 -  - 1
2025-10-21 17:41:42.388756 - rocketbot - INFO - request: 022_IngresoFacturaSiesa : line 1.10 - rpadesktop : send_keys  id: 76d049ad-15e0-5554-2b9e-72d15dde9402 -  - {"text":"2"}
2025-10-21 17:41:42.654391 - rocketbot - INFO - request: 022_IngresoFacturaSiesa : line 1.11 - rpasystem : wait  id: 25626bbd-0d69-5894-daec-effff4debadb -  - 1
2025-10-21 17:41:43.654430 - rocketbot - INFO - request: scripts : execRocketBotDB : line 1.12 - - 004_ObtenerInformacionDePantallaSiesa8.5
2025-10-21 17:41:43.654430 - rocketbot - INFO - request: 004_ObtenerInformacionDePantallaSiesa8.5 : line 1 - rpalogic : trycatch  id: fa7c7061-0859-fcb6-9723-125ee17cc020 -  - 
2025-10-21 17:41:43.654430 - rocketbot - INFO - request: 004_ObtenerInformacionDePantallaSiesa8.5 : line 1.1 - rpasystem : setVar  id: a0717771-b651-c0cf-891f-3edb9bd05bbe -  - False
2025-10-21 17:41:43.654430 - rocketbot - INFO - request: 004_ObtenerInformacionDePantallaSiesa8.5 : line 1.2 - rpascripts : module  id: 1423ff36-a9f9-bfc7-a676-1688d9bd5ea4 -  - {"module_name":"Vortex-Utils","module":"sendText","path":"{gblRutaLogs}","infoType":"info","text":"Se va a extraer el texto de la pantalla de Siesa8.5."}
2025-10-21 17:41:43.670056 - rocketbot - INFO - request: 004_ObtenerInformacionDePantallaSiesa8.5 : line 1.3 - rpasystem : wait  id: f7cbe75d-c290-455d-ef71-5aed7486c17e -  - 1
2025-10-21 17:41:44.685721 - rocketbot - INFO - request: 004_ObtenerInformacionDePantallaSiesa8.5 : line 1.4 - rpadesktop : send_keys  id: 17f67f4b-e9fc-4d46-0818-18407aa74b2a -  - {"text":"%{SPACE}"}
2025-10-21 17:41:44.873228 - rocketbot - INFO - request: 004_ObtenerInformacionDePantallaSiesa8.5 : line 1.5 - rpascripts : module  id: 006abc75-e673-6c2d-31c3-24bd51157cf8 -  - {"module_name":"Vortex-Utils","module":"sendText","path":"{gblRutaLogs}","infoType":"trace","text":"Se abre menu contextual."}
2025-10-21 17:41:44.904485 - rocketbot - INFO - request: 004_ObtenerInformacionDePantallaSiesa8.5 : line 1.6 - rpasystem : wait  id: 30428fbb-ffa5-73dc-0be2-2608b4c0cc24 -  - 1
2025-10-21 17:41:45.904527 - rocketbot - INFO - request: 004_ObtenerInformacionDePantallaSiesa8.5 : line 1.7 - rpadesktop : send_keys  id: 251f900c-e1d9-ea83-dff5-c2baf916fe7f -  - {"text":"o"}
2025-10-21 17:41:45.967021 - rocketbot - INFO - request: 004_ObtenerInformacionDePantallaSiesa8.5 : line 1.8 - rpascripts : module  id: a40c5f60-941b-be13-5d67-86a2ebeb3c04 -  - {"module_name":"Vortex-Utils","module":"sendText","path":"{gblRutaLogs}","infoType":"trace","text":"Copiar al portapapeles."}
2025-10-21 17:41:45.967021 - rocketbot - INFO - request: 004_ObtenerInformacionDePantallaSiesa8.5 : line 1.9 - rpasystem : wait  id: dd7d7ecd-aaeb-fd97-889a-79d99f19bd89 -  - 1
2025-10-21 17:41:46.967060 - rocketbot - INFO - request: 004_ObtenerInformacionDePantallaSiesa8.5 : line 1.10 - rpascripts : module  id: 48a1d356-892b-85e1-72ac-998173bbea84 -  - {"module_name":"clipboard","module":"getClipboard","var_":"gblInfoPantalla"}
2025-10-21 17:41:47.029566 - rocketbot - INFO - request: 004_ObtenerInformacionDePantallaSiesa8.5 : line 1.11 - rpasystem : setVar  id: f2ff01d2-d37a-8119-ca89-51981835da8c -  - True
2025-10-21 17:41:47.342087 - rocketbot - INFO - request: 022_IngresoFacturaSiesa : line 1.13 - rpalogic : evaluateIf  id: 9d090eb6-bfbd-8b83-99d4-c41f02f3350c -  - """{gblInfoPantalla}""" != ""
2025-10-21 17:41:47.607714 - rocketbot - INFO - request: 022_IngresoFacturaSiesa : line 1.13.1 - rpascripts : execscriptpython  id: a09c2704-b0f5-b0b6-9c83-23198dc548b8 -  - from VortexLibrary import logger\n\n# Configuración inicial del logger\nlogger.log_path = GetVar("gblRutaLogs")  # Usa GetVar para obtener el valor real\nlogger.task_name = tmp_global_obj["profile"]["name"]\n\n# Obtenemos la información copiada de Siesa 8.5\ntexto = GetVar("gblInfoPantalla")\nlogger.info("Se obtiene la información del portapapeles")\n\n# Convertimos el texto obtenido de Siesa a minúsculas para trabajar con un mismo tipo de letra\ntexto = texto.lower()\n\n# Se busca la palabra de referencia 'empresa' para identificar la correcta navegación\npalabra_referencia = texto.find("contabilizacion")\n\nif palabra_referencia != -1:\n    logger.info("Se encontró la palabra de referencia 'contabilizacion' en la información procesada del aplicativo Siesa, la navegación se realizó exitosamente")\n    SetVar("loc022ContinuarProceso", True)\nelse:\n    logger.info("No fue posible encontrar la palabra de referencia 'contabilizacion', la navegación no se realizó con éxito")  # <-- corregido 'logge' y 'Emprsea'\n    SetVar("loc022ContinuarProceso", False)
2025-10-21 17:41:47.842099 - rocketbot - INFO - request: 022_IngresoFacturaSiesa : line 1.14 - rpalogic : evaluateIf  id: 32410a28-3fe1-da5e-8f7e-961a22059976 -  - not {loc022ContinuarProceso}
2025-10-21 17:41:48.029602 - rocketbot - INFO - request: 022_IngresoFacturaSiesa : line 1.15 - rpasystem : setVar  id: 95751de0-5dbf-b255-96db-e536c8e4db61 -  - True
2025-10-21 17:44:04.550559 - rocketbot - INFO - request: 022_IngresoFacturaSiesa : line 1.1 - rpascripts : module  id: 2e0d824f-eef5-b5eb-c8c9-8f5fc8367b4a -  - {"module_name":"System++","module":"cleanVars","vars":"loc022ListaIngresoInformacion,loc022ItemActual,loc022ValorOpcion,loc022NombreOpcion,loc022ContinuarProceso"}
